\BOOKMARK [1][-]{section.0.1}{Introduction}{}% 1
\BOOKMARK [2][-]{subsection.0.1.1}{Context \046 motivation}{section.0.1}% 2
\BOOKMARK [2][-]{subsection.0.1.2}{Methodology and contributions}{section.0.1}% 3
\BOOKMARK [2][-]{subsection.0.1.3}{Organization of the thesis}{section.0.1}% 4
\BOOKMARK [0][-]{chapter.1}{State of the art bregellhardware2015}{}% 5
\BOOKMARK [1][-]{section.1.1}{Introduction}{chapter.1}% 6
\BOOKMARK [1][-]{section.1.2}{IoT Hardware and software platforms}{chapter.1}% 7
\BOOKMARK [2][-]{subsection.1.2.1}{Software platform: Operating systems}{section.1.2}% 8
\BOOKMARK [3][-]{subsubsection.1.2.1.1}{Contiki}{subsection.1.2.1}% 9
\BOOKMARK [3][-]{subsubsection.1.2.1.2}{RIOT}{subsection.1.2.1}% 10
\BOOKMARK [3][-]{subsubsection.1.2.1.3}{TinyOS}{subsection.1.2.1}% 11
\BOOKMARK [3][-]{subsubsection.1.2.1.4}{freeRTOS}{subsection.1.2.1}% 12
\BOOKMARK [2][-]{subsection.1.2.2}{Hardware platform}{section.1.2}% 13
\BOOKMARK [3][-]{subsubsection.1.2.2.1}{OpenMote}{subsection.1.2.2}% 14
\BOOKMARK [3][-]{subsubsection.1.2.2.2}{MSB430-H}{subsection.1.2.2}% 15
\BOOKMARK [3][-]{subsubsection.1.2.2.3}{Zolertia}{subsection.1.2.2}% 16
\BOOKMARK [2][-]{subsection.1.2.3}{Communication protocol}{section.1.2}% 17
\BOOKMARK [3][-]{subsubsection.1.2.3.1}{IEEE 802.15.4}{subsection.1.2.3}% 18
\BOOKMARK [3][-]{subsubsection.1.2.3.2}{Bluetooth LE}{subsection.1.2.3}% 19
\BOOKMARK [3][-]{subsubsection.1.2.3.3}{LoaraWAN}{subsection.1.2.3}% 20
