\BOOKMARK [0][-]{part.1}{1 Introduction}{}% 1
\BOOKMARK [1][-]{section.1.1}{Context and motivation}{part.1}% 2
\BOOKMARK [1][-]{section.1.2}{Methodology and contributions}{part.1}% 3
\BOOKMARK [1][-]{section.1.3}{Organization of the thesis}{part.1}% 4
\BOOKMARK [0][-]{part.2}{2 State of the art}{}% 5
\BOOKMARK [1][-]{section.2.1}{IoT use cases bregellhardware2015}{part.2}% 6
\BOOKMARK [2][-]{subsection.2.1.1}{Transportation and logistics}{section.2.1}% 7
\BOOKMARK [2][-]{subsection.2.1.2}{Healthcare}{section.2.1}% 8
\BOOKMARK [2][-]{subsection.2.1.3}{Smart environnement}{section.2.1}% 9
\BOOKMARK [2][-]{subsection.2.1.4}{personal and social}{section.2.1}% 10
\BOOKMARK [2][-]{subsection.2.1.5}{Futuristic}{section.2.1}% 11
\BOOKMARK [2][-]{subsection.2.1.6}{Summary and discussion}{section.2.1}% 12
\BOOKMARK [1][-]{section.2.2}{IoT Sensors}{part.2}% 13
\BOOKMARK [2][-]{subsection.2.2.1}{Software platform}{section.2.2}% 14
\BOOKMARK [3][-]{subsubsection.2.2.1.1}{Contiki}{subsection.2.2.1}% 15
\BOOKMARK [3][-]{subsubsection.2.2.1.2}{RIOT}{subsection.2.2.1}% 16
\BOOKMARK [3][-]{subsubsection.2.2.1.3}{TinyOS}{subsection.2.2.1}% 17
\BOOKMARK [3][-]{subsubsection.2.2.1.4}{freeRTOS}{subsection.2.2.1}% 18
\BOOKMARK [3][-]{table.caption.13}{SDN platforms}{subsection.2.2.1}% 19
\BOOKMARK [3][-]{table.caption.17}{Summary and conclusion}{subsection.2.2.1}% 20
\BOOKMARK [2][-]{subsection.2.2.2}{Hardware platform}{section.2.2}% 21
\BOOKMARK [3][-]{figure.caption.18}{Processing Unit}{subsection.2.2.2}% 22
\BOOKMARK [3][-]{subsubsection.2.2.2.2}{Radio Unit}{subsection.2.2.2}% 23
\BOOKMARK [3][-]{subsubsection.2.2.2.3}{Sensing Unit}{subsection.2.2.2}% 24
\BOOKMARK [2][-]{subsection.2.2.3}{Summary and discussion}{section.2.2}% 25
\BOOKMARK [1][-]{section.2.3}{IoT Communication protocols}{part.2}% 26
\BOOKMARK [2][-]{subsection.2.3.1}{Application}{section.2.3}% 27
\BOOKMARK [3][-]{subsubsection.2.3.1.1}{LwM2M}{subsection.2.3.1}% 28
\BOOKMARK [3][-]{subsubsection.2.3.1.2}{CBOR}{subsection.2.3.1}% 29
\BOOKMARK [3][-]{subsubsection.2.3.1.3}{DTLS}{subsection.2.3.1}% 30
\BOOKMARK [3][-]{subsubsection.2.3.1.4}{OSCOAP}{subsection.2.3.1}% 31
\BOOKMARK [3][-]{subsubsection.2.3.1.5}{COAP \(COnstrained Application Protocol\)}{subsection.2.3.1}% 32
\BOOKMARK [3][-]{subsubsection.2.3.1.6}{MQTT}{subsection.2.3.1}% 33
\BOOKMARK [3][-]{subsubsection.2.3.1.7}{XMPP}{subsection.2.3.1}% 34
\BOOKMARK [3][-]{subsubsection.2.3.1.8}{AMQP}{subsection.2.3.1}% 35
\BOOKMARK [3][-]{subsubsection.2.3.1.9}{DDS}{subsection.2.3.1}% 36
\BOOKMARK [3][-]{subsubsection.2.3.1.10}{mDNS}{subsection.2.3.1}% 37
\BOOKMARK [2][-]{subsection.2.3.2}{Network}{section.2.3}% 38
\BOOKMARK [3][-]{subsubsection.2.3.2.1}{6TiSCH}{subsection.2.3.2}% 39
\BOOKMARK [3][-]{subsubsection.2.3.2.2}{OLSRv2}{subsection.2.3.2}% 40
\BOOKMARK [3][-]{subsubsection.2.3.2.3}{AODVv2}{subsection.2.3.2}% 41
\BOOKMARK [3][-]{subsubsection.2.3.2.4}{LoRaWAN}{subsection.2.3.2}% 42
\BOOKMARK [3][-]{subsubsection.2.3.2.5}{ROHC}{subsection.2.3.2}% 43
\BOOKMARK [3][-]{subsubsection.2.3.2.6}{IPHC}{subsection.2.3.2}% 44
\BOOKMARK [3][-]{subsubsection.2.3.2.7}{SCHC}{subsection.2.3.2}% 45
\BOOKMARK [3][-]{subsubsection.2.3.2.8}{NHC}{subsection.2.3.2}% 46
\BOOKMARK [3][-]{subsubsection.2.3.2.9}{ROLL}{subsection.2.3.2}% 47
\BOOKMARK [3][-]{subsubsection.2.3.2.10}{RPL}{subsection.2.3.2}% 48
\BOOKMARK [3][-]{subsubsection.2.3.2.11}{6LowPAN}{subsection.2.3.2}% 49
\BOOKMARK [2][-]{subsection.2.3.3}{MAC}{section.2.3}% 50
\BOOKMARK [3][-]{subsubsection.2.3.3.1}{Sharing the channel}{subsection.2.3.3}% 51
\BOOKMARK [3][-]{subsubsection.2.3.3.2}{Transmitting information}{subsection.2.3.3}% 52
\BOOKMARK [2][-]{subsection.2.3.4}{Radio}{section.2.3}% 53
\BOOKMARK [3][-]{subsubsection.2.3.4.1}{Digital modulation}{subsection.2.3.4}% 54
\BOOKMARK [3][-]{subsubsection.2.3.4.2}{Hierarchical modulation}{subsection.2.3.4}% 55
\BOOKMARK [3][-]{subsubsection.2.3.4.3}{Spread spectrum}{subsection.2.3.4}% 56
\BOOKMARK [2][-]{subsection.2.3.5}{Summary and discussion}{section.2.3}% 57
\BOOKMARK [1][-]{section.2.4}{IoT Norms \046 Standards}{part.2}% 58
\BOOKMARK [2][-]{subsection.2.4.1}{SigFox}{section.2.4}% 59
\BOOKMARK [2][-]{subsection.2.4.2}{IETF}{section.2.4}% 60
\BOOKMARK [3][-]{subsubsection.2.4.2.1}{6LoWPAN}{subsection.2.4.2}% 61
\BOOKMARK [2][-]{subsection.2.4.3}{3GPP}{section.2.4}% 62
\BOOKMARK [3][-]{subsubsection.2.4.3.1}{NB-IoT}{subsection.2.4.3}% 63
\BOOKMARK [3][-]{subsubsection.2.4.3.2}{EC-GSM}{subsection.2.4.3}% 64
\BOOKMARK [3][-]{subsubsection.2.4.3.3}{e-MTC}{subsection.2.4.3}% 65
\BOOKMARK [2][-]{subsection.2.4.4}{IEEE}{section.2.4}% 66
\BOOKMARK [3][-]{subsubsection.2.4.4.1}{IEEE 802.11}{subsection.2.4.4}% 67
\BOOKMARK [3][-]{subsubsection.2.4.4.2}{IEEE 802.15.4}{subsection.2.4.4}% 68
\BOOKMARK [3][-]{subsubsection.2.4.4.3}{ZigBee}{subsection.2.4.4}% 69
\BOOKMARK [2][-]{subsection.2.4.5}{LoaraWAN}{section.2.4}% 70
\BOOKMARK [3][-]{subsubsection.2.4.5.1}{ALIANCE}{subsection.2.4.5}% 71
\BOOKMARK [3][-]{figure.caption.42}{SEMTECH}{subsection.2.4.5}% 72
\BOOKMARK [2][-]{subsection.2.4.6}{Divers}{section.2.4}% 73
\BOOKMARK [3][-]{subsubsection.2.4.6.1}{IPLC}{subsection.2.4.6}% 74
\BOOKMARK [3][-]{subsubsection.2.4.6.2}{BACnet}{subsection.2.4.6}% 75
\BOOKMARK [3][-]{subsubsection.2.4.6.3}{Z-WAze}{subsection.2.4.6}% 76
\BOOKMARK [3][-]{subsubsection.2.4.6.4}{Bluetooth LE}{subsection.2.4.6}% 77
\BOOKMARK [2][-]{subsection.2.4.7}{Summary and discussion}{section.2.4}% 78
\BOOKMARK [1][-]{section.2.5}{IoT SDN}{part.2}% 79
\BOOKMARK [2][-]{subsection.2.5.1}{Appication}{section.2.5}% 80
\BOOKMARK [2][-]{subsection.2.5.2}{Controle}{section.2.5}% 81
\BOOKMARK [2][-]{subsection.2.5.3}{Data}{section.2.5}% 82
\BOOKMARK [2][-]{subsection.2.5.4}{Summary and discussion}{section.2.5}% 83
\BOOKMARK [1][-]{section.2.6}{IoT Security}{part.2}% 84
\BOOKMARK [2][-]{subsection.2.6.1}{Application}{section.2.6}% 85
\BOOKMARK [3][-]{subsubsection.2.6.1.1}{MQTTS}{subsection.2.6.1}% 86
\BOOKMARK [3][-]{subsubsection.2.6.1.2}{Blockchain}{subsection.2.6.1}% 87
\BOOKMARK [2][-]{subsection.2.6.2}{Network}{section.2.6}% 88
\BOOKMARK [2][-]{subsection.2.6.3}{MAC/Radio}{section.2.6}% 89
\BOOKMARK [3][-]{subsubsection.2.6.3.1}{LoraWan}{subsection.2.6.3}% 90
\BOOKMARK [3][-]{subsubsection.2.6.3.2}{Zigbee}{subsection.2.6.3}% 91
\BOOKMARK [3][-]{subsubsection.2.6.3.3}{802.15.4}{subsection.2.6.3}% 92
\BOOKMARK [2][-]{subsection.2.6.4}{Summary and discussion}{section.2.6}% 93
\BOOKMARK [0][-]{part.3}{3 x-Testbed}{}% 94
\BOOKMARK [1][-]{section.3.1}{Introduction bregellhardware2015}{part.3}% 95
\BOOKMARK [2][-]{subsection.3.1.1}{problem statement}{section.3.1}% 96
\BOOKMARK [2][-]{subsection.3.1.2}{Background}{section.3.1}% 97
\BOOKMARK [2][-]{subsection.3.1.3}{Purpose \(Goal\)}{section.3.1}% 98
\BOOKMARK [2][-]{subsection.3.1.4}{Limitations}{section.3.1}% 99
\BOOKMARK [2][-]{subsection.3.1.5}{Method}{section.3.1}% 100
\BOOKMARK [1][-]{section.3.2}{Related work}{part.3}% 101
\BOOKMARK [1][-]{section.3.3}{Background}{part.3}% 102
\BOOKMARK [2][-]{subsection.3.3.1}{Hardware}{section.3.3}% 103
\BOOKMARK [2][-]{subsection.3.3.2}{Operating system}{section.3.3}% 104
\BOOKMARK [2][-]{subsection.3.3.3}{Communication protocol}{section.3.3}% 105
\BOOKMARK [2][-]{subsection.3.3.4}{Workspace and tools}{section.3.3}% 106
\BOOKMARK [1][-]{section.3.4}{Proposed ...}{part.3}% 107
\BOOKMARK [2][-]{subsection.3.4.1}{Drivers and firmware}{section.3.4}% 108
\BOOKMARK [2][-]{subsection.3.4.2}{CoAP server}{section.3.4}% 109
\BOOKMARK [3][-]{subsubsection.3.4.2.1}{Testing}{subsection.3.4.2}% 110
\BOOKMARK [3][-]{subsubsection.3.4.2.2}{Final prototype}{subsection.3.4.2}% 111
\BOOKMARK [1][-]{section.3.5}{Experimentation}{part.3}% 112
\BOOKMARK [2][-]{subsection.3.5.1}{Range}{section.3.5}% 113
\BOOKMARK [2][-]{subsection.3.5.2}{Response time}{section.3.5}% 114
\BOOKMARK [2][-]{subsection.3.5.3}{Connection speed}{section.3.5}% 115
\BOOKMARK [2][-]{subsection.3.5.4}{Power consumption}{section.3.5}% 116
\BOOKMARK [1][-]{section.3.6}{Results}{part.3}% 117
\BOOKMARK [2][-]{subsection.3.6.1}{Range}{section.3.6}% 118
\BOOKMARK [2][-]{subsection.3.6.2}{Response time}{section.3.6}% 119
\BOOKMARK [2][-]{subsection.3.6.3}{Connection speed}{section.3.6}% 120
\BOOKMARK [2][-]{subsection.3.6.4}{Power consumption}{section.3.6}% 121
\BOOKMARK [2][-]{subsection.3.6.5}{Project execution}{section.3.6}% 122
\BOOKMARK [1][-]{section.3.7}{Discussion}{part.3}% 123
\BOOKMARK [0][-]{part.4}{4 x-Sentilo}{}% 124
\BOOKMARK [1][-]{section.4.1}{Introduction joseignaciocontiki2016}{part.4}% 125
\BOOKMARK [2][-]{subsection.4.1.1}{Problem Statement}{section.4.1}% 126
\BOOKMARK [2][-]{subsection.4.1.2}{Background}{section.4.1}% 127
\BOOKMARK [2][-]{subsection.4.1.3}{Purpose \(Goal\)}{section.4.1}% 128
\BOOKMARK [2][-]{subsection.4.1.4}{Limitations}{section.4.1}% 129
\BOOKMARK [2][-]{subsection.4.1.5}{Method}{section.4.1}% 130
\BOOKMARK [1][-]{section.4.2}{Related work}{part.4}% 131
\BOOKMARK [1][-]{section.4.3}{Background}{part.4}% 132
\BOOKMARK [1][-]{section.4.4}{Proposed}{part.4}% 133
\BOOKMARK [2][-]{subsection.4.4.1}{Definitions}{section.4.4}% 134
\BOOKMARK [2][-]{subsection.4.4.2}{Sentilo Architecture}{section.4.4}% 135
\BOOKMARK [3][-]{subsubsection.4.4.2.1}{PubSub Server}{subsection.4.4.2}% 136
\BOOKMARK [3][-]{subsubsection.4.4.2.2}{Web Catalog Application}{subsection.4.4.2}% 137
\BOOKMARK [3][-]{subsubsection.4.4.2.3}{Extensions \(Agents\)}{subsection.4.4.2}% 138
\BOOKMARK [2][-]{subsection.4.4.3}{Sentilo structure}{section.4.4}% 139
\BOOKMARK [2][-]{subsection.4.4.4}{Sentilo API}{section.4.4}% 140
\BOOKMARK [1][-]{section.4.5}{Experimentation}{part.4}% 141
\BOOKMARK [2][-]{subsection.4.5.1}{Sensor Network}{section.4.5}% 142
\BOOKMARK [3][-]{subsubsection.4.5.1.1}{Border Router}{subsection.4.5.1}% 143
\BOOKMARK [3][-]{subsubsection.4.5.1.2}{Nodes}{subsection.4.5.1}% 144
\BOOKMARK [2][-]{subsection.4.5.2}{Network connector}{section.4.5}% 145
\BOOKMARK [3][-]{subsubsection.4.5.2.1}{Application workflow}{subsection.4.5.2}% 146
\BOOKMARK [3][-]{subsubsection.4.5.2.2}{Sensor registration}{subsection.4.5.2}% 147
\BOOKMARK [3][-]{subsubsection.4.5.2.3}{Sensor data publish}{subsection.4.5.2}% 148
\BOOKMARK [1][-]{section.4.6}{Results}{part.4}% 149
\BOOKMARK [2][-]{subsection.4.6.1}{Range}{section.4.6}% 150
\BOOKMARK [2][-]{subsection.4.6.2}{Response time}{section.4.6}% 151
\BOOKMARK [2][-]{subsection.4.6.3}{Connection speed}{section.4.6}% 152
\BOOKMARK [2][-]{subsection.4.6.4}{Power consumption}{section.4.6}% 153
\BOOKMARK [1][-]{section.4.7}{Discussion}{part.4}% 154
\BOOKMARK [2][-]{subsection.4.7.1}{Future lines of work}{section.4.7}% 155
\BOOKMARK [0][-]{part.5}{5 x-Long paper}{}% 156
\BOOKMARK [1][-]{section.5.1}{Introduction}{part.5}% 157
\BOOKMARK [1][-]{section.5.2}{Related work}{part.5}% 158
\BOOKMARK [2][-]{subsection.5.2.1}{LoRa Overview}{section.5.2}% 159
\BOOKMARK [3][-]{subsubsection.5.2.1.1}{Bandwidth \(BW\):}{subsection.5.2.1}% 160
\BOOKMARK [3][-]{subsubsection.5.2.1.2}{Carrier Frequency \(CF\):}{subsection.5.2.1}% 161
\BOOKMARK [3][-]{subsubsection.5.2.1.3}{Coding Rate \(CR\):}{subsection.5.2.1}% 162
\BOOKMARK [3][-]{subsubsection.5.2.1.4}{Spreading Factor \(SF\):}{subsection.5.2.1}% 163
\BOOKMARK [2][-]{subsection.5.2.2}{From Experimental Measurements to Simulations}{section.5.2}% 164
\BOOKMARK [2][-]{subsection.5.2.3}{LoRa Evaluation and Limits}{section.5.2}% 165
\BOOKMARK [2][-]{subsection.5.2.4}{LoRa Network Deployment Strategies}{section.5.2}% 166
\BOOKMARK [1][-]{section.5.3}{Background}{part.5}% 167
\BOOKMARK [1][-]{section.5.4}{Approach}{part.5}% 168
\BOOKMARK [2][-]{subsection.5.4.1}{Spectrum}{section.5.4}% 169
\BOOKMARK [2][-]{subsection.5.4.2}{LoRa Modulation}{section.5.4}% 170
\BOOKMARK [2][-]{subsection.5.4.3}{Spreading Factors Orthogonality}{section.5.4}% 171
\BOOKMARK [2][-]{subsection.5.4.4}{LoRa SX1276 and SX1301 Transceivers}{section.5.4}% 172
\BOOKMARK [2][-]{subsection.5.4.5}{MAC and Application Layers}{section.5.4}% 173
\BOOKMARK [2][-]{subsection.5.4.6}{Deployment Scenarios}{section.5.4}% 174
\BOOKMARK [1][-]{section.5.5}{Experimentation}{part.5}% 175
\BOOKMARK [1][-]{section.5.6}{Results exploitation}{part.5}% 176
\BOOKMARK [2][-]{subsection.5.6.1}{Deployment Scenarios and Assumptions}{section.5.6}% 177
\BOOKMARK [2][-]{subsection.5.6.2}{Homogeneous Deployments Scenarios}{section.5.6}% 178
\BOOKMARK [2][-]{subsection.5.6.3}{Heterogeneous vs. Homogeneous Deployment Scenarios}{section.5.6}% 179
\BOOKMARK [2][-]{subsection.5.6.4}{Application Period and Packet Duration vs. ERC Regulations}{section.5.6}% 180
\BOOKMARK [1][-]{section.5.7}{Conclusion}{part.5}% 181
\BOOKMARK [0][-]{part.6}{6 Genetic Algorithm For LoRa Transmission Parameter Selection}{}% 182
\BOOKMARK [1][-]{section.6.1}{Introduction}{part.6}% 183
\BOOKMARK [1][-]{section.6.2}{Related work}{part.6}% 184
\BOOKMARK [1][-]{section.6.3}{Methodology}{part.6}% 185
\BOOKMARK [1][-]{section.6.4}{Experimentation}{part.6}% 186
\BOOKMARK [1][-]{section.6.5}{Discussion}{part.6}% 187
\BOOKMARK [0][-]{part.7}{7 Template}{}% 188
\BOOKMARK [1][-]{section.7.1}{Introduction}{part.7}% 189
\BOOKMARK [2][-]{subsection.7.1.1}{Problem Statement}{section.7.1}% 190
\BOOKMARK [2][-]{subsection.7.1.2}{Background}{section.7.1}% 191
\BOOKMARK [2][-]{subsection.7.1.3}{Purpose \(Goal\)}{section.7.1}% 192
\BOOKMARK [2][-]{subsection.7.1.4}{Limitations}{section.7.1}% 193
\BOOKMARK [2][-]{subsection.7.1.5}{Method}{section.7.1}% 194
\BOOKMARK [1][-]{section.7.2}{Related work}{part.7}% 195
\BOOKMARK [1][-]{section.7.3}{Approach}{part.7}% 196
\BOOKMARK [1][-]{section.7.4}{Experimentation}{part.7}% 197
\BOOKMARK [1][-]{section.7.5}{Results exploitation}{part.7}% 198
\BOOKMARK [2][-]{subsection.7.5.1}{Range}{section.7.5}% 199
\BOOKMARK [2][-]{subsection.7.5.2}{Response time}{section.7.5}% 200
\BOOKMARK [2][-]{subsection.7.5.3}{Connection speed}{section.7.5}% 201
\BOOKMARK [2][-]{subsection.7.5.4}{Power consumption}{section.7.5}% 202
\BOOKMARK [1][-]{section.7.6}{Conclusion}{part.7}% 203
\BOOKMARK [0][-]{part.8}{8 Conclusion}{}% 204
\BOOKMARK [1][-]{section.8.1}{Conclusion}{part.8}% 205
\BOOKMARK [1][-]{section.8.2}{Perspectives}{part.8}% 206
\BOOKMARK [0][-]{part.9}{9 Survey Platforms}{}% 207
\BOOKMARK [1][-]{section.9.1}{By Cloud}{part.9}% 208
\BOOKMARK [0][-]{part.10}{10 Survey Protocols}{}% 209
\BOOKMARK [1][-]{section.10.1}{By Paquet}{part.10}% 210
\BOOKMARK [2][-]{subsection.10.1.1}{CoAP}{section.10.1}% 211
\BOOKMARK [2][-]{subsection.10.1.2}{MQTT}{section.10.1}% 212
\BOOKMARK [2][-]{subsection.10.1.3}{XMPP}{section.10.1}% 213
\BOOKMARK [2][-]{subsection.10.1.4}{AMQP}{section.10.1}% 214
\BOOKMARK [2][-]{subsection.10.1.5}{DDS}{section.10.1}% 215
\BOOKMARK [2][-]{subsection.10.1.6}{mDNS}{section.10.1}% 216
\BOOKMARK [2][-]{subsection.10.1.7}{Lora}{section.10.1}% 217
\BOOKMARK [1][-]{section.10.2}{By Technologies}{part.10}% 218
\BOOKMARK [1][-]{section.10.3}{Divers}{part.10}% 219
\BOOKMARK [0][-]{part.11}{11 Survey Papers}{}% 220
\BOOKMARK [1][-]{section.11.1}{By Papers}{part.11}% 221
