\BOOKMARK [0][-]{part.1}{1 Introduction}{}% 1
\BOOKMARK [1][-]{section.1.1}{Context and motivation}{part.1}% 2
\BOOKMARK [1][-]{section.1.2}{Methodology and contributions}{part.1}% 3
\BOOKMARK [1][-]{section.1.3}{Organization of the thesis}{part.1}% 4
\BOOKMARK [0][-]{part.2}{2 State of the art}{}% 5
\BOOKMARK [1][-]{section.2.1}{IoT Applications requirements bregellhardware2015}{part.2}% 6
\BOOKMARK [2][-]{subsection.2.1.1}{Transportation and logistics}{section.2.1}% 7
\BOOKMARK [2][-]{subsection.2.1.2}{Healthcare}{section.2.1}% 8
\BOOKMARK [2][-]{subsection.2.1.3}{Smart environnement}{section.2.1}% 9
\BOOKMARK [2][-]{subsection.2.1.4}{personal and social}{section.2.1}% 10
\BOOKMARK [2][-]{subsection.2.1.5}{Futuristic}{section.2.1}% 11
\BOOKMARK [2][-]{subsection.2.1.6}{Summary and discussion}{section.2.1}% 12
\BOOKMARK [1][-]{section.2.2}{IoT Sensors}{part.2}% 13
\BOOKMARK [2][-]{subsection.2.2.1}{OS platform}{section.2.2}% 14
\BOOKMARK [3][-]{subsubsection.2.2.1.1}{Contiki}{subsection.2.2.1}% 15
\BOOKMARK [3][-]{subsubsection.2.2.1.2}{RIOT}{subsection.2.2.1}% 16
\BOOKMARK [3][-]{subsubsection.2.2.1.3}{TinyOS}{subsection.2.2.1}% 17
\BOOKMARK [3][-]{subsubsection.2.2.1.4}{freeRTOS}{subsection.2.2.1}% 18
\BOOKMARK [3][-]{table.caption.15}{SDN platforms}{subsection.2.2.1}% 19
\BOOKMARK [3][-]{table.caption.18}{Summary and conclusion}{subsection.2.2.1}% 20
\BOOKMARK [2][-]{subsection.2.2.2}{Processing Unit}{section.2.2}% 21
\BOOKMARK [3][-]{subsubsection.2.2.2.1}{OpenMote}{subsection.2.2.2}% 22
\BOOKMARK [3][-]{subsubsection.2.2.2.2}{MSB430-H}{subsection.2.2.2}% 23
\BOOKMARK [3][-]{subsubsection.2.2.2.3}{Zolertia}{subsection.2.2.2}% 24
\BOOKMARK [2][-]{subsection.2.2.3}{Radio Unit}{section.2.2}% 25
\BOOKMARK [3][-]{subsubsection.2.2.3.1}{Lora Tranceiver}{subsection.2.2.3}% 26
\BOOKMARK [2][-]{subsection.2.2.4}{Sensing Unit}{section.2.2}% 27
\BOOKMARK [2][-]{subsection.2.2.5}{Summary and discussion}{section.2.2}% 28
\BOOKMARK [1][-]{section.2.3}{IoT Communication protocols}{part.2}% 29
\BOOKMARK [2][-]{subsection.2.3.1}{Application}{section.2.3}% 30
\BOOKMARK [3][-]{subsubsection.2.3.1.1}{LwM2M}{subsection.2.3.1}% 31
\BOOKMARK [3][-]{subsubsection.2.3.1.2}{CBOR}{subsection.2.3.1}% 32
\BOOKMARK [3][-]{subsubsection.2.3.1.3}{DTLS}{subsection.2.3.1}% 33
\BOOKMARK [3][-]{subsubsection.2.3.1.4}{OSCOAP}{subsection.2.3.1}% 34
\BOOKMARK [3][-]{subsubsection.2.3.1.5}{COAP \(COnstrained Application Protocol\)}{subsection.2.3.1}% 35
\BOOKMARK [3][-]{subsubsection.2.3.1.6}{MQTT}{subsection.2.3.1}% 36
\BOOKMARK [3][-]{subsubsection.2.3.1.7}{XMPP}{subsection.2.3.1}% 37
\BOOKMARK [3][-]{subsubsection.2.3.1.8}{AMQP}{subsection.2.3.1}% 38
\BOOKMARK [3][-]{subsubsection.2.3.1.9}{DDS}{subsection.2.3.1}% 39
\BOOKMARK [3][-]{subsubsection.2.3.1.10}{mDNS}{subsection.2.3.1}% 40
\BOOKMARK [2][-]{subsection.2.3.2}{Network}{section.2.3}% 41
\BOOKMARK [3][-]{subsubsection.2.3.2.1}{6TiSCH}{subsection.2.3.2}% 42
\BOOKMARK [3][-]{subsubsection.2.3.2.2}{OLSRv2}{subsection.2.3.2}% 43
\BOOKMARK [3][-]{subsubsection.2.3.2.3}{AODVv2}{subsection.2.3.2}% 44
\BOOKMARK [3][-]{subsubsection.2.3.2.4}{LoRaWAN}{subsection.2.3.2}% 45
\BOOKMARK [3][-]{subsubsection.2.3.2.5}{ROHC}{subsection.2.3.2}% 46
\BOOKMARK [3][-]{subsubsection.2.3.2.6}{IPHC}{subsection.2.3.2}% 47
\BOOKMARK [3][-]{subsubsection.2.3.2.7}{SCHC}{subsection.2.3.2}% 48
\BOOKMARK [3][-]{subsubsection.2.3.2.8}{NHC}{subsection.2.3.2}% 49
\BOOKMARK [3][-]{subsubsection.2.3.2.9}{ROLL}{subsection.2.3.2}% 50
\BOOKMARK [3][-]{subsubsection.2.3.2.10}{RPL}{subsection.2.3.2}% 51
\BOOKMARK [3][-]{subsubsection.2.3.2.11}{6LowPAN}{subsection.2.3.2}% 52
\BOOKMARK [2][-]{subsection.2.3.3}{MAC}{section.2.3}% 53
\BOOKMARK [3][-]{subsubsection.2.3.3.1}{Sharing the channel}{subsection.2.3.3}% 54
\BOOKMARK [3][-]{subsubsection.2.3.3.2}{Transmitting information}{subsection.2.3.3}% 55
\BOOKMARK [2][-]{subsection.2.3.4}{Radio}{section.2.3}% 56
\BOOKMARK [3][-]{subsubsection.2.3.4.1}{Digital modulation}{subsection.2.3.4}% 57
\BOOKMARK [3][-]{subsubsection.2.3.4.2}{Hierarchical modulation}{subsection.2.3.4}% 58
\BOOKMARK [3][-]{subsubsection.2.3.4.3}{Spread spectrum}{subsection.2.3.4}% 59
\BOOKMARK [2][-]{subsection.2.3.5}{Summary and discussion}{section.2.3}% 60
\BOOKMARK [1][-]{section.2.4}{IoT Norms \046 Standards}{part.2}% 61
\BOOKMARK [2][-]{subsection.2.4.1}{Divers}{section.2.4}% 62
\BOOKMARK [3][-]{subsubsection.2.4.1.1}{IPLC}{subsection.2.4.1}% 63
\BOOKMARK [3][-]{subsubsection.2.4.1.2}{BACnet}{subsection.2.4.1}% 64
\BOOKMARK [3][-]{subsubsection.2.4.1.3}{Z-WAze}{subsection.2.4.1}% 65
\BOOKMARK [3][-]{subsubsection.2.4.1.4}{Bluetooth LE}{subsection.2.4.1}% 66
\BOOKMARK [2][-]{subsection.2.4.2}{SigFox}{section.2.4}% 67
\BOOKMARK [2][-]{subsection.2.4.3}{IETF}{section.2.4}% 68
\BOOKMARK [3][-]{subsubsection.2.4.3.1}{6LoWPAN}{subsection.2.4.3}% 69
\BOOKMARK [2][-]{subsection.2.4.4}{3GPP}{section.2.4}% 70
\BOOKMARK [3][-]{subsubsection.2.4.4.1}{NB-IoT}{subsection.2.4.4}% 71
\BOOKMARK [3][-]{subsubsection.2.4.4.2}{EC-GSM}{subsection.2.4.4}% 72
\BOOKMARK [3][-]{subsubsection.2.4.4.3}{e-MTC}{subsection.2.4.4}% 73
\BOOKMARK [2][-]{subsection.2.4.5}{IEEE}{section.2.4}% 74
\BOOKMARK [3][-]{subsubsection.2.4.5.1}{IEEE 802.11}{subsection.2.4.5}% 75
\BOOKMARK [3][-]{subsubsection.2.4.5.2}{IEEE 802.15.4}{subsection.2.4.5}% 76
\BOOKMARK [3][-]{subsubsection.2.4.5.3}{ZigBee}{subsection.2.4.5}% 77
\BOOKMARK [2][-]{subsection.2.4.6}{LoaraWAN}{section.2.4}% 78
\BOOKMARK [3][-]{subsubsection.2.4.6.1}{ALIANCE}{subsection.2.4.6}% 79
\BOOKMARK [3][-]{figure.caption.43}{SEMTECH}{subsection.2.4.6}% 80
\BOOKMARK [2][-]{subsection.2.4.7}{Summary and discussion}{section.2.4}% 81
\BOOKMARK [1][-]{section.2.5}{IoT SDN}{part.2}% 82
\BOOKMARK [2][-]{subsection.2.5.1}{Appication}{section.2.5}% 83
\BOOKMARK [2][-]{subsection.2.5.2}{Controle}{section.2.5}% 84
\BOOKMARK [2][-]{subsection.2.5.3}{Data}{section.2.5}% 85
\BOOKMARK [2][-]{subsection.2.5.4}{Summary and discussion}{section.2.5}% 86
\BOOKMARK [1][-]{section.2.6}{IoT Security}{part.2}% 87
\BOOKMARK [2][-]{subsection.2.6.1}{Application}{section.2.6}% 88
\BOOKMARK [3][-]{subsubsection.2.6.1.1}{MQTTS}{subsection.2.6.1}% 89
\BOOKMARK [3][-]{subsubsection.2.6.1.2}{Blockchain}{subsection.2.6.1}% 90
\BOOKMARK [2][-]{subsection.2.6.2}{Network}{section.2.6}% 91
\BOOKMARK [2][-]{subsection.2.6.3}{MAC/Radio}{section.2.6}% 92
\BOOKMARK [3][-]{subsubsection.2.6.3.1}{LoraWan}{subsection.2.6.3}% 93
\BOOKMARK [3][-]{subsubsection.2.6.3.2}{Zigbee}{subsection.2.6.3}% 94
\BOOKMARK [3][-]{subsubsection.2.6.3.3}{802.15.4}{subsection.2.6.3}% 95
\BOOKMARK [2][-]{subsection.2.6.4}{Summary and discussion}{section.2.6}% 96
\BOOKMARK [0][-]{part.3}{3 Testbed}{}% 97
\BOOKMARK [1][-]{section.3.1}{Introduction bregellhardware2015}{part.3}% 98
\BOOKMARK [2][-]{subsection.3.1.1}{problem statement}{section.3.1}% 99
\BOOKMARK [2][-]{subsection.3.1.2}{Background}{section.3.1}% 100
\BOOKMARK [2][-]{subsection.3.1.3}{Purpose \(Goal\)}{section.3.1}% 101
\BOOKMARK [2][-]{subsection.3.1.4}{Limitations}{section.3.1}% 102
\BOOKMARK [2][-]{subsection.3.1.5}{Method}{section.3.1}% 103
\BOOKMARK [1][-]{section.3.2}{Related work}{part.3}% 104
\BOOKMARK [1][-]{section.3.3}{Background}{part.3}% 105
\BOOKMARK [2][-]{subsection.3.3.1}{Hardware}{section.3.3}% 106
\BOOKMARK [2][-]{subsection.3.3.2}{Operating system}{section.3.3}% 107
\BOOKMARK [2][-]{subsection.3.3.3}{Communication protocol}{section.3.3}% 108
\BOOKMARK [2][-]{subsection.3.3.4}{Workspace and tools}{section.3.3}% 109
\BOOKMARK [1][-]{section.3.4}{Proposed ...}{part.3}% 110
\BOOKMARK [2][-]{subsection.3.4.1}{Drivers and firmware}{section.3.4}% 111
\BOOKMARK [2][-]{subsection.3.4.2}{CoAP server}{section.3.4}% 112
\BOOKMARK [3][-]{subsubsection.3.4.2.1}{Testing}{subsection.3.4.2}% 113
\BOOKMARK [3][-]{subsubsection.3.4.2.2}{Final prototype}{subsection.3.4.2}% 114
\BOOKMARK [1][-]{section.3.5}{Experimentation}{part.3}% 115
\BOOKMARK [2][-]{subsection.3.5.1}{Range}{section.3.5}% 116
\BOOKMARK [2][-]{subsection.3.5.2}{Response time}{section.3.5}% 117
\BOOKMARK [2][-]{subsection.3.5.3}{Connection speed}{section.3.5}% 118
\BOOKMARK [2][-]{subsection.3.5.4}{Power consumption}{section.3.5}% 119
\BOOKMARK [1][-]{section.3.6}{Results}{part.3}% 120
\BOOKMARK [2][-]{subsection.3.6.1}{Range}{section.3.6}% 121
\BOOKMARK [2][-]{subsection.3.6.2}{Response time}{section.3.6}% 122
\BOOKMARK [2][-]{subsection.3.6.3}{Connection speed}{section.3.6}% 123
\BOOKMARK [2][-]{subsection.3.6.4}{Power consumption}{section.3.6}% 124
\BOOKMARK [2][-]{subsection.3.6.5}{Project execution}{section.3.6}% 125
\BOOKMARK [1][-]{section.3.7}{Discussion}{part.3}% 126
\BOOKMARK [0][-]{part.4}{4 Sentilo}{}% 127
\BOOKMARK [1][-]{section.4.1}{Introduction contiki2016a}{part.4}% 128
\BOOKMARK [2][-]{subsection.4.1.1}{Problem Statement}{section.4.1}% 129
\BOOKMARK [2][-]{subsection.4.1.2}{Background}{section.4.1}% 130
\BOOKMARK [2][-]{subsection.4.1.3}{Purpose \(Goal\)}{section.4.1}% 131
\BOOKMARK [2][-]{subsection.4.1.4}{Limitations}{section.4.1}% 132
\BOOKMARK [2][-]{subsection.4.1.5}{Method}{section.4.1}% 133
\BOOKMARK [1][-]{section.4.2}{Related work}{part.4}% 134
\BOOKMARK [1][-]{section.4.3}{Background}{part.4}% 135
\BOOKMARK [1][-]{section.4.4}{Proposed}{part.4}% 136
\BOOKMARK [2][-]{subsection.4.4.1}{Definitions}{section.4.4}% 137
\BOOKMARK [2][-]{subsection.4.4.2}{Sentilo Architecture}{section.4.4}% 138
\BOOKMARK [3][-]{subsubsection.4.4.2.1}{PubSub Server}{subsection.4.4.2}% 139
\BOOKMARK [3][-]{subsubsection.4.4.2.2}{Web Catalog Application}{subsection.4.4.2}% 140
\BOOKMARK [3][-]{subsubsection.4.4.2.3}{Extensions \(Agents\)}{subsection.4.4.2}% 141
\BOOKMARK [2][-]{subsection.4.4.3}{Sentilo structure}{section.4.4}% 142
\BOOKMARK [2][-]{subsection.4.4.4}{Sentilo API}{section.4.4}% 143
\BOOKMARK [1][-]{section.4.5}{Experimentation}{part.4}% 144
\BOOKMARK [2][-]{subsection.4.5.1}{Sensor Network}{section.4.5}% 145
\BOOKMARK [3][-]{subsubsection.4.5.1.1}{Border Router}{subsection.4.5.1}% 146
\BOOKMARK [3][-]{subsubsection.4.5.1.2}{Nodes}{subsection.4.5.1}% 147
\BOOKMARK [2][-]{subsection.4.5.2}{Network connector}{section.4.5}% 148
\BOOKMARK [3][-]{subsubsection.4.5.2.1}{Application workflow}{subsection.4.5.2}% 149
\BOOKMARK [3][-]{subsubsection.4.5.2.2}{Sensor registration}{subsection.4.5.2}% 150
\BOOKMARK [3][-]{subsubsection.4.5.2.3}{Sensor data publish}{subsection.4.5.2}% 151
\BOOKMARK [1][-]{section.4.6}{Results}{part.4}% 152
\BOOKMARK [2][-]{subsection.4.6.1}{Range}{section.4.6}% 153
\BOOKMARK [2][-]{subsection.4.6.2}{Response time}{section.4.6}% 154
\BOOKMARK [2][-]{subsection.4.6.3}{Connection speed}{section.4.6}% 155
\BOOKMARK [2][-]{subsection.4.6.4}{Power consumption}{section.4.6}% 156
\BOOKMARK [1][-]{section.4.7}{Discussion}{part.4}% 157
\BOOKMARK [2][-]{subsection.4.7.1}{Future lines of work}{section.4.7}% 158
\BOOKMARK [0][-]{part.5}{5 Genetic Algorithm For LoRa Transmission Parameter Selection}{}% 159
\BOOKMARK [1][-]{section.5.1}{Introduction}{part.5}% 160
\BOOKMARK [1][-]{section.5.2}{Related work}{part.5}% 161
\BOOKMARK [1][-]{section.5.3}{Methodology}{part.5}% 162
\BOOKMARK [1][-]{section.5.4}{Experimentation}{part.5}% 163
\BOOKMARK [1][-]{section.5.5}{Discussion}{part.5}% 164
\BOOKMARK [0][-]{part.6}{6 Long paper}{}% 165
\BOOKMARK [1][-]{section.6.1}{Introduction}{part.6}% 166
\BOOKMARK [1][-]{section.6.2}{Related work}{part.6}% 167
\BOOKMARK [2][-]{subsection.6.2.1}{LoRa Overview}{section.6.2}% 168
\BOOKMARK [3][-]{subsubsection.6.2.1.1}{Bandwidth \(BW\):}{subsection.6.2.1}% 169
\BOOKMARK [3][-]{subsubsection.6.2.1.2}{Carrier Frequency \(CF\):}{subsection.6.2.1}% 170
\BOOKMARK [3][-]{subsubsection.6.2.1.3}{Coding Rate \(CR\):}{subsection.6.2.1}% 171
\BOOKMARK [3][-]{subsubsection.6.2.1.4}{Spreading Factor \(SF\):}{subsection.6.2.1}% 172
\BOOKMARK [2][-]{subsection.6.2.2}{From Experimental Measurements to Simulations}{section.6.2}% 173
\BOOKMARK [2][-]{subsection.6.2.3}{LoRa Evaluation and Limits}{section.6.2}% 174
\BOOKMARK [2][-]{subsection.6.2.4}{LoRa Network Deployment Strategies}{section.6.2}% 175
\BOOKMARK [1][-]{section.6.3}{Background}{part.6}% 176
\BOOKMARK [1][-]{section.6.4}{Approach}{part.6}% 177
\BOOKMARK [2][-]{subsection.6.4.1}{Spectrum}{section.6.4}% 178
\BOOKMARK [2][-]{subsection.6.4.2}{LoRa Modulation}{section.6.4}% 179
\BOOKMARK [2][-]{subsection.6.4.3}{Spreading Factors Orthogonality}{section.6.4}% 180
\BOOKMARK [2][-]{subsection.6.4.4}{LoRa SX1276 and SX1301 Transceivers}{section.6.4}% 181
\BOOKMARK [2][-]{subsection.6.4.5}{MAC and Application Layers}{section.6.4}% 182
\BOOKMARK [2][-]{subsection.6.4.6}{Deployment Scenarios}{section.6.4}% 183
\BOOKMARK [1][-]{section.6.5}{Experimentation}{part.6}% 184
\BOOKMARK [1][-]{section.6.6}{Results exploitation}{part.6}% 185
\BOOKMARK [2][-]{subsection.6.6.1}{Deployment Scenarios and Assumptions}{section.6.6}% 186
\BOOKMARK [2][-]{subsection.6.6.2}{Homogeneous Deployments Scenarios}{section.6.6}% 187
\BOOKMARK [2][-]{subsection.6.6.3}{Heterogeneous vs. Homogeneous Deployment Scenarios}{section.6.6}% 188
\BOOKMARK [2][-]{subsection.6.6.4}{Application Period and Packet Duration vs. ERC Regulations}{section.6.6}% 189
\BOOKMARK [1][-]{section.6.7}{Conclusion}{part.6}% 190
\BOOKMARK [0][-]{part.7}{7 Template}{}% 191
\BOOKMARK [1][-]{section.7.1}{Introduction}{part.7}% 192
\BOOKMARK [2][-]{subsection.7.1.1}{Problem Statement}{section.7.1}% 193
\BOOKMARK [2][-]{subsection.7.1.2}{Background}{section.7.1}% 194
\BOOKMARK [2][-]{subsection.7.1.3}{Purpose \(Goal\)}{section.7.1}% 195
\BOOKMARK [2][-]{subsection.7.1.4}{Limitations}{section.7.1}% 196
\BOOKMARK [2][-]{subsection.7.1.5}{Method}{section.7.1}% 197
\BOOKMARK [1][-]{section.7.2}{Related work}{part.7}% 198
\BOOKMARK [1][-]{section.7.3}{Approach}{part.7}% 199
\BOOKMARK [1][-]{section.7.4}{Experimentation}{part.7}% 200
\BOOKMARK [1][-]{section.7.5}{Results exploitation}{part.7}% 201
\BOOKMARK [2][-]{subsection.7.5.1}{Range}{section.7.5}% 202
\BOOKMARK [2][-]{subsection.7.5.2}{Response time}{section.7.5}% 203
\BOOKMARK [2][-]{subsection.7.5.3}{Connection speed}{section.7.5}% 204
\BOOKMARK [2][-]{subsection.7.5.4}{Power consumption}{section.7.5}% 205
\BOOKMARK [1][-]{section.7.6}{Conclusion}{part.7}% 206
\BOOKMARK [0][-]{part.8}{8 Conclusion}{}% 207
\BOOKMARK [1][-]{section.8.1}{Conclusion}{part.8}% 208
\BOOKMARK [1][-]{section.8.2}{Perspectives}{part.8}% 209
\BOOKMARK [0][-]{part.9}{9 Survey: Per Layer}{}% 210
\BOOKMARK [1][-]{section.9.1}{Lora}{part.9}% 211
\BOOKMARK [1][-]{section.9.2}{Application protocols}{part.9}% 212
\BOOKMARK [2][-]{subsection.9.2.1}{CoAP}{section.9.2}% 213
\BOOKMARK [2][-]{subsection.9.2.2}{MQTT}{section.9.2}% 214
\BOOKMARK [2][-]{subsection.9.2.3}{XMPP}{section.9.2}% 215
\BOOKMARK [2][-]{subsection.9.2.4}{AMQP}{section.9.2}% 216
\BOOKMARK [2][-]{subsection.9.2.5}{DDS}{section.9.2}% 217
\BOOKMARK [2][-]{subsection.9.2.6}{mDNS}{section.9.2}% 218
\BOOKMARK [1][-]{section.9.3}{Divers}{part.9}% 219
\BOOKMARK [1][-]{section.9.4}{Papers}{part.9}% 220
\BOOKMARK [1][-]{section.9.5}{Papers}{part.9}% 221
\BOOKMARK [0][-]{part.10}{10 Survey: Privacy Frameworks}{}% 222
\BOOKMARK [1][-]{section.10.1}{Introduction}{part.10}% 223
\BOOKMARK [1][-]{section.10.2}{Approaches}{part.10}% 224
\BOOKMARK [2][-]{subsection.10.2.1}{Behavioral}{section.10.2}% 225
\BOOKMARK [3][-]{subsubsection.10.2.1.1}{User behavior}{subsection.10.2.1}% 226
\BOOKMARK [3][-]{subsubsection.10.2.1.2}{Message behavior}{subsection.10.2.1}% 227
\BOOKMARK [2][-]{subsection.10.2.2}{Social}{section.10.2}% 228
\BOOKMARK [3][-]{subsubsection.10.2.2.1}{Concept of trust}{subsection.10.2.2}% 229
\BOOKMARK [3][-]{subsubsection.10.2.2.2}{Concept of reputation}{subsection.10.2.2}% 230
\BOOKMARK [3][-]{subsubsection.10.2.2.3}{Collaborative management}{subsection.10.2.2}% 231
\BOOKMARK [2][-]{subsection.10.2.3}{Technical}{section.10.2}% 232
\BOOKMARK [3][-]{subsubsection.10.2.3.1}{Recipient-oriented Techniques}{subsection.10.2.3}% 233
\BOOKMARK [3][-]{subsubsection.10.2.3.2}{Sender-oriented techniques}{subsection.10.2.3}% 234
\BOOKMARK [2][-]{subsection.10.2.4}{Technical HTTP}{section.10.2}% 235
\BOOKMARK [1][-]{section.10.3}{Background}{part.10}% 236
\BOOKMARK [2][-]{subsection.10.3.1}{Privacy threats}{section.10.3}% 237
\BOOKMARK [3][-]{subsubsection.10.3.1.1}{Private information disclosure}{subsection.10.3.1}% 238
\BOOKMARK [3][-]{subsubsection.10.3.1.2}{Information aggregation}{subsection.10.3.1}% 239
\BOOKMARK [3][-]{subsubsection.10.3.1.3}{Inference attacks}{subsection.10.3.1}% 240
\BOOKMARK [3][-]{subsubsection.10.3.1.4}{Re-identification and De-anonymization attacks}{subsection.10.3.1}% 241
\BOOKMARK [2][-]{subsection.10.3.2}{Privacy solutions}{section.10.3}% 242
\BOOKMARK [3][-]{subsubsection.10.3.2.1}{Privacy based on trust}{subsection.10.3.2}% 243
\BOOKMARK [3][-]{subsubsection.10.3.2.2}{Privacy based on Individual User Actions}{subsection.10.3.2}% 244
\BOOKMARK [3][-]{subsubsection.10.3.2.3}{Privacy based on Collaboration with the Provider}{subsection.10.3.2}% 245
\BOOKMARK [3][-]{subsubsection.10.3.2.4}{Privacy based on Collaboration with other Users}{subsection.10.3.2}% 246
\BOOKMARK [1][-]{section.10.4}{Conclusions}{part.10}% 247
\BOOKMARK [1][-]{section.10.5}{Appendix}{part.10}% 248
