\BOOKMARK [1][-]{section.1}{Introduction}{}% 1
\BOOKMARK [1][-]{section.2}{Background}{}% 2
\BOOKMARK [2][-]{subsection.2.1}{Privacy threats}{section.2}% 3
\BOOKMARK [3][-]{subsubsection.2.1.1}{Private information disclosure}{subsection.2.1}% 4
\BOOKMARK [3][-]{subsubsection.2.1.2}{Information aggregation}{subsection.2.1}% 5
\BOOKMARK [3][-]{subsubsection.2.1.3}{Inference attacks}{subsection.2.1}% 6
\BOOKMARK [3][-]{subsubsection.2.1.4}{Re-identification and De-anonymization attacks}{subsection.2.1}% 7
\BOOKMARK [2][-]{subsection.2.2}{Privacy solutions}{section.2}% 8
\BOOKMARK [3][-]{subsubsection.2.2.1}{Privacy based on trust}{subsection.2.2}% 9
\BOOKMARK [3][-]{subsubsection.2.2.2}{Privacy based on Individual User Actions}{subsection.2.2}% 10
\BOOKMARK [3][-]{subsubsection.2.2.3}{Privacy based on Collaboration with the Provider}{subsection.2.2}% 11
\BOOKMARK [3][-]{subsubsection.2.2.4}{Privacy based on Collaboration with other Users}{subsection.2.2}% 12
\BOOKMARK [1][-]{section.3}{Approaches}{}% 13
\BOOKMARK [2][-]{subsection.3.1}{Behavioral}{section.3}% 14
\BOOKMARK [3][-]{subsubsection.3.1.1}{User behavior}{subsection.3.1}% 15
\BOOKMARK [3][-]{subsubsection.3.1.2}{Message behavior}{subsection.3.1}% 16
\BOOKMARK [2][-]{subsection.3.2}{Social}{section.3}% 17
\BOOKMARK [3][-]{subsubsection.3.2.1}{Concept of trust}{subsection.3.2}% 18
\BOOKMARK [3][-]{subsubsection.3.2.2}{Concept of reputation}{subsection.3.2}% 19
\BOOKMARK [3][-]{subsubsection.3.2.3}{Collaborative management}{subsection.3.2}% 20
\BOOKMARK [2][-]{subsection.3.3}{Technical}{section.3}% 21
\BOOKMARK [3][-]{subsubsection.3.3.1}{Recipient-oriented Techniques}{subsection.3.3}% 22
\BOOKMARK [3][-]{subsubsection.3.3.2}{Sender-oriented techniques}{subsection.3.3}% 23
\BOOKMARK [2][-]{subsection.3.4}{Technical HTTP}{section.3}% 24
\BOOKMARK [1][-]{section.4}{Conclusions}{}% 25
