This is LuaTeX, Version 0.95.0 (TeX Live 2016/Debian)  (format=lualatex 2019.4.2)  11 APR 2019 11:02
 restricted system commands enabled.
**1_introduction.tex
(./1_introduction.tex
LaTeX2e <2017/01/01> patch level 3
Lua module: luaotfload-main 2016/06/16 2.70003 OpenType layout system.
Lua module: lualibs 2016-04-06 2.4 ConTeXt Lua standard libraries.
Lua module: lualibs-extended 2016-04-06 2.4 ConTeXt Lua libraries -- extended co
llection.(using write cache: /home/aghiles/.texlive2016/texmf-var/luatex-cache/g
eneric)(using read cache: /var/lib/texmf/luatex-cache/generic /home/aghiles/.tex
live2016/texmf-var/luatex-cache/generic)
luaotfload | conf : Root cache directory is /home/aghiles/.texlive2016/texmf-var
/luatex-cache/generic/names.
luaotfload | init : Loading fontloader “fontloader-2016-06-16.lua” from kpse
-resolved path “/usr/share/texlive/texmf-dist/tex/luatex/luaotfload/fontloader
-2016-06-16.lua”.
Lua-only attribute luaotfload@state = 1
Lua-only attribute luaotfload@noligature = 2
Lua-only attribute luaotfload@syllabe = 3
luaotfload | init : Context OpenType loader version “3.023”
Inserting `luaotfload.node_processor' at position 1 in `pre_linebreak_filter'.
Inserting `luaotfload.node_processor' at position 1 in `hpack_filter'.
Inserting `luaotfload.define_font' at position 1 in `define_font'.
Lua-only attribute luaotfload_color_attribute = 4
luaotfload | conf : Root cache directory is /home/aghiles/.texlive2016/texmf-var
/luatex-cache/generic/names.
Inserting `luaotfload.aux.set_sscale_dimens' at position 1 in `luaotfload.patch_
font'.
Inserting `luaotfload.aux.patch_cambria_domh' at position 2 in `luaotfload.patch
_font'.
Inserting `luaotfload.aux.fixup_fontdata' at position 1 in `luaotfload.patch_fon
t_unsafe'.
Inserting `luaotfload.aux.set_capheight' at position 3 in `luaotfload.patch_font
'.
Inserting `luaotfload.rewrite_fontname' at position 4 in `luaotfload.patch_font'
.
luaotfload | main : initialization completed in 0.111 seconds
Babel <3.9r> and hyphenation patterns for 1 language(s) loaded.
! Undefined control sequence.
l.1 \section
          {Introduction \& problem statement}
The control sequence at the end of the top line
of your error message was never \def'ed. If you have
misspelled it (e.g., `\hobx'), type `I' and the correct
spelling (e.g., `I\hbox'). Otherwise just continue,
and I'll forget about whatever was undefined.


! LaTeX Error: Missing \begin{document}.

See the LaTeX manual or LaTeX Companion for explanation.
Type  H <return>  for immediate help.
 ...                                              
                                                  
l.1 \section{I
            ntroduction \& problem statement}
You're in trouble here.  Try typing  <return>  to proceed.
If that doesn't work, type  X <return>  to quit.


Overfull \hbox (20.0pt too wide) in paragraph at lines 1--2
[]Introduction
 []

)
! Emergency stop.
<*> 1_introduction.tex
                   
*** (job aborted, no legal \end found)



Here is how much of LuaTeX's memory you used:
 8 strings out of 494577
 100000,89155 words of node,token memory allocated 522 words of node memory still in use:
   3 hlist, 1 local_par, 1 dir, 9 glue, 2 penalty, 29 glyph, 3 attribute, 33 glu
e_spec, 3 attribute_list nodes
   avail lists: 2:6,4:3,5:1,7:4,10:2
 4187 multiletter control sequences out of 65536+600000
 14 fonts using 591559 bytes
 5i,0n,4p,63b,16s stack positions out of 5000i,500n,10000p,200000b,100000s
!  ==> Fatal error occurred, no output PDF file produced!
