PATCH DIRECTORY /home/aghiles/These/Redaction/setup/bin/updates/0
INSTALLATION DIRECTORY /home/aghiles/These/Redaction/setup/bin
WORKING DIRECTORY /home/aghiles/These/Redaction/setup/bin
UPDATE TYPE partial
PREPARE PATCH zotero.jar
PREPARE ADD libsoftokn3.chk
PREPARE ADD libnssdbm3.chk
PREPARE ADD libfreeblpriv3.chk
PREPARE PATCH extensions/zoteroOpenOfficeIntegration@zotero.org/install.rdf
PREPARE PATCH defaults/preferences/zotero.js
PREPARE PATCH components/zotero-service.js
PREPARE PATCH components/zotero-protocol-handler.js
PREPARE PATCH application.ini
PREPARE ADD removed-files
PREPARE ADD precomplete
EXECUTE PATCH zotero.jar
LoadSourceFile: destination file size 7626592 does not match expected size 7534258
LoadSourceFile failed
### execution failed
FINISH PATCH zotero.jar
backup_restore: backup file doesn't exist: zotero.jar.moz-backup
FINISH ADD libsoftokn3.chk
backup_restore: backup file doesn't exist: libsoftokn3.chk.moz-backup
FINISH ADD libnssdbm3.chk
backup_restore: backup file doesn't exist: libnssdbm3.chk.moz-backup
FINISH ADD libfreeblpriv3.chk
backup_restore: backup file doesn't exist: libfreeblpriv3.chk.moz-backup
FINISH PATCH extensions/zoteroOpenOfficeIntegration@zotero.org/install.rdf
backup_restore: backup file doesn't exist: extensions/zoteroOpenOfficeIntegration@zotero.org/install.rdf.moz-backup
FINISH PATCH defaults/preferences/zotero.js
backup_restore: backup file doesn't exist: defaults/preferences/zotero.js.moz-backup
FINISH PATCH components/zotero-service.js
backup_restore: backup file doesn't exist: components/zotero-service.js.moz-backup
FINISH PATCH components/zotero-protocol-handler.js
backup_restore: backup file doesn't exist: components/zotero-protocol-handler.js.moz-backup
FINISH PATCH application.ini
backup_restore: backup file doesn't exist: application.ini.moz-backup
FINISH ADD removed-files
backup_restore: backup file doesn't exist: removed-files.moz-backup
FINISH ADD precomplete
backup_restore: backup file doesn't exist: precomplete.moz-backup
failed: 2
calling QuitProgressUI
