This is LuaTeX, Version 0.95.0 (TeX Live 2016/Debian)  (format=lualatex 2019.4.2)  5 AUG 2019 09:18
 restricted system commands enabled.
**paper.tex
(./paper.tex
LaTeX2e <2017/01/01> patch level 3
Lua module: luaotfload-main 2016/06/16 2.70003 OpenType layout system.
Lua module: lualibs 2016-04-06 2.4 ConTeXt Lua standard libraries.
Lua module: lualibs-extended 2016-04-06 2.4 ConTeXt Lua libraries -- extended co
llection.(using write cache: /home/aghiles/.texlive2016/texmf-var/luatex-cache/g
eneric)(using read cache: /var/lib/texmf/luatex-cache/generic /home/aghiles/.tex
live2016/texmf-var/luatex-cache/generic)
luaotfload | conf : Root cache directory is /home/aghiles/.texlive2016/texmf-var
/luatex-cache/generic/names.
luaotfload | init : Loading fontloader “fontloader-2016-06-16.lua” from kpse
-resolved path “/usr/share/texlive/texmf-dist/tex/luatex/luaotfload/fontloader
-2016-06-16.lua”.
Lua-only attribute luaotfload@state = 1
Lua-only attribute luaotfload@noligature = 2
Lua-only attribute luaotfload@syllabe = 3
luaotfload | init : Context OpenType loader version “3.023”
Inserting `luaotfload.node_processor' at position 1 in `pre_linebreak_filter'.
Inserting `luaotfload.node_processor' at position 1 in `hpack_filter'.
Inserting `luaotfload.define_font' at position 1 in `define_font'.
Lua-only attribute luaotfload_color_attribute = 4
luaotfload | conf : Root cache directory is /home/aghiles/.texlive2016/texmf-var
/luatex-cache/generic/names.
Inserting `luaotfload.aux.set_sscale_dimens' at position 1 in `luaotfload.patch_
font'.
Inserting `luaotfload.aux.patch_cambria_domh' at position 2 in `luaotfload.patch
_font'.
Inserting `luaotfload.aux.fixup_fontdata' at position 1 in `luaotfload.patch_fon
t_unsafe'.
Inserting `luaotfload.aux.set_capheight' at position 3 in `luaotfload.patch_font
'.
Inserting `luaotfload.rewrite_fontname' at position 4 in `luaotfload.patch_font'
.
luaotfload | main : initialization completed in 0.095 seconds
Babel <3.9r> and hyphenation patterns for 1 language(s) loaded.
(../../setup/sig-alternate.cls
(/usr/share/texlive/texmf-dist/tex/latex/graphics/epsfig.sty
Package: epsfig 1999/02/16 v1.7a (e)psfig emulation (SPQR)

(/usr/share/texlive/texmf-dist/tex/latex/graphics/graphicx.sty
Package: graphicx 2014/10/28 v1.0g Enhanced LaTeX Graphics (DPC,SPQR)

(/usr/share/texlive/texmf-dist/tex/latex/graphics/keyval.sty
Package: keyval 2014/10/28 v1.15 key=value parser (DPC)
\KV@toks@=\toks14
)
(/usr/share/texlive/texmf-dist/tex/latex/graphics/graphics.sty
Package: graphics 2016/10/09 v1.0u Standard LaTeX Graphics (DPC,SPQR)

(/usr/share/texlive/texmf-dist/tex/latex/graphics/trig.sty
Package: trig 2016/01/03 v1.10 sin cos tan (DPC)
)
(/usr/share/texlive/texmf-dist/tex/latex/graphics-cfg/graphics.cfg
File: graphics.cfg 2016/06/04 v1.11 sample graphics configuration
)
Package graphics Info: Driver file: luatex.def on input line 99.

(/usr/share/texlive/texmf-dist/tex/latex/graphics-def/luatex.def
File: luatex.def 2017/01/12 v0.01h Graphics/Color for luaTeX

(/usr/share/texlive/texmf-dist/tex/generic/oberdiek/infwarerr.sty
Package: infwarerr 2016/05/16 v1.4 Providing info/warning/error messages (HO)
)
(/usr/share/texlive/texmf-dist/tex/generic/oberdiek/ltxcmds.sty
Package: ltxcmds 2016/05/16 v1.23 LaTeX kernel commands for general use (HO)
)
\Gread@gobject=\count79
))
\Gin@req@height=\dimen102
\Gin@req@width=\dimen103
)
\epsfxsize=\dimen104
\epsfysize=\dimen105
)
(/usr/share/texlive/texmf-dist/tex/latex/amsfonts/amssymb.sty
Package: amssymb 2013/01/14 v3.01 AMS font symbols

(/usr/share/texlive/texmf-dist/tex/latex/amsfonts/amsfonts.sty
Package: amsfonts 2013/01/14 v3.01 Basic AMSFonts support
\@emptytoks=\toks15
\symAMSa=\mathgroup4
\symAMSb=\mathgroup5
LaTeX Font Info:    Overwriting math alphabet `\mathfrak' in version `bold'
(Font)                  U/euf/m/n --> U/euf/b/n on input line 106.
))
(/usr/share/texlive/texmf-dist/tex/latex/amsmath/amsmath.sty
Package: amsmath 2016/11/05 v2.16a AMS math features
\@mathmargin=\skip41

For additional information on amsmath, use the `?' option.
(/usr/share/texlive/texmf-dist/tex/latex/amsmath/amstext.sty
Package: amstext 2000/06/29 v2.01 AMS text

(/usr/share/texlive/texmf-dist/tex/latex/amsmath/amsgen.sty
File: amsgen.sty 1999/11/30 v2.0 generic functions
\@emptytoks=\toks16
\ex@=\dimen106
))
(/usr/share/texlive/texmf-dist/tex/latex/amsmath/amsbsy.sty
Package: amsbsy 1999/11/29 v1.2d Bold Symbols
\pmbraise@=\dimen107
)
(/usr/share/texlive/texmf-dist/tex/latex/amsmath/amsopn.sty
Package: amsopn 2016/03/08 v2.02 operator names
)
\inf@bad=\count80
LaTeX Info: Redefining \frac on input line 213.
\uproot@=\count81
\leftroot@=\count82
LaTeX Info: Redefining \overline on input line 375.
\classnum@=\count83
\DOTSCASE@=\count84
LaTeX Info: Redefining \ldots on input line 472.
LaTeX Info: Redefining \dots on input line 475.
LaTeX Info: Redefining \cdots on input line 596.
\Mathstrutbox@=\box26
\strutbox@=\box27
\big@size=\dimen108
LaTeX Font Info:    Redeclaring font encoding OML on input line 712.
LaTeX Font Info:    Redeclaring font encoding OMS on input line 713.
\macc@depth=\count85
\c@MaxMatrixCols=\count86
\dotsspace@=\muskip10
\c@parentequation=\count87
\dspbrk@lvl=\count88
\tag@help=\toks17
\row@=\count89
\column@=\count90
\maxfields@=\count91
\andhelp@=\toks18
\eqnshift@=\dimen109
\alignsep@=\dimen110
\tagshift@=\dimen111
\tagwidth@=\dimen112
\totwidth@=\dimen113
\lineht@=\dimen114
\@envbody=\toks19
\multlinegap=\skip42
\multlinetaggap=\skip43
\mathdisplay@stack=\toks20
LaTeX Info: Redefining \[ on input line 2817.
LaTeX Info: Redefining \] on input line 2818.
)
Document Class 'sig-alternate' <22nd. April '09>. Modified by G.K.M. Tobin/Gerry
 Murray
Based in part upon document Style `acmconf' <22 May 89>. Hacked 4/91 by
shivers@cs.cmu.edu, 4/93 by theobald@cs.mcgill.ca
Excerpts were taken from (Journal Style) 'esub2acm.cls'.
****** Bugs/comments/suggestions/technicalities to Gerry Murray -- murray@hq.acm
.org ******
Questions on the style, SIGS policies, etc. to Adrienne Griscti griscti@acm.org
\footheight=\dimen115
\@maxsep=\dimen116
\@dblmaxsep=\dimen117
\aucount=\count92
\originalaucount=\count93
\auwidth=\dimen118
\auskip=\dimen119
\auskipcount=\count94
\auskip=\dimen120
\allauboxes=\dimen121
\addauthors=\toks21
\addauflag=\count95
\subtitletext=\toks22
\savesection=\count96
\sectioncntr=\count97
\c@figure=\count98
\c@table=\count99
\titleboxnotes=\toks23
\titleboxnoteflag=\count100

LaTeX Warning: You have requested document class `../../setup/sig-alternate',
               but the document class provides `sig-alternate'.

Document Class: sig-alternate 2009/04/22 - V2.4 - based on acmproc.cls V1.3 <Nov
. 30 '99>
(/usr/share/texlive/texmf-dist/tex/latex/base/latexsym.sty
Package: latexsym 1998/08/17 v2.2e Standard LaTeX package (lasy symbols)
\symlasy=\mathgroup6
LaTeX Font Info:    Overwriting symbol font `lasy' in version `bold'
(Font)                  U/lasy/m/n --> U/lasy/b/n on input line 52.
)
luaotfload | db : Font names database loaded from /home/aghiles/.texlive2016/tex
mf-var/luatex-cache/generic/names/luaotfload-names.luc(compiling luc: /var/lib/t
exmf/luatex-cache/generic/fonts/otl/lmroman9-regular.luc)(load luc: /home/aghile
s/.texlive2016/texmf-var/luatex-cache/generic/fonts/otl/lmroman9-regular.luc)
\@acmtitlebox=\box28
\titlenotecount=\count101
\tntoks=\toks24
\tntokstwo=\toks25
\tntoksthree=\toks26
\tntoksfour=\toks27
\tntoksfive=\toks28
\catcount=\count102
\copyrightnotice=\toks29
\conf=\toks30
\confinfo=\toks31
\c@part=\count103
\c@section=\count104
\c@subsection=\count105
\c@subsubsection=\count106
\c@paragraph=\count107

Using 'Abbrev' bibliography style
LaTeX Info: Redefining \cite on input line 1217.
\bibindent=\dimen122
\colcntr=\count108
\saveb@x=\box29
\copyrtyr=\toks32
\acmcopyr=\toks33
\boilerplate=\toks34
\copyrightetc=\toks35
(/usr/share/texlive/texmf-dist/tex/latex/base/fontenc.sty
Package: fontenc 2017/02/22 v2.0g Standard LaTeX package

(/usr/share/texlive/texmf-dist/tex/latex/base/t1enc.def
File: t1enc.def 2017/02/22 v2.0g Standard LaTeX file
LaTeX Font Info:    Redeclaring font encoding T1 on input line 48.
)
LaTeX Font Info:    Try loading font information for T1+aer on input line 105.

(/usr/share/texlive/texmf-dist/tex/latex/ae/t1aer.fd
File: t1aer.fd 1997/11/16 Font definitions for T1/aer.
))) (../../setup/setup.tex
(/usr/share/texlive/texmf-dist/tex/latex/multirow/multirow.sty
Package: multirow 2016/11/25 v2.2 Span multiple rows of a table
\multirow@colwidth=\skip44
\multirow@cntb=\count109
\multirow@dima=\skip45
\bigstrutjot=\dimen123
)
(/usr/share/texlive/texmf-dist/tex/latex/tabulary/tabulary.sty
Package: tabulary 2014/06/11 v0.10 tabulary package (DPC)

(/usr/share/texlive/texmf-dist/tex/latex/tools/array.sty
Package: array 2016/10/06 v2.4d Tabular extension package (FMi)
\col@sep=\dimen124
\extrarowheight=\dimen125
\NC@list=\toks36
\extratabsurround=\skip46
\backup@length=\skip47
)
\TY@count=\count110
\TY@linewidth=\dimen126
\tymin=\dimen127
\tymax=\dimen128
\TY@tablewidth=\dimen129
)
(/usr/share/texlive/texmf-dist/tex/latex/pdfpages/pdfpages.sty
Package: pdfpages 2017/01/14 v0.5h Insert pages of external PDF documents (AM)

(/usr/share/texlive/texmf-dist/tex/latex/base/ifthen.sty
Package: ifthen 2014/09/29 v1.1c Standard LaTeX ifthen package (DPC)
)
(/usr/share/texlive/texmf-dist/tex/latex/tools/calc.sty
Package: calc 2014/10/28 v4.3 Infix arithmetic (KKT,FJ)
\calc@Acount=\count111
\calc@Bcount=\count112
\calc@Adimen=\dimen130
\calc@Bdimen=\dimen131
\calc@Askip=\skip48
\calc@Bskip=\skip49
LaTeX Info: Redefining \setlength on input line 80.
LaTeX Info: Redefining \addtolength on input line 81.
\calc@Ccount=\count113
\calc@Cskip=\skip50
)
(/usr/share/texlive/texmf-dist/tex/latex/eso-pic/eso-pic.sty
Package: eso-pic 2015/07/21 v2.0g eso-pic (RN)

(/usr/share/texlive/texmf-dist/tex/generic/oberdiek/atbegshi.sty
Package: atbegshi 2016/06/09 v1.18 At begin shipout hook (HO)

(/usr/share/texlive/texmf-dist/tex/generic/oberdiek/ifpdf.sty
Package: ifpdf 2016/05/14 v3.1 Provides the ifpdf switch
))
(/usr/share/texlive/texmf-dist/tex/latex/xcolor/xcolor.sty
Package: xcolor 2016/05/11 v2.12 LaTeX color extensions (UK)

(/usr/share/texlive/texmf-dist/tex/latex/graphics-cfg/color.cfg
File: color.cfg 2016/01/02 v1.6 sample color configuration
)
Package xcolor Info: Driver file: luatex.def on input line 225.
Package xcolor Info: Model `cmy' substituted by `cmy0' on input line 1348.
Package xcolor Info: Model `hsb' substituted by `rgb' on input line 1352.
Package xcolor Info: Model `RGB' extended on input line 1364.
Package xcolor Info: Model `HTML' substituted by `rgb' on input line 1366.
Package xcolor Info: Model `Hsb' substituted by `hsb' on input line 1367.
Package xcolor Info: Model `tHsb' substituted by `hsb' on input line 1368.
Package xcolor Info: Model `HSB' substituted by `hsb' on input line 1369.
Package xcolor Info: Model `Gray' substituted by `gray' on input line 1370.
Package xcolor Info: Model `wave' substituted by `hsb' on input line 1371.
))
\AM@pagewidth=\dimen132
\AM@pageheight=\dimen133

(/usr/share/texlive/texmf-dist/tex/latex/pdfpages/ppluatex.def
File: ppluatex.def 2017/01/14 v0.5h Pdfpages driver for LuaTeX (AM)
)
\AM@pagebox=\box30
\AM@global@opts=\toks37
\AM@toc@title=\toks38
\c@AM@survey=\count114
\AM@templatesizebox=\box31
)
(/usr/share/texlive/texmf-dist/tex/latex/stmaryrd/stmaryrd.sty
Package: stmaryrd 1994/03/03 St Mary's Road symbol package
\symstmry=\mathgroup7
LaTeX Font Info:    Overwriting symbol font `stmry' in version `bold'
(Font)                  U/stmry/m/n --> U/stmry/b/n on input line 89.
)
(/usr/share/texlive/texmf-dist/tex/latex/anyfontsize/anyfontsize.sty
Package: anyfontsize 2007/11/22 anyfontsize.sty by pts
)
(/usr/share/texlive/texmf-dist/tex/latex/tools/multicol.sty
Package: multicol 2016/04/07 v1.8p multicolumn formatting (FMi)
\c@tracingmulticols=\count115
\mult@box=\box32
\multicol@leftmargin=\dimen134
\c@unbalance=\count116
\c@collectmore=\count117
\doublecol@number=\count118
\multicoltolerance=\count119
\multicolpretolerance=\count120
\full@width=\dimen135
\page@free=\dimen136
\premulticols=\dimen137
\postmulticols=\dimen138
\multicolsep=\skip51
\multicolbaselineskip=\skip52
\partial@page=\box33
\last@line=\box34
\maxbalancingoverflow=\dimen139
\mult@rightbox=\box35
\mult@grightbox=\box36
\mult@gfirstbox=\box37
\mult@firstbox=\box38
\@tempa=\box39
\@tempa=\box40
\@tempa=\box41
\@tempa=\box42
\@tempa=\box43
\@tempa=\box44
\@tempa=\box45
\@tempa=\box46
\@tempa=\box47
\@tempa=\box48
\@tempa=\box49
\@tempa=\box50
\@tempa=\box51
\@tempa=\box52
\@tempa=\box53
\@tempa=\box54
\@tempa=\box55
\c@columnbadness=\count121
\c@finalcolumnbadness=\count122
\last@try=\dimen140
\multicolovershoot=\dimen141
\multicolundershoot=\dimen142
\mult@nat@firstbox=\box56
\colbreak@box=\box57
\mc@col@check@num=\count123
)
(/usr/share/texlive/texmf-dist/tex/latex/eurosym/eurosym.sty
Package: eurosym 1998/08/06 v1.1 European currency symbol ``Euro''
\@eurobox=\box58
)
(/usr/share/texlive/texmf-dist/tex/latex/pgfplots/pgfplots.sty
(/usr/share/texlive/texmf-dist/tex/generic/pgfplots/pgfplots.revision.tex)
Package: pgfplots 2016/08/10 v1.14 Data Visualization (1.14)

(/usr/share/texlive/texmf-dist/tex/latex/pgf/frontendlayer/tikz.sty
(/usr/share/texlive/texmf-dist/tex/latex/pgf/basiclayer/pgf.sty
(/usr/share/texlive/texmf-dist/tex/latex/pgf/utilities/pgfrcs.sty
(/usr/share/texlive/texmf-dist/tex/generic/pgf/utilities/pgfutil-common.tex
\pgfutil@everybye=\toks39
\pgfutil@tempdima=\dimen143
\pgfutil@tempdimb=\dimen144

(/usr/share/texlive/texmf-dist/tex/generic/pgf/utilities/pgfutil-common-lists.t
ex)) (/usr/share/texlive/texmf-dist/tex/generic/pgf/utilities/pgfutil-latex.def
\pgfutil@abb=\box59
(/usr/share/texlive/texmf-dist/tex/latex/ms/everyshi.sty
Package: everyshi 2001/05/15 v3.00 EveryShipout Package (MS)
))
(/usr/share/texlive/texmf-dist/tex/generic/pgf/utilities/pgfrcs.code.tex
Package: pgfrcs 2015/08/07 v3.0.1a (rcs-revision 1.31)
))
Package: pgf 2015/08/07 v3.0.1a (rcs-revision 1.15)

(/usr/share/texlive/texmf-dist/tex/latex/pgf/basiclayer/pgfcore.sty
(/usr/share/texlive/texmf-dist/tex/latex/pgf/systemlayer/pgfsys.sty
(/usr/share/texlive/texmf-dist/tex/generic/pgf/systemlayer/pgfsys.code.tex
Package: pgfsys 2014/07/09 v3.0.1a (rcs-revision 1.48)

(/usr/share/texlive/texmf-dist/tex/generic/pgf/utilities/pgfkeys.code.tex
\pgfkeys@pathtoks=\toks40
\pgfkeys@temptoks=\toks41

(/usr/share/texlive/texmf-dist/tex/generic/pgf/utilities/pgfkeysfiltered.code.t
ex
\pgfkeys@tmptoks=\toks42
))
\pgf@x=\dimen145
\pgf@y=\dimen146
\pgf@xa=\dimen147
\pgf@ya=\dimen148
\pgf@xb=\dimen149
\pgf@yb=\dimen150
\pgf@xc=\dimen151
\pgf@yc=\dimen152
\w@pgf@writea=\write3
\r@pgf@reada=\read1
\c@pgf@counta=\count124
\c@pgf@countb=\count125
\c@pgf@countc=\count126
\c@pgf@countd=\count127
\t@pgf@toka=\toks43
\t@pgf@tokb=\toks44
\t@pgf@tokc=\toks45
 (/usr/share/texlive/texmf-dist/tex/generic/pgf/systemlayer/pgf.cfg
File: pgf.cfg 2008/05/14  (rcs-revision 1.7)
)
Driver file for pgf: pgfsys-luatex.def

(/usr/share/texlive/texmf-dist/tex/generic/pgf/systemlayer/pgfsys-luatex.def
File: pgfsys-luatex.def 2014/10/11  (rcs-revision 1.35)

(/usr/share/texlive/texmf-dist/tex/generic/pgf/systemlayer/pgfsys-common-pdf.de
f
File: pgfsys-common-pdf.def 2013/10/10  (rcs-revision 1.13)
)))
(/usr/share/texlive/texmf-dist/tex/generic/pgf/systemlayer/pgfsyssoftpath.code.
tex
File: pgfsyssoftpath.code.tex 2013/09/09  (rcs-revision 1.9)
\pgfsyssoftpath@smallbuffer@items=\count128
\pgfsyssoftpath@bigbuffer@items=\count129
)
(/usr/share/texlive/texmf-dist/tex/generic/pgf/systemlayer/pgfsysprotocol.code.
tex
File: pgfsysprotocol.code.tex 2006/10/16  (rcs-revision 1.4)
))
(/usr/share/texlive/texmf-dist/tex/generic/pgf/basiclayer/pgfcore.code.tex
Package: pgfcore 2010/04/11 v3.0.1a (rcs-revision 1.7)

(/usr/share/texlive/texmf-dist/tex/generic/pgf/math/pgfmath.code.tex
(/usr/share/texlive/texmf-dist/tex/generic/pgf/math/pgfmathcalc.code.tex
(/usr/share/texlive/texmf-dist/tex/generic/pgf/math/pgfmathutil.code.tex)
(/usr/share/texlive/texmf-dist/tex/generic/pgf/math/pgfmathparser.code.tex
\pgfmath@dimen=\dimen153
\pgfmath@count=\count130
\pgfmath@box=\box60
\pgfmath@toks=\toks46
\pgfmath@stack@operand=\toks47
\pgfmath@stack@operation=\toks48
)
(/usr/share/texlive/texmf-dist/tex/generic/pgf/math/pgfmathfunctions.code.tex
(/usr/share/texlive/texmf-dist/tex/generic/pgf/math/pgfmathfunctions.basic.code
.tex)
(/usr/share/texlive/texmf-dist/tex/generic/pgf/math/pgfmathfunctions.trigonomet
ric.code.tex)
(/usr/share/texlive/texmf-dist/tex/generic/pgf/math/pgfmathfunctions.random.cod
e.tex)
(/usr/share/texlive/texmf-dist/tex/generic/pgf/math/pgfmathfunctions.comparison
.code.tex)
(/usr/share/texlive/texmf-dist/tex/generic/pgf/math/pgfmathfunctions.base.code.
tex)
(/usr/share/texlive/texmf-dist/tex/generic/pgf/math/pgfmathfunctions.round.code
.tex)
(/usr/share/texlive/texmf-dist/tex/generic/pgf/math/pgfmathfunctions.misc.code.
tex)
(/usr/share/texlive/texmf-dist/tex/generic/pgf/math/pgfmathfunctions.integerari
thmetics.code.tex)))
(/usr/share/texlive/texmf-dist/tex/generic/pgf/math/pgfmathfloat.code.tex
\c@pgfmathroundto@lastzeros=\count131
))
(/usr/share/texlive/texmf-dist/tex/generic/pgf/basiclayer/pgfcorepoints.code.te
x
File: pgfcorepoints.code.tex 2013/10/07  (rcs-revision 1.27)
\pgf@picminx=\dimen154
\pgf@picmaxx=\dimen155
\pgf@picminy=\dimen156
\pgf@picmaxy=\dimen157
\pgf@pathminx=\dimen158
\pgf@pathmaxx=\dimen159
\pgf@pathminy=\dimen160
\pgf@pathmaxy=\dimen161
\pgf@xx=\dimen162
\pgf@xy=\dimen163
\pgf@yx=\dimen164
\pgf@yy=\dimen165
\pgf@zx=\dimen166
\pgf@zy=\dimen167
)
(/usr/share/texlive/texmf-dist/tex/generic/pgf/basiclayer/pgfcorepathconstruct.
code.tex
File: pgfcorepathconstruct.code.tex 2013/10/07  (rcs-revision 1.29)
\pgf@path@lastx=\dimen168
\pgf@path@lasty=\dimen169
)
(/usr/share/texlive/texmf-dist/tex/generic/pgf/basiclayer/pgfcorepathusage.code
.tex
File: pgfcorepathusage.code.tex 2014/11/02  (rcs-revision 1.24)
\pgf@shorten@end@additional=\dimen170
\pgf@shorten@start@additional=\dimen171
)
(/usr/share/texlive/texmf-dist/tex/generic/pgf/basiclayer/pgfcorescopes.code.te
x
File: pgfcorescopes.code.tex 2015/05/08  (rcs-revision 1.46)
\pgfpic=\box61
\pgf@hbox=\box62
\pgf@layerbox@main=\box63
\pgf@picture@serial@count=\count132
)
(/usr/share/texlive/texmf-dist/tex/generic/pgf/basiclayer/pgfcoregraphicstate.c
ode.tex
File: pgfcoregraphicstate.code.tex 2014/11/02  (rcs-revision 1.12)
\pgflinewidth=\dimen172
)
(/usr/share/texlive/texmf-dist/tex/generic/pgf/basiclayer/pgfcoretransformation
s.code.tex
File: pgfcoretransformations.code.tex 2015/08/07  (rcs-revision 1.20)
\pgf@pt@x=\dimen173
\pgf@pt@y=\dimen174
\pgf@pt@temp=\dimen175
)
(/usr/share/texlive/texmf-dist/tex/generic/pgf/basiclayer/pgfcorequick.code.tex
File: pgfcorequick.code.tex 2008/10/09  (rcs-revision 1.3)
)
(/usr/share/texlive/texmf-dist/tex/generic/pgf/basiclayer/pgfcoreobjects.code.t
ex
File: pgfcoreobjects.code.tex 2006/10/11  (rcs-revision 1.2)
)
(/usr/share/texlive/texmf-dist/tex/generic/pgf/basiclayer/pgfcorepathprocessing
.code.tex
File: pgfcorepathprocessing.code.tex 2013/09/09  (rcs-revision 1.9)
)
(/usr/share/texlive/texmf-dist/tex/generic/pgf/basiclayer/pgfcorearrows.code.te
x
File: pgfcorearrows.code.tex 2015/05/14  (rcs-revision 1.43)
\pgfarrowsep=\dimen176
)
(/usr/share/texlive/texmf-dist/tex/generic/pgf/basiclayer/pgfcoreshade.code.tex
File: pgfcoreshade.code.tex 2013/07/15  (rcs-revision 1.15)
\pgf@max=\dimen177
\pgf@sys@shading@range@num=\count133
)
(/usr/share/texlive/texmf-dist/tex/generic/pgf/basiclayer/pgfcoreimage.code.tex
File: pgfcoreimage.code.tex 2013/07/15  (rcs-revision 1.18)

(/usr/share/texlive/texmf-dist/tex/generic/pgf/basiclayer/pgfcoreexternal.code.
tex
File: pgfcoreexternal.code.tex 2014/07/09  (rcs-revision 1.21)
\pgfexternal@startupbox=\box64
))
(/usr/share/texlive/texmf-dist/tex/generic/pgf/basiclayer/pgfcorelayers.code.te
x
File: pgfcorelayers.code.tex 2013/07/18  (rcs-revision 1.7)
)
(/usr/share/texlive/texmf-dist/tex/generic/pgf/basiclayer/pgfcoretransparency.c
ode.tex
File: pgfcoretransparency.code.tex 2013/09/30  (rcs-revision 1.5)
)
(/usr/share/texlive/texmf-dist/tex/generic/pgf/basiclayer/pgfcorepatterns.code.
tex
File: pgfcorepatterns.code.tex 2013/11/07  (rcs-revision 1.5)
)))
(/usr/share/texlive/texmf-dist/tex/generic/pgf/modules/pgfmoduleshapes.code.tex
File: pgfmoduleshapes.code.tex 2014/03/21  (rcs-revision 1.35)
\pgfnodeparttextbox=\box65
) (/usr/share/texlive/texmf-dist/tex/generic/pgf/modules/pgfmoduleplot.code.tex
File: pgfmoduleplot.code.tex 2015/08/03  (rcs-revision 1.13)
)
(/usr/share/texlive/texmf-dist/tex/latex/pgf/compatibility/pgfcomp-version-0-65
.sty
Package: pgfcomp-version-0-65 2007/07/03 v3.0.1a (rcs-revision 1.7)
\pgf@nodesepstart=\dimen178
\pgf@nodesepend=\dimen179
)
(/usr/share/texlive/texmf-dist/tex/latex/pgf/compatibility/pgfcomp-version-1-18
.sty
Package: pgfcomp-version-1-18 2007/07/23 v3.0.1a (rcs-revision 1.1)
)) (/usr/share/texlive/texmf-dist/tex/latex/pgf/utilities/pgffor.sty
(/usr/share/texlive/texmf-dist/tex/latex/pgf/utilities/pgfkeys.sty
(/usr/share/texlive/texmf-dist/tex/generic/pgf/utilities/pgfkeys.code.tex))
(/usr/share/texlive/texmf-dist/tex/latex/pgf/math/pgfmath.sty
(/usr/share/texlive/texmf-dist/tex/generic/pgf/math/pgfmath.code.tex))
(/usr/share/texlive/texmf-dist/tex/generic/pgf/utilities/pgffor.code.tex
Package: pgffor 2013/12/13 v3.0.1a (rcs-revision 1.25)

(/usr/share/texlive/texmf-dist/tex/generic/pgf/math/pgfmath.code.tex)
\pgffor@iter=\dimen180
\pgffor@skip=\dimen181
\pgffor@stack=\toks49
\pgffor@toks=\toks50
))
(/usr/share/texlive/texmf-dist/tex/generic/pgf/frontendlayer/tikz/tikz.code.tex
Package: tikz 2015/08/07 v3.0.1a (rcs-revision 1.151)

(/usr/share/texlive/texmf-dist/tex/generic/pgf/libraries/pgflibraryplothandlers
.code.tex
File: pgflibraryplothandlers.code.tex 2013/08/31 v3.0.1a (rcs-revision 1.20)
\pgf@plot@mark@count=\count134
\pgfplotmarksize=\dimen182
)
\tikz@lastx=\dimen183
\tikz@lasty=\dimen184
\tikz@lastxsaved=\dimen185
\tikz@lastysaved=\dimen186
\tikzleveldistance=\dimen187
\tikzsiblingdistance=\dimen188
\tikz@figbox=\box66
\tikz@figbox@bg=\box67
\tikz@tempbox=\box68
\tikz@tempbox@bg=\box69
\tikztreelevel=\count135
\tikznumberofchildren=\count136
\tikznumberofcurrentchild=\count137
\tikz@fig@count=\count138

(/usr/share/texlive/texmf-dist/tex/generic/pgf/modules/pgfmodulematrix.code.tex
File: pgfmodulematrix.code.tex 2013/09/17  (rcs-revision 1.8)
\pgfmatrixcurrentrow=\count139
\pgfmatrixcurrentcolumn=\count140
\pgf@matrix@numberofcolumns=\count141
)
\tikz@expandcount=\count142

(/usr/share/texlive/texmf-dist/tex/generic/pgf/frontendlayer/tikz/libraries/tik
zlibrarytopaths.code.tex
File: tikzlibrarytopaths.code.tex 2008/06/17 v3.0.1a (rcs-revision 1.2)
)))
(/usr/share/texlive/texmf-dist/tex/luatex/luatexbase/luatexbase.sty
Package: luatexbase 2015/10/04 v1.3 luatexbase interface to LuaTeX 

(/usr/share/texlive/texmf-dist/tex/luatex/ctablestack/ctablestack.sty
Package: ctablestack 2015/10/01 v1.0 Catcode table stable support
\@catcodetablestackcnt=\count143
)
\CatcodeTableOther=\catcodetable5
\CatcodeTableExpl=\catcodetable6
)
(/usr/share/texlive/texmf-dist/tex/generic/pgfplots/pgfplots.code.tex
(/usr/share/texlive/texmf-dist/tex/generic/pgfplots/pgfplotscore.code.tex
Package pgfplots info on input line 124: Initializing with LUA version Lua 5.2
\pgfplots@luabackend@table=\catcodetable7
\t@pgfplots@toka=\toks51
\t@pgfplots@tokb=\toks52
\t@pgfplots@tokc=\toks53
\pgfplots@tmpa=\dimen189
\c@pgfplots@coordindex=\count144
\c@pgfplots@scanlineindex=\count145

(/usr/share/texlive/texmf-dist/tex/generic/pgfplots/sys/pgfplotssysgeneric.code
.tex))
(/usr/share/texlive/texmf-dist/tex/generic/pgfplots/libs/pgfplotslibrary.code.t
ex)
(/usr/share/texlive/texmf-dist/tex/generic/pgfplots/oldpgfcompatib/pgfplotsoldp
gfsupp_loader.code.tex
(/usr/share/texlive/texmf-dist/tex/generic/pgf/libraries/pgflibraryfpu.code.tex
)
Package pgfplots: loading complementary arithmetics for your pgf version...

(/usr/share/texlive/texmf-dist/tex/generic/pgfplots/oldpgfcompatib/pgfplotsoldp
gfsupp_pgflibraryfpu.code.tex)
(/usr/share/texlive/texmf-dist/tex/generic/pgfplots/oldpgfcompatib/pgfplotsoldp
gfsupp_pgfmathfloat.code.tex
\c@pgfmathroundto@lastzeros=\count146
)
(/usr/share/texlive/texmf-dist/tex/generic/pgf/libraries/luamath/pgflibraryluam
ath.code.tex)
Package pgfplots info on input line 222: luamath library shipped with pgf 3.0.1a
 is up-to-date
)
(/usr/share/texlive/texmf-dist/tex/generic/pgfplots/util/pgfplotsutil.code.tex
Package pgfplots info on input line 82: Found new luatex: initializing lua comma
nds instead of write18 (shell-escape)

(/usr/share/texlive/texmf-dist/tex/generic/pgfplots/liststructure/pgfplotslists
tructure.code.tex)
(/usr/share/texlive/texmf-dist/tex/generic/pgfplots/liststructure/pgfplotslists
tructureext.code.tex)
(/usr/share/texlive/texmf-dist/tex/generic/pgfplots/liststructure/pgfplotsarray
.code.tex
\c@pgfplotsarray@tmp=\count147
)
(/usr/share/texlive/texmf-dist/tex/generic/pgfplots/liststructure/pgfplotsmatri
x.code.tex)
(/usr/share/texlive/texmf-dist/tex/generic/pgfplots/numtable/pgfplotstableshare
d.code.tex
\c@pgfplotstable@counta=\count148
\t@pgfplotstable@a=\toks54
)
(/usr/share/texlive/texmf-dist/tex/generic/pgfplots/liststructure/pgfplotsdeque
.code.tex)
(/usr/share/texlive/texmf-dist/tex/generic/pgfplots/util/pgfplotsbinary.code.te
x
(/usr/share/texlive/texmf-dist/tex/generic/pgfplots/util/pgfplotsbinary.data.co
de.tex))
(/usr/share/texlive/texmf-dist/tex/generic/pgfplots/util/pgfplotsutil.verb.code
.tex)
(/usr/share/texlive/texmf-dist/tex/generic/pgfplots/libs/pgflibrarypgfplots.sur
fshading.code.tex
\c@pgfplotslibrarysurf@no=\count149

(/usr/share/texlive/texmf-dist/tex/generic/pgfplots/sys/pgflibrarypgfplots.surf
shading.pgfsys-luatex.def)))
(/usr/share/texlive/texmf-dist/tex/generic/pgfplots/util/pgfplotscolormap.code.
tex
(/usr/share/texlive/texmf-dist/tex/generic/pgfplots/util/pgfplotscolor.code.tex
))
(/usr/share/texlive/texmf-dist/tex/generic/pgfplots/pgfplotsstackedplots.code.t
ex)
(/usr/share/texlive/texmf-dist/tex/generic/pgfplots/pgfplotsplothandlers.code.t
ex
(/usr/share/texlive/texmf-dist/tex/generic/pgfplots/pgfplotsmeshplothandler.cod
e.tex
(/usr/share/texlive/texmf-dist/tex/generic/pgfplots/pgfplotsmeshplotimage.code.
tex)))
(/usr/share/texlive/texmf-dist/tex/generic/pgfplots/pgfplots.scaling.code.tex)
(/usr/share/texlive/texmf-dist/tex/generic/pgfplots/pgfplotscoordprocessing.cod
e.tex)
(/usr/share/texlive/texmf-dist/tex/generic/pgfplots/pgfplots.errorbars.code.tex
) (/usr/share/texlive/texmf-dist/tex/generic/pgfplots/pgfplots.markers.code.tex
) (/usr/share/texlive/texmf-dist/tex/generic/pgfplots/pgfplotsticks.code.tex)
(/usr/share/texlive/texmf-dist/tex/generic/pgfplots/pgfplots.paths.code.tex)
(/usr/share/texlive/texmf-dist/tex/generic/pgf/frontendlayer/tikz/libraries/tik
zlibrarydecorations.code.tex
(/usr/share/texlive/texmf-dist/tex/generic/pgf/modules/pgfmoduledecorations.cod
e.tex
\pgfdecoratedcompleteddistance=\dimen190
\pgfdecoratedremainingdistance=\dimen191
\pgfdecoratedinputsegmentcompleteddistance=\dimen192
\pgfdecoratedinputsegmentremainingdistance=\dimen193
\pgf@decorate@distancetomove=\dimen194
\pgf@decorate@repeatstate=\count150
\pgfdecorationsegmentamplitude=\dimen195
\pgfdecorationsegmentlength=\dimen196
)
\tikz@lib@dec@box=\box70
)
(/usr/share/texlive/texmf-dist/tex/generic/pgf/frontendlayer/tikz/libraries/tik
zlibrarydecorations.pathmorphing.code.tex
(/usr/share/texlive/texmf-dist/tex/generic/pgf/libraries/decorations/pgflibrary
decorations.pathmorphing.code.tex))
(/usr/share/texlive/texmf-dist/tex/generic/pgf/frontendlayer/tikz/libraries/tik
zlibrarydecorations.pathreplacing.code.tex
(/usr/share/texlive/texmf-dist/tex/generic/pgf/libraries/decorations/pgflibrary
decorations.pathreplacing.code.tex))
\pgfplots@numplots=\count151
\pgfplots@xmin@reg=\dimen197
\pgfplots@xmax@reg=\dimen198
\pgfplots@ymin@reg=\dimen199
\pgfplots@ymax@reg=\dimen256
\pgfplots@zmin@reg=\dimen257
\pgfplots@zmax@reg=\dimen258
)
(/usr/share/texlive/texmf-dist/tex/generic/pgf/frontendlayer/tikz/libraries/tik
zlibraryplotmarks.code.tex
File: tikzlibraryplotmarks.code.tex 2008/01/09 v3.0.1a (rcs-revision 1.1)

(/usr/share/texlive/texmf-dist/tex/generic/pgf/libraries/pgflibraryplotmarks.co
de.tex
File: pgflibraryplotmarks.code.tex 2015/08/03 v3.0.1a (rcs-revision 1.14)
)))
(/usr/share/texlive/texmf-dist/tex/latex/filecontents/filecontents.sty
Package: filecontents 2011/10/08 v1.3 Create an external file from within a LaTe
X document
)
(/usr/share/texlive/texmf-dist/tex/generic/pgfplots/libs/tikzlibrarypgfplots.pa
tchplots.code.tex)
(/usr/share/texlive/texmf-dist/tex/generic/pgf/frontendlayer/tikz/libraries/tik
zlibrarybackgrounds.code.tex
File: tikzlibrarybackgrounds.code.tex 2013/07/18 v3.0.1a (rcs-revision 1.3)
\pgf@layerbox@background=\box71
\pgf@layerboxsaved@background=\box72
)
(/usr/share/texlive/texmf-dist/tex/generic/pgf/frontendlayer/tikz/libraries/gra
phs/tikzlibrarygraphs.code.tex
File: tikzlibrarygraphs.code.tex 2015/06/05 v3.0.1a (rcs-revision 1.44)
\tikz@lib@auto@number=\count152
\tikz@qnode@count=\count153
)
(/usr/share/texlive/texmf-dist/tex/generic/pgf/frontendlayer/tikz/libraries/gra
phs/tikzlibrarygraphs.standard.code.tex
File: tikzlibrarygraphs.standard.code.tex 2012/02/27 v3.0.1a (rcs-revision 1.9)
)
(/usr/share/texlive/texmf-dist/tex/generic/pgf/graphdrawing/tex/tikzlibrarygrap
hdrawing.code.tex
File: tikzlibrarygraphdrawing.code.tex 2013/08/05 v3.0.1a (rcs-revision 1.20)

(/usr/share/texlive/texmf-dist/tex/generic/pgf/graphdrawing/tex/pgflibrarygraph
drawing.code.tex
File: pgflibrarygraphdrawing.code.tex 2015/06/08 v3.0.1a (rcs-revision 1.39)
\pgf@gd@parameter@stack@height=\count154
\pgf@gd@node@box=\box73
\pgf@gd@edge@box=\box74
\pgf@gd@prekind@box=\box75
\pgf@gd@postkind@box=\box76
)) (/usr/share/texlive/texmf-dist/tex/latex/psnfss/pifont.sty
Package: pifont 2005/04/12 PSNFSS-v9.2a Pi font support (SPQR) 
LaTeX Font Info:    Try loading font information for U+pzd on input line 63.

(/usr/share/texlive/texmf-dist/tex/latex/psnfss/upzd.fd
File: upzd.fd 2001/06/04 font definitions for U/pzd.
)
LaTeX Font Info:    Try loading font information for U+psy on input line 64.

(/usr/share/texlive/texmf-dist/tex/latex/psnfss/upsy.fd
File: upsy.fd 2001/06/04 font definitions for U/psy.
))
(/usr/share/texlive/texmf-dist/tex/latex/colortbl/colortbl.sty
Package: colortbl 2012/02/13 v1.0a Color table columns (DPC)
\everycr=\toks55
\minrowclearance=\skip53
)
(/usr/share/texlive/texmf-dist/tex/latex/hyperref/hyperref.sty
Package: hyperref 2016/06/24 v6.83q Hypertext links for LaTeX

(/usr/share/texlive/texmf-dist/tex/generic/oberdiek/hobsub-hyperref.sty
Package: hobsub-hyperref 2016/05/16 v1.14 Bundle oberdiek, subset hyperref (HO)

(/usr/share/texlive/texmf-dist/tex/generic/oberdiek/hobsub-generic.sty
Package: hobsub-generic 2016/05/16 v1.14 Bundle oberdiek, subset generic (HO)
Package: hobsub 2016/05/16 v1.14 Construct package bundles (HO)
Package hobsub Info: Skipping package `infwarerr' (already loaded).
Package hobsub Info: Skipping package `ltxcmds' (already loaded).
Package: ifluatex 2016/05/16 v1.4 Provides the ifluatex switch (HO)
Package ifluatex Info: LuaTeX detected.
Package: ifvtex 2016/05/16 v1.6 Detect VTeX and its facilities (HO)
Package ifvtex Info: VTeX not detected.
Package: intcalc 2016/05/16 v1.2 Expandable calculations with integers (HO)
Package hobsub Info: Skipping package `ifpdf' (already loaded).
Package: etexcmds 2016/05/16 v1.6 Avoid name clashes with e-TeX commands (HO)
Package: kvsetkeys 2016/05/16 v1.17 Key value parser (HO)
Package: kvdefinekeys 2016/05/16 v1.4 Define keys (HO)
Package: luatex-loader 2016/05/16 v0.6 Lua module loader (HO)

(/usr/share/texlive/texmf-dist/scripts/oberdiek/oberdiek.luatex.lua)
Package: pdftexcmds 2016/05/21 v0.22 Utility functions of pdfTeX for LuaTeX (HO)

Package pdftexcmds Info: \pdf@primitive is available.
Package pdftexcmds Info: \pdf@ifprimitive is available.
Package pdftexcmds Info: \pdfdraftmode found.
\pdftexcmds@toks=\toks56
Package: pdfescape 2016/05/16 v1.14 Implements pdfTeX's escape features (HO)
Package: bigintcalc 2016/05/16 v1.4 Expandable calculations on big integers (HO)

Package: bitset 2016/05/16 v1.2 Handle bit-vector datatype (HO)
Package: uniquecounter 2016/05/16 v1.3 Provide unlimited unique counter (HO)
)
Package hobsub Info: Skipping package `hobsub' (already loaded).
Package: letltxmacro 2016/05/16 v1.5 Let assignment for LaTeX macros (HO)
Package: hopatch 2016/05/16 v1.3 Wrapper for package hooks (HO)
Package: xcolor-patch 2016/05/16 xcolor patch
Package: atveryend 2016/05/16 v1.9 Hooks at the very end of document (HO)
Package atveryend Info: \enddocument detected (standard20110627).
Package hobsub Info: Skipping package `atbegshi' (already loaded).
Package: refcount 2016/05/16 v3.5 Data extraction from label references (HO)
Package: hycolor 2016/05/16 v1.8 Color options for hyperref/bookmark (HO)
)
(/usr/share/texlive/texmf-dist/tex/generic/ifxetex/ifxetex.sty
Package: ifxetex 2010/09/12 v0.6 Provides ifxetex conditional
)
(/usr/share/texlive/texmf-dist/tex/latex/oberdiek/auxhook.sty
Package: auxhook 2016/05/16 v1.4 Hooks for auxiliary files (HO)
)
(/usr/share/texlive/texmf-dist/tex/latex/oberdiek/kvoptions.sty
Package: kvoptions 2016/05/16 v3.12 Key value format for package options (HO)
)
\@linkdim=\dimen259
\Hy@linkcounter=\count155
\Hy@pagecounter=\count156

(/usr/share/texlive/texmf-dist/tex/latex/hyperref/pd1enc.def
File: pd1enc.def 2016/06/24 v6.83q Hyperref: PDFDocEncoding definition (HO)
)
\Hy@SavedSpaceFactor=\count157

(/usr/share/texlive/texmf-dist/tex/latex/latexconfig/hyperref.cfg
File: hyperref.cfg 2002/06/06 v1.2 hyperref configuration of TeXLive
)
Package hyperref Info: Hyper figures OFF on input line 4486.
Package hyperref Info: Link nesting OFF on input line 4491.
Package hyperref Info: Hyper index ON on input line 4494.
Package hyperref Info: Plain pages OFF on input line 4501.
Package hyperref Info: Backreferencing OFF on input line 4506.
Package hyperref Info: Implicit mode ON; LaTeX internals redefined.
Package hyperref Info: Bookmarks ON on input line 4735.
\c@Hy@tempcnt=\count158

(/usr/share/texlive/texmf-dist/tex/latex/url/url.sty
\Urlmuskip=\muskip11
Package: url 2013/09/16  ver 3.4  Verb mode for urls, etc.
)
LaTeX Info: Redefining \url on input line 5088.
\XeTeXLinkMargin=\dimen260
\Fld@menulength=\count159
\Field@Width=\dimen261
\Fld@charsize=\dimen262
Package hyperref Info: Hyper figures OFF on input line 6342.
Package hyperref Info: Link nesting OFF on input line 6347.
Package hyperref Info: Hyper index ON on input line 6350.
Package hyperref Info: backreferencing OFF on input line 6357.
Package hyperref Info: Link coloring OFF on input line 6362.
Package hyperref Info: Link coloring with OCG OFF on input line 6367.
Package hyperref Info: PDF/A mode OFF on input line 6372.
LaTeX Info: Redefining \ref on input line 6412.
LaTeX Info: Redefining \pageref on input line 6416.


Package hyperref Warning: Option `pdfpagelabels' is turned off
(hyperref)                because \thepage is undefined.

\c@Item=\count160
\c@Hfootnote=\count161
)

Package hyperref Message: Driver (autodetected): hluatex.

(/usr/share/texlive/texmf-dist/tex/latex/hyperref/hluatex.def
File: hluatex.def 2016/06/24 v6.83q Hyperref driver for luaTeX
\Fld@listcount=\count162
\c@bookmark@seq@number=\count163

(/usr/share/texlive/texmf-dist/tex/latex/oberdiek/rerunfilecheck.sty
Package: rerunfilecheck 2016/05/16 v1.8 Rerun checks for auxiliary files (HO)
Package uniquecounter Info: New unique counter `rerunfilecheck' on input line 28
2.
)
\Hy@SectionHShift=\skip54
)
Package hyperref Info: Option `pdftoolbar' set `true' on input line 93.
Package hyperref Info: Option `pdfmenubar' set `true' on input line 93.
Package hyperref Info: Option `pdffitwindow' set `true' on input line 93.
Package hyperref Info: Option `pdfnewwindow' set `true' on input line 93.
Package hyperref Info: Option `colorlinks' set `true' on input line 93.

(/usr/share/texlive/texmf-dist/tex/latex/biblatex/biblatex.sty
Package: biblatex 2016/12/05 v3.7 programmable bibliographies (PK/JW/AB)

(/usr/share/texlive/texmf-dist/tex/latex/etoolbox/etoolbox.sty
Package: etoolbox 2017/01/02 v2.4 e-TeX tools for LaTeX (JAW)
\etb@tempcnta=\count164
)
(/usr/share/texlive/texmf-dist/tex/latex/logreq/logreq.sty
Package: logreq 2010/08/04 v1.0 xml request logger
\lrq@indent=\count165

(/usr/share/texlive/texmf-dist/tex/latex/logreq/logreq.def
File: logreq.def 2010/08/04 v1.0 logreq spec v1.0
))
(/usr/share/texlive/texmf-dist/tex/generic/xstring/xstring.sty
(/usr/share/texlive/texmf-dist/tex/generic/xstring/xstring.tex
\@xs@message=\write4
\integerpart=\count166
\decimalpart=\count167
)
Package: xstring 2013/10/13  v1.7c  String manipulations (C Tellechea)
)
\c@tabx@nest=\count168
\c@listtotal=\count169
\c@listcount=\count170
\c@liststart=\count171
\c@liststop=\count172
\c@citecount=\count173
\c@citetotal=\count174
\c@multicitecount=\count175
\c@multicitetotal=\count176
\c@instcount=\count177
\c@maxnames=\count178
\c@minnames=\count179
\c@maxitems=\count180
\c@minitems=\count181
\c@citecounter=\count182
\c@savedcitecounter=\count183
\c@uniquelist=\count184
\c@uniquename=\count185
\c@refsection=\count186
\c@refsegment=\count187
\c@maxextratitle=\count188
\c@maxextratitleyear=\count189
\c@maxextrayear=\count190
\c@maxextraalpha=\count191
\c@abbrvpenalty=\count192
\c@highnamepenalty=\count193
\c@lownamepenalty=\count194
\c@maxparens=\count195
\c@parenlevel=\count196
\blx@tempcnta=\count197
\blx@tempcntb=\count198
\blx@tempcntc=\count199
\blx@maxsection=\count266
\blx@maxsegment@0=\count267
\blx@notetype=\count268
\blx@parenlevel@text=\count269
\blx@parenlevel@foot=\count270
\blx@sectionciteorder@0=\count271
\labelnumberwidth=\skip55
\labelalphawidth=\skip56
\biblabelsep=\skip57
\bibitemsep=\skip58
\bibnamesep=\skip59
\bibinitsep=\skip60
\bibparsep=\skip61
\bibhang=\skip62
\blx@bcfin=\read2
\blx@bcfout=\write5
\c@mincomprange=\count272
\c@maxcomprange=\count273
\c@mincompwidth=\count274
Package biblatex Info: Trying to load biblatex default data model...
Package biblatex Info: ... file 'blx-dm.def' found.

(/usr/share/texlive/texmf-dist/tex/latex/biblatex/blx-dm.def)
Package biblatex Info: Trying to load biblatex style data model...
Package biblatex Info: ... file 'numeric.dbx' not found.
Package biblatex Info: Trying to load biblatex custom data model...
Package biblatex Info: ... file 'biblatex-dm.cfg' not found.
\c@afterword=\count275
\c@savedafterword=\count276
\c@annotator=\count277
\c@savedannotator=\count278
\c@author=\count279
\c@savedauthor=\count280
\c@bookauthor=\count281
\c@savedbookauthor=\count282
\c@commentator=\count283
\c@savedcommentator=\count284
\c@editor=\count285
\c@savededitor=\count286
\c@editora=\count287
\c@savededitora=\count288
\c@editorb=\count289
\c@savededitorb=\count290
\c@editorc=\count291
\c@savededitorc=\count292
\c@foreword=\count293
\c@savedforeword=\count294
\c@holder=\count295
\c@savedholder=\count296
\c@introduction=\count297
\c@savedintroduction=\count298
\c@namea=\count299
\c@savednamea=\count300
\c@nameb=\count301
\c@savednameb=\count302
\c@namec=\count303
\c@savednamec=\count304
\c@translator=\count305
\c@savedtranslator=\count306
\c@shortauthor=\count307
\c@savedshortauthor=\count308
\c@shorteditor=\count309
\c@savedshorteditor=\count310
\c@labelname=\count311
\c@savedlabelname=\count312
\c@institution=\count313
\c@savedinstitution=\count314
\c@lista=\count315
\c@savedlista=\count316
\c@listb=\count317
\c@savedlistb=\count318
\c@listc=\count319
\c@savedlistc=\count320
\c@listd=\count321
\c@savedlistd=\count322
\c@liste=\count323
\c@savedliste=\count324
\c@listf=\count325
\c@savedlistf=\count326
\c@location=\count327
\c@savedlocation=\count328
\c@organization=\count329
\c@savedorganization=\count330
\c@origlocation=\count331
\c@savedoriglocation=\count332
\c@origpublisher=\count333
\c@savedorigpublisher=\count334
\c@publisher=\count335
\c@savedpublisher=\count336
\c@language=\count337
\c@savedlanguage=\count338
\c@pageref=\count339
\c@savedpageref=\count340
\shorthandwidth=\skip63
\shortjournalwidth=\skip64
\shortserieswidth=\skip65
\shorttitlewidth=\skip66
\shortauthorwidth=\skip67
\shorteditorwidth=\skip68
Package biblatex Info: Trying to load compatibility code...
Package biblatex Info: ... file 'blx-compat.def' found.

(/usr/share/texlive/texmf-dist/tex/latex/biblatex/blx-compat.def
File: blx-compat.def 2016/12/05 v3.7 biblatex compatibility (PK/JW/AB)
)
Package biblatex Info: Trying to load generic definitions...
Package biblatex Info: ... file 'biblatex.def' found.

(/usr/share/texlive/texmf-dist/tex/latex/biblatex/biblatex.def
File: biblatex.def 2016/12/05 v3.7 biblatex compatibility (PK/JW/AB)
\c@textcitecount=\count341
\c@textcitetotal=\count342
\c@textcitemaxnames=\count343
\c@biburlnumpenalty=\count344
\c@biburlucpenalty=\count345
\c@biburllcpenalty=\count346
\c@smartand=\count347


Package biblatex Warning: Redefining '\citeyear'.

)
Package biblatex Info: Trying to load bibliography style 'numeric'...
Package biblatex Info: ... file 'numeric.bbx' found.
 (/usr/share/texlive/texmf-dist/tex/latex/biblatex/bbx/numeric.bbx
File: numeric.bbx 2016/12/05 v3.7 biblatex bibliography style (PK/JW/AB)
Package biblatex Info: Trying to load bibliography style 'standard'...
Package biblatex Info: ... file 'standard.bbx' found.

(/usr/share/texlive/texmf-dist/tex/latex/biblatex/bbx/standard.bbx
File: standard.bbx 2016/12/05 v3.7 biblatex bibliography style (PK/JW/AB)
\c@bbx:relatedcount=\count348
\c@bbx:relatedtotal=\count349
))
Package biblatex Info: Trying to load citation style 'numeric'...
Package biblatex Info: ... file 'numeric.cbx' found.

(/usr/share/texlive/texmf-dist/tex/latex/biblatex/cbx/numeric.cbx
File: numeric.cbx 2016/12/05 v3.7 biblatex citation style (PK/JW/AB)
Package biblatex Info: Redefining '\cite'.
Package biblatex Info: Redefining '\parencite'.
Package biblatex Info: Redefining '\footcite'.
Package biblatex Info: Redefining '\footcitetext'.
Package biblatex Info: Redefining '\smartcite'.
Package biblatex Info: Redefining '\supercite'.
Package biblatex Info: Redefining '\textcite'.
Package biblatex Info: Redefining '\textcites'.
Package biblatex Info: Redefining '\cites'.
Package biblatex Info: Redefining '\parencites'.
Package biblatex Info: Redefining '\smartcites'.
)
Package biblatex Info: Trying to load configuration file...
Package biblatex Info: ... file 'biblatex.cfg' found.

(/usr/share/texlive/texmf-dist/tex/latex/biblatex/biblatex.cfg
File: biblatex.cfg 
))
\c@todo=\count350

(/usr/share/texlive/texmf-dist/tex/latex/tcolorbox/tcolorbox.sty
Package: tcolorbox 2016/11/18 version 3.96 text color boxes

(/usr/share/texlive/texmf-dist/tex/latex/tools/verbatim.sty
Package: verbatim 2014/10/28 v1.5q LaTeX2e package for verbatim enhancements
\every@verbatim=\toks57
\verbatim@line=\toks58
\verbatim@in@stream=\read3
)
(/usr/share/texlive/texmf-dist/tex/latex/environ/environ.sty
Package: environ 2014/05/04 v0.3 A new way to define environments

(/usr/share/texlive/texmf-dist/tex/latex/trimspaces/trimspaces.sty
Package: trimspaces 2009/09/17 v1.1 Trim spaces around a token list
))
\tcb@titlebox=\box77
\tcb@upperbox=\box78
\tcb@lowerbox=\box79
\tcb@phantombox=\box80
\c@tcbbreakpart=\count351
\c@tcblayer=\count352
\tcolorbox@number=\count353
\tcb@temp=\box81
\tcb@temp=\box82
\tcb@temp=\box83
\tcb@temp=\box84
\tcb@out=\write6
\tcb@record@out=\write7
)
(/usr/share/texlive/texmf-dist/tex/latex/caption/subcaption.sty
Package: subcaption 2016/05/22 v1.1-161 Sub-captions (AR)

(/usr/share/texlive/texmf-dist/tex/latex/caption/caption.sty
Package: caption 2016/02/21 v3.3-144 Customizing captions (AR)

(/usr/share/texlive/texmf-dist/tex/latex/caption/caption3.sty
Package: caption3 2016/05/22 v1.7-166 caption3 kernel (AR)
Package caption3 Info: TeX engine: e-TeX on input line 67.
\captionmargin=\dimen263
\captionmargin@=\dimen264
\captionwidth=\dimen265
\caption@tempdima=\dimen266
\caption@indent=\dimen267
\caption@parindent=\dimen268
\caption@hangindent=\dimen269
\abovecaptionskip=\skip69
\belowcaptionskip=\skip70
Package caption Info: Unknown document class (or package),
(caption)             standard defaults will be used.
)

Package caption Warning: Unsupported document class (or package) detected,
(caption)                usage of the caption package is not recommended.
See the caption package documentation for explanation.

Package caption Info: \@makecaption = \long macro:#1#2-> \vskip 10pt \setbox \@t
empboxa \hbox {\textbf {#1: #2}} \ifdim \wd \@tempboxa >\hsize \textbf {#1: #2}\
par \else \hbox to\hsize {\hfil \box \@tempboxa \hfil } \fi .
\c@ContinuedFloat=\count354
Package caption Info: hyperref package is loaded.
)
\c@subfigure=\count355
\c@subtable=\count356
) (/usr/share/texlive/texmf-dist/tex/latex/bytefield/bytefield.sty
Package: bytefield 2015/10/28 v2.3 Network protocol diagrams
\bytefield@height=\skip71
\bytefield@height@increment=\skip72
\entire@bytefield@picture=\box85
\bf@bitwidth=\skip73
\bf@bitheight=\skip74
\units@wide=\skip75
\units@tall=\skip76
\units@high=\skip77
\header@xpos=\skip78
\c@header@val=\count357
\c@max@header@val=\count358
\curly@box=\box86
\wordlabelr@start=\skip79
\wordlabelr@end=\skip80
\wordlabell@start=\skip81
\wordlabell@end=\skip82
\total@lbox@width=\skip83
\label@box@width=\skip84
\label@box@height=\skip85
\word@label@box=\box87
))
(../../setup/setup_paper.tex
(/usr/share/texlive/texmf-dist/tex/latex/base/inputenc.sty
Package: inputenc 2015/03/17 v1.2c Input encoding file
\inpenc@prehook=\toks59
\inpenc@posthook=\toks60


Package inputenc Warning: inputenc package ignored with utf8 based engines.

) (/usr/share/texlive/texmf-dist/tex/latex/adjustbox/adjustbox.sty
Package: adjustbox 2012/05/21 v1.0 Adjusting TeX boxes (trim, clip, ...)

(/usr/share/texlive/texmf-dist/tex/latex/xkeyval/xkeyval.sty
Package: xkeyval 2014/12/03 v2.7a package option processing (HA)

(/usr/share/texlive/texmf-dist/tex/generic/xkeyval/xkeyval.tex
(/usr/share/texlive/texmf-dist/tex/generic/xkeyval/xkvutils.tex
\XKV@toks=\toks61
\XKV@tempa@toks=\toks62
)
\XKV@depth=\count359
File: xkeyval.tex 2014/12/03 v2.7a key=value parser (HA)
))
(/usr/share/texlive/texmf-dist/tex/latex/adjustbox/adjcalc.sty
Package: adjcalc 2012/05/16 v1.1 Provides advanced setlength with multiple back-
ends (calc, etex, pgfmath)
)
(/usr/share/texlive/texmf-dist/tex/latex/adjustbox/trimclip.sty
Package: trimclip 2012/05/16 v1.0 Trim and clip general TeX material

(/usr/share/texlive/texmf-dist/tex/latex/collectbox/collectbox.sty
Package: collectbox 2012/05/17 v0.4b Collect macro arguments as boxes
\collectedbox=\box88
)
\tc@llx=\dimen270
\tc@lly=\dimen271
\tc@urx=\dimen272
\tc@ury=\dimen273

(/usr/share/texlive/texmf-dist/tex/latex/adjustbox/tc-pgf.def
File: tc-pgf.def 2012/05/13 v1.0 trimclip fall-back clipping driver using PGF
)
Package trimclip Info: No clipping driver 'tc-luatex.def' available.
(trimclip)             Using fall-back PGF driver.
)
\adjbox@Width=\dimen274
\adjbox@Height=\dimen275
\adjbox@Depth=\dimen276
\adjbox@Totalheight=\dimen277

(/usr/share/texlive/texmf-dist/tex/latex/ifoddpage/ifoddpage.sty
Package: ifoddpage 2016/04/23 v1.1 Conditionals for odd/even page detection
\c@checkoddpage=\count360
)
(/usr/share/texlive/texmf-dist/tex/latex/varwidth/varwidth.sty
Package: varwidth 2009/03/30 ver 0.92;  Variable-width minipages
\@vwid@box=\box89
\sift@deathcycles=\count361
\@vwid@loff=\dimen278
\@vwid@roff=\dimen279
))
(/usr/share/texlive/texmf-dist/tex/latex/siunitx/siunitx.sty
(/usr/share/texlive/texmf-dist/tex/latex/l3kernel/expl3.sty
Package: expl3 2016/11/21 v6760 L3 programming layer (loader) 

(/usr/share/texlive/texmf-dist/tex/latex/l3kernel/expl3-code.tex
Package: expl3 2016/11/21 v6760 L3 programming layer (code)
L3 Module: l3bootstrap 2016/06/13 v6596 L3 Bootstrap code
\ucharcat@table=\catcodetable8
L3 Module: l3names 2016/10/13 v6722 L3 Namespace for primitives
L3 Module: l3basics 2016/09/01 v6696 L3 Basic definitions
L3 Module: l3expan 2016/08/19 v6684 L3 Argument expansion
L3 Module: l3tl 2016/08/19 v6692 L3 Token lists
L3 Module: l3str 2016/08/19 v6692 L3 Strings
L3 Module: l3seq 2016/08/19 v6685 L3 Sequences and stacks
L3 Module: l3int 2016/09/07 v6700 L3 Integers
\c_max_int=\count362
\l_tmpa_int=\count363
\l_tmpb_int=\count364
\g_tmpa_int=\count365
\g_tmpb_int=\count366
L3 Module: l3quark 2016/08/19 v6685 L3 Quarks
L3 Module: l3prg 2016/08/18 v6679 L3 Control structures
\g__prg_map_int=\count367
L3 Module: l3clist 2016/08/19 v6685 L3 Comma separated lists
L3 Module: l3token 2016/09/01 v6695 L3 Experimental token manipulation
L3 Module: l3prop 2016/08/19 v6685 L3 Property lists
L3 Module: l3msg 2016/08/19 v6691 L3 Messages
L3 Module: l3file 2016/08/19 v6685 L3 File and I/O operations
\l_iow_line_count_int=\count368
\l__iow_target_count_int=\count369
\l__iow_current_line_int=\count370
\l__iow_current_word_int=\count371
\l__iow_current_indentation_int=\count372
L3 Module: l3skip 2016/08/19 v6692 L3 Dimensions and skips
\c_zero_dim=\dimen280
\c_max_dim=\dimen281
\l_tmpa_dim=\dimen282
\l_tmpb_dim=\dimen283
\g_tmpa_dim=\dimen284
\g_tmpb_dim=\dimen285
\c_zero_skip=\skip86
\c_max_skip=\skip87
\l_tmpa_skip=\skip88
\l_tmpb_skip=\skip89
\g_tmpa_skip=\skip90
\g_tmpb_skip=\skip91
\c_zero_muskip=\muskip12
\c_max_muskip=\muskip13
\l_tmpa_muskip=\muskip14
\l_tmpb_muskip=\muskip15
\g_tmpa_muskip=\muskip16
\g_tmpb_muskip=\muskip17
L3 Module: l3keys 2016/09/21 v6711 L3 Key-value interfaces
\l_keys_choice_int=\count373
L3 Module: l3fp 2016/11/21 v6761 L3 Floating points
\c__fp_leading_shift_int=\count374
\c__fp_middle_shift_int=\count375
\c__fp_trailing_shift_int=\count376
\c__fp_big_leading_shift_int=\count377
\c__fp_big_middle_shift_int=\count378
\c__fp_big_trailing_shift_int=\count379
\c__fp_Bigg_leading_shift_int=\count380
\c__fp_Bigg_middle_shift_int=\count381
\c__fp_Bigg_trailing_shift_int=\count382
L3 Module: l3box 2016/08/19 v6685 L3 Experimental boxes
\c_empty_box=\box90
\l_tmpa_box=\box91
\l_tmpb_box=\box92
\g_tmpa_box=\box93
\g_tmpb_box=\box94
L3 Module: l3coffins 2016/08/19 v6685 L3 Coffin code layer
\l__coffin_internal_box=\box95
\l__coffin_internal_dim=\dimen286
\l__coffin_offset_x_dim=\dimen287
\l__coffin_offset_y_dim=\dimen288
\l__coffin_x_dim=\dimen289
\l__coffin_y_dim=\dimen290
\l__coffin_x_prime_dim=\dimen291
\l__coffin_y_prime_dim=\dimen292
\c_empty_coffin=\box96
\l__coffin_aligned_coffin=\box97
\l__coffin_aligned_internal_coffin=\box98
\l_tmpa_coffin=\box99
\l_tmpb_coffin=\box100
\l__coffin_display_coffin=\box101
\l__coffin_display_coord_coffin=\box102
\l__coffin_display_pole_coffin=\box103
\l__coffin_display_offset_dim=\dimen293
\l__coffin_display_x_dim=\dimen294
\l__coffin_display_y_dim=\dimen295
L3 Module: l3color 2016/06/13 v6596 L3 Experimental color support
L3 Module: l3sys 2015/09/25 v6087 L3 Experimental system/runtime functions
L3 Module: l3candidates 2016/08/19 v6688 L3 Experimental additions to l3kernel
\l__box_top_dim=\dimen296
\l__box_bottom_dim=\dimen297
\l__box_left_dim=\dimen298
\l__box_right_dim=\dimen299
\l__box_top_new_dim=\dimen300
\l__box_bottom_new_dim=\dimen301
\l__box_left_new_dim=\dimen302
\l__box_right_new_dim=\dimen303
\l__box_internal_box=\box104
\l__coffin_bounding_shift_dim=\dimen304
\l__coffin_left_corner_dim=\dimen305
\l__coffin_right_corner_dim=\dimen306
\l__coffin_bottom_corner_dim=\dimen307
\l__coffin_top_corner_dim=\dimen308
\l__coffin_scaled_total_height_dim=\dimen309
\l__coffin_scaled_width_dim=\dimen310
L3 Module: l3luatex 2016/08/18 v6679 L3 Experimental LuaTeX-specific functions
)
(/usr/share/texlive/texmf-dist/tex/latex/l3kernel/l3pdfmode.def
File: l3pdfmode.def 2016/08/18 v6679 L3 Experimental driver: PDF mode
\l__driver_color_stack_int=\count383
\l__driver_tmp_box=\box105
))
(/usr/share/texlive/texmf-dist/tex/latex/l3packages/xparse/xparse.sty
Package: xparse 2016/11/21 v6760 L3 Experimental document command parser
\l__xparse_current_arg_int=\count384
\l__xparse_m_args_int=\count385
\l__xparse_mandatory_args_int=\count386
\l__xparse_processor_int=\count387
\l__xparse_v_nesting_int=\count388
)
Package: siunitx 2017/01/01 v2.7a A comprehensive (SI) units package

(/usr/share/texlive/texmf-dist/tex/latex/l3packages/l3keys2e/l3keys2e.sty
Package: l3keys2e 2016/11/21 v6760 LaTeX2e option processing using LaTeX3 keys
)
\l__siunitx_tmp_box=\box106
\l__siunitx_tmp_dim=\dimen311
\l__siunitx_tmp_int=\count389
\l__siunitx_number_mantissa_length_int=\count390
\l__siunitx_number_uncert_length_int=\count391
\l__siunitx_round_int=\count392
\l__siunitx_process_decimal_int=\count393
\l__siunitx_process_uncertainty_int=\count394
\l__siunitx_process_fixed_int=\count395
\l__siunitx_process_integer_min_int=\count396
\l__siunitx_process_precision_int=\count397
\l__siunitx_group_min_int=\count398
\l__siunitx_angle_marker_box=\box107
\l__siunitx_angle_unit_box=\box108
\l__siunitx_angle_marker_dim=\dimen312
\l__siunitx_angle_unit_dim=\dimen313
\l__siunitx_unit_int=\count399
\l__siunitx_unit_denominator_int=\count400
\l__siunitx_unit_numerator_int=\count401
\l__siunitx_unit_prefix_int=\count402
\l__siunitx_unit_prefix_base_int=\count403
\l__siunitx_unit_prefix_gram_int=\count404
\l__siunitx_number_product_int=\count405
\c__siunitx_one_fill_skip=\skip92
\l__siunitx_table_unit_align_skip=\skip93
\l__siunitx_table_exponent_dim=\dimen314
\l__siunitx_table_integer_dim=\dimen315
\l__siunitx_table_mantissa_dim=\dimen316
\l__siunitx_table_marker_dim=\dimen317
\l__siunitx_table_result_dim=\dimen318
\l__siunitx_table_uncert_dim=\dimen319
\l__siunitx_table_fill_pre_dim=\dimen320
\l__siunitx_table_fill_post_dim=\dimen321
\l__siunitx_table_fill_mid_dim=\dimen322
\l__siunitx_table_pre_box=\box109
\l__siunitx_table_post_box=\box110
\l__siunitx_table_mantissa_box=\box111
\l__siunitx_table_result_box=\box112
\l__siunitx_table_number_align_skip=\skip94
\l__siunitx_table_text_align_skip=\skip95
.................................................
. LaTeX info: "xparse/define-command"
. 
. Defining command \DeclareBinaryPrefix with sig. 'mmm' on line 7249.
.................................................
.................................................
. LaTeX info: "xparse/define-command"
. 
. Defining command \DeclareSIPostPower with sig. 'mm' on line 7252.
.................................................
.................................................
. LaTeX info: "xparse/define-command"
. 
. Defining command \DeclareSIPrefix with sig. 'mmm' on line 7255.
.................................................
.................................................
. LaTeX info: "xparse/define-command"
. 
. Defining command \DeclareSIPrePower with sig. 'mm' on line 7258.
.................................................
.................................................
. LaTeX info: "xparse/define-command"
. 
. Defining command \DeclareSIQualifier with sig. 'mm' on line 7261.
.................................................
.................................................
. LaTeX info: "xparse/define-command"
. 
. Defining command \DeclareSIUnit with sig. 'O{}mm' on line 7264.
.................................................
.................................................
. LaTeX info: "xparse/define-command"
. 
. Defining command \DeclareSIUnitWithOptions with sig. 'mmm' on line 7267.
.................................................
.................................................
. LaTeX info: "xparse/define-command"
. 
. Defining command \ang with sig. 'o>{\SplitArgument {2}{;}}m' on line 7282.
.................................................
.................................................
. LaTeX info: "xparse/define-command"
. 
. Defining command \num with sig. 'om' on line 7291.
.................................................
.................................................
. LaTeX info: "xparse/define-command"
. 
. Defining command \numlist with sig. 'o>{\SplitList {;}}m' on line 7300.
.................................................
.................................................
. LaTeX info: "xparse/define-command"
. 
. Defining command \numrange with sig. 'omm' on line 7309.
.................................................
.................................................
. LaTeX info: "xparse/define-command"
. 
. Defining command \SIlist with sig. 'o>{\SplitList {;}}mm' on line 7321.
.................................................
.................................................
. LaTeX info: "xparse/define-command"
. 
. Defining command \SIrange with sig. 'ommm' on line 7333.
.................................................
.................................................
. LaTeX info: "xparse/define-command"
. 
. Defining command \SI with sig. 'omom' on line 7345.
.................................................
.................................................
. LaTeX info: "xparse/define-command"
. 
. Defining command \sisetup with sig. 'm' on line 7348.
.................................................
.................................................
. LaTeX info: "xparse/define-command"
. 
. Defining command \tablenum with sig. 'om' on line 7363.
.................................................
.................................................
. LaTeX info: "xparse/define-command"
. 
. Defining command \si with sig. 'om' on line 7375.
.................................................
.................................................
. LaTeX info: "xparse/define-command"
. 
. Defining command \__siunitx_bookmark_num:w with sig. 'om' on line 7422.
.................................................
.................................................
. LaTeX info: "xparse/define-command"
. 
. Defining command \__siunitx_bookmark_numrange:w with sig. 'omm' on line
. 7424.
.................................................
.................................................
. LaTeX info: "xparse/define-command"
. 
. Defining command \__siunitx_bookmark_SI:w with sig. 'omom' on line 7426.
.................................................
.................................................
. LaTeX info: "xparse/define-command"
. 
. Defining command \__siunitx_bookmark_SIlist:w with sig. 'omm' on line 7428.
.................................................
.................................................
. LaTeX info: "xparse/define-command"
. 
. Defining command \__siunitx_bookmark_SIrange:w with sig. 'ommm' on line
. 7430.
.................................................
.................................................
. LaTeX info: "xparse/define-command"
. 
. Defining command \__siunitx_bookmark_si:w with sig. 'om' on line 7431.
.................................................
\g__file_internal_ior=\read4

(/usr/share/texlive/texmf-dist/tex/latex/beamer/translator/translator.sty
Package: translator 2010/06/12 ver 1.10

(/usr/share/texlive/texmf-dist/tex/latex/beamer/translator/translator-language-
mappings.tex))) (/usr/share/texlive/texmf-dist/tex/latex/enumitem/enumitem.sty
Package: enumitem 2011/09/28 v3.5.2 Customized lists
\labelindent=\skip96
\enit@outerparindent=\dimen323
\enit@toks=\toks63
\enit@inbox=\box113
\enitdp@description=\count406
) (/usr/share/texlive/texmf-dist/tex/latex/listings/listings.sty
\lst@mode=\count407
\lst@gtempboxa=\box114
\lst@token=\toks64
\lst@length=\count408
\lst@currlwidth=\dimen324
\lst@column=\count409
\lst@pos=\count410
\lst@lostspace=\dimen325
\lst@width=\dimen326
\lst@newlines=\count411
\lst@lineno=\count412
\lst@maxwidth=\dimen327

(/usr/share/texlive/texmf-dist/tex/latex/listings/lstmisc.sty
File: lstmisc.sty 2015/06/04 1.6 (Carsten Heinz)
\c@lstnumber=\count413
\lst@skipnumbers=\count414
\lst@framebox=\box115
)
(/usr/share/texlive/texmf-dist/tex/latex/listings/listings.cfg
File: listings.cfg 2015/06/04 1.6 listings configuration
))
Package: listings 2015/06/04 1.6 (Carsten Heinz)

(/usr/share/texlive/texmf-dist/tex/latex/oberdiek/pdflscape.sty
Package: pdflscape 2016/05/14 v0.11 Display of landscape pages in PDF (HO)

(/usr/share/texlive/texmf-dist/tex/latex/graphics/lscape.sty
Package: lscape 2000/10/22 v3.01 Landscape Pages (DPC)
)
Package pdflscape Info: Auto-detected driver: pdftex on input line 81.
)
(/usr/share/texlive/texmf-dist/tex/latex/lipsum/lipsum.sty
Package: lipsum 2014/07/27 v1.3 150 paragraphs of Lorem Ipsum dummy text
\c@lips@count=\count415
)
(/usr/share/texlive/texmf-dist/tex/latex/everypage/everypage.sty
Package: everypage 2007/06/20 1.1 Hooks to run on every page
)
(/usr/share/texlive/texmf-dist/tex/latex/tools/longtable.sty
Package: longtable 2014/10/28 v4.11 Multi-page Table package (DPC)
\LTleft=\skip97
\LTright=\skip98
\LTpre=\skip99
\LTpost=\skip100
\LTchunksize=\count416
\LTcapwidth=\dimen328
\LT@head=\box116
\LT@firsthead=\box117
\LT@foot=\box118
\LT@lastfoot=\box119
\LT@cols=\count417
\LT@rows=\count418
\c@LT@tables=\count419
\c@LT@chunks=\count420
\LT@p@ftn=\toks65
)
(/usr/share/texlive/texmf-dist/tex/latex/algorithm2e/algorithm2e.sty
Package: algorithm2e 2013/01/06 v5.00 algorithms environments
\c@AlgoLine=\count421
\algocf@hangindent=\skip101

(/usr/share/texlive/texmf-dist/tex/latex/tools/xspace.sty
Package: xspace 2014/10/28 v1.13 Space after command names (DPC,MH)
)
(/usr/share/texlive/texmf-dist/tex/latex/relsize/relsize.sty
Package: relsize 2013/03/29 ver 4.1
)
********************************************************
Package `algorithm2e' Release 5.1 -- october 19 2015 --
- algorithm2e-announce@lirmm.fr mailing list for announcement about releases
- algorithm2e-discussion@lirmm.fr mailing list for discussion about package
subscribe by emailing sympa@lirmm.fr with 'subscribe <list> <firstname name>'
- Author: Christophe Fiorio (christophe.fiorio@umontpellier.fr)
********************************************************
\skiptotal=\skip102
\skiplinenumber=\skip103
\skiprule=\skip104
\skiphlne=\skip105
\skiptext=\skip106
\skiplength=\skip107
\algomargin=\skip108
\skipalgocfslide=\skip109
\algowidth=\dimen329
\inoutsize=\dimen330
\inoutindent=\dimen331
\interspacetitleruled=\dimen332
\interspacealgoruled=\dimen333
\interspacetitleboxruled=\dimen334
\algocf@ruledwidth=\skip110
\algocf@inoutbox=\box120
\algocf@inputbox=\box121
\AlCapSkip=\skip111
\AlCapHSkip=\skip112
\algoskipindent=\skip113
\algocf@nlbox=\box122
\algocf@hangingbox=\box123
\algocf@untilbox=\box124
\algocf@skipuntil=\skip114
\algocf@capbox=\box125
\algoheightruledefault=\skip115
\algoheightrule=\skip116
\algotitleheightruledefault=\skip117
\algotitleheightrule=\skip118
\c@algocfline=\count422
\c@algocfproc=\count423
\c@algocf=\count424
\algocf@algoframe=\box126
\algocf@algobox=\box127
) (/usr/share/texlive/texmf-dist/tex/latex/acro/acro.sty
(/usr/share/texlive/texmf-dist/tex/latex/l3experimental/l3sort/l3sort.sty
Package: l3sort 2016/11/21 v6760 L3 Experimental sorting functions
\l__sort_length_int=\count425
\l__sort_block_int=\count426
\l__sort_begin_int=\count427
\l__sort_end_int=\count428
\l__sort_A_int=\count429
\l__sort_B_int=\count430
\l__sort_C_int=\count431
)
(/usr/share/texlive/texmf-dist/tex/latex/l3packages/xtemplate/xtemplate.sty
Package: xtemplate 2016/11/21 v6760 L3 Experimental prototype document functions

\l__xtemplate_tmp_dim=\dimen335
\l__xtemplate_tmp_int=\count432
\l__xtemplate_tmp_muskip=\muskip18
\l__xtemplate_tmp_skip=\skip119
)
Package: acro 2017/01/22 v2.7 Typeset Acronyms
\l__acro_tmpa_int=\count433
\l__acro_tmpb_int=\count434
\l__acro_tmpc_int=\count435
\l__acro_tmpd_int=\count436
\l__acro_page_space_skip=\skip120
\l__acro_short_width_dim=\dimen336
.................................................
. LaTeX info: "xparse/define-command"
. 
. Defining command \acfirstupper with sig. 'm' on line 442.
.................................................
.................................................
. LaTeX info: "xparse/define-command"
. 
. Defining command \acsetup with sig. 'm' on line 591.
.................................................
.................................................
. xtemplate info: "declare-object-type"
. 
. Declaring object type 'acro-first' taking 2 argument(s) on line 831.
.................................................
.................................................
. LaTeX info: "xparse/define-command"
. 
. Defining command \DeclareAcroFirstStyle with sig. 'mmm' on line 941.
.................................................
.................................................
. xtemplate info: "declare-object-type"
. 
. Declaring object type 'acro-extra' taking 1 argument(s) on line 965.
.................................................
.................................................
. LaTeX info: "xparse/define-command"
. 
. Defining command \DeclareAcroExtraStyle with sig. 'mmm' on line 1004.
.................................................

(/usr/share/texlive/texmf-dist/tex/latex/oberdiek/zref-abspage.sty
Package: zref-abspage 2016/05/21 v2.26 Module abspage for zref (HO)

(/usr/share/texlive/texmf-dist/tex/latex/oberdiek/zref-base.sty
Package: zref-base 2016/05/21 v2.26 Module base for zref (HO)
Package zref Info: New property list: main on input line 759.
Package zref Info: New property: default on input line 760.
Package zref Info: New property: page on input line 761.
)
\c@abspage=\count437
Package zref Info: New property: abspage on input line 62.
)
.................................................
. xtemplate info: "declare-object-type"
. 
. Declaring object type 'acro-page-number' taking 1 argument(s) on line 1200.
.................................................
.................................................
. LaTeX info: "xparse/define-command"
. 
. Defining command \DeclareAcroPageStyle with sig. 'mmm' on line 1249.
.................................................
.................................................
. xtemplate info: "declare-object-type"
. 
. Declaring object type 'acro-title' taking 1 argument(s) on line 1275.
.................................................
.................................................
. LaTeX info: "xparse/define-command"
. 
. Defining command \DeclareAcroListHeading with sig. 'mm' on line 1317.
.................................................
.................................................
. xtemplate info: "declare-object-type"
. 
. Declaring object type 'acro-list' taking 2 argument(s) on line 1321.
.................................................
.................................................
. LaTeX info: "xparse/define-command"
. 
. Defining command \DeclareAcroListStyle with sig. 'mmm' on line 1765.
.................................................
.................................................
. LaTeX info: "xparse/define-command"
. 
. Defining command \ProvideAcroEnding with sig. 'mmm' on line 2260.
.................................................
.................................................
. LaTeX info: "xparse/define-command"
. 
. Defining command \AcroRegisterTrailing with sig. 'mm' on line 2983.
.................................................
.................................................
. LaTeX info: "xparse/define-command"
. 
. Defining command \acdot with sig. '' on line 3055.
.................................................
.................................................
. LaTeX info: "xparse/define-command"
. 
. Defining command \acspace with sig. '' on line 3056.
.................................................
.................................................
. LaTeX info: "xparse/define-command"
. 
. Defining command \acifused with sig. 'm' on line 3089.
.................................................
.................................................
. LaTeX info: "xparse/define-command"
. 
. Defining command \acresetall with sig. '' on line 3103.
.................................................
.................................................
. LaTeX info: "xparse/define-command"
. 
. Defining command \acuseall with sig. '' on line 3106.
.................................................
.................................................
. LaTeX info: "xparse/define-command"
. 
. Defining command \acreset with sig. '>{\SplitList {,}}m' on line 3109.
.................................................
.................................................
. LaTeX info: "xparse/define-command"
. 
. Defining command \acuse with sig. '>{\SplitList {,}}m' on line 3112.
.................................................
\g__acro_barrier_int=\count438
.................................................
. LaTeX info: "xparse/define-command"
. 
. Defining command \acbarrier with sig. '' on line 3139.
.................................................
.................................................
. LaTeX info: "xparse/define-command"
. 
. Defining command \acswitchoff with sig. '' on line 3240.
.................................................
.................................................
. LaTeX info: "xparse/define-command"
. 
. Defining command \acswitchon with sig. '' on line 3243.
.................................................
.................................................
. LaTeX info: "xparse/define-command"
. 
. Defining command \DeclareAcronym with sig. 'mm' on line 3825.
.................................................
.................................................
. LaTeX info: "xparse/define-command"
. 
. Defining command \printacronyms with sig. 'O{}' on line 3872.
.................................................

(/usr/share/texlive/texmf-dist/tex/latex/translations/translations.sty
Package: translations 2016/06/02 v1.4a internationalization of LaTeX2e packages 
(CN)

(/usr/share/texlive/texmf-dist/tex/latex/cnltx/cnltx-base.sty
Package: cnltx-base 2015/08/17 v0.13 LaTeX tools and documenting facilities (CN)


(/usr/share/texlive/texmf-dist/tex/latex/pgfopts/pgfopts.sty
Package: pgfopts 2014/07/10 v2.1a LaTeX package options with pgfkeys
\pgfopts@list@add@a@toks=\toks66
\pgfopts@list@add@b@toks=\toks67
)
\c@cnltx@tmpa=\count439
\c@cnltx@tmpb=\count440
\c@cnltx@tmpc=\count441
\cnltx@tmpa@length=\skip121
\cnltx@tmpb@length=\skip122
\cnltx@tmpc@length=\skip123
)
(/usr/share/texlive/texmf-dist/tex/latex/koma-script/scrlfile.sty
Package: scrlfile 2016/06/14 v3.21 KOMA-Script package (loading files)

Package scrlfile, 2016/06/14 v3.21 KOMA-Script package (loading files)
                  Copyright (C) Markus Kohm

))
.................................................
. LaTeX info: "xparse/define-command"
. 
. Defining command \DeclareAcroTranslation with sig. 'mm' on line 3910.
.................................................
.................................................
. LaTeX info: "xparse/define-command"
. 
. Defining command \ac with sig. 'sO{}m' on line 4111.
.................................................
.................................................
. LaTeX info: "xparse/define-command"
. 
. Defining command \iac with sig. 'sO{}m' on line 4117.
.................................................
.................................................
. LaTeX info: "xparse/define-command"
. 
. Defining command \Iac with sig. 'sO{}m' on line 4124.
.................................................
.................................................
. LaTeX info: "xparse/define-command"
. 
. Defining command \Ac with sig. 'sO{}m' on line 4130.
.................................................
.................................................
. LaTeX info: "xparse/define-command"
. 
. Defining command \acp with sig. 'sO{}m' on line 4136.
.................................................
.................................................
. LaTeX info: "xparse/define-command"
. 
. Defining command \Acp with sig. 'sO{}m' on line 4143.
.................................................
.................................................
. LaTeX info: "xparse/define-command"
. 
. Defining command \acsingle with sig. 'sO{}m' on line 4149.
.................................................
.................................................
. LaTeX info: "xparse/define-command"
. 
. Defining command \Acsingle with sig. 'sO{}m' on line 4156.
.................................................
.................................................
. LaTeX info: "xparse/define-command"
. 
. Defining command \acs with sig. 'sO{}m' on line 4160.
.................................................
.................................................
. LaTeX info: "xparse/define-command"
. 
. Defining command \iacs with sig. 'sO{}m' on line 4166.
.................................................
.................................................
. LaTeX info: "xparse/define-command"
. 
. Defining command \Iacs with sig. 'sO{}m' on line 4173.
.................................................
.................................................
. LaTeX info: "xparse/define-command"
. 
. Defining command \acsp with sig. 'sO{}m' on line 4179.
.................................................
.................................................
. LaTeX info: "xparse/define-command"
. 
. Defining command \aca with sig. 'sO{}m' on line 4183.
.................................................
.................................................
. LaTeX info: "xparse/define-command"
. 
. Defining command \Aca with sig. 'sO{}m' on line 4189.
.................................................
.................................................
. LaTeX info: "xparse/define-command"
. 
. Defining command \iaca with sig. 'sO{}m' on line 4195.
.................................................
.................................................
. LaTeX info: "xparse/define-command"
. 
. Defining command \Iaca with sig. 'sO{}m' on line 4202.
.................................................
.................................................
. LaTeX info: "xparse/define-command"
. 
. Defining command \acap with sig. 'sO{}m' on line 4208.
.................................................
.................................................
. LaTeX info: "xparse/define-command"
. 
. Defining command \acl with sig. 'sO{}m' on line 4212.
.................................................
.................................................
. LaTeX info: "xparse/define-command"
. 
. Defining command \iacl with sig. 'sO{}m' on line 4218.
.................................................
.................................................
. LaTeX info: "xparse/define-command"
. 
. Defining command \Iacl with sig. 'sO{}m' on line 4225.
.................................................
.................................................
. LaTeX info: "xparse/define-command"
. 
. Defining command \Acl with sig. 'sO{}m' on line 4231.
.................................................
.................................................
. LaTeX info: "xparse/define-command"
. 
. Defining command \aclp with sig. 'sO{}m' on line 4237.
.................................................
.................................................
. LaTeX info: "xparse/define-command"
. 
. Defining command \Aclp with sig. 'sO{}m' on line 4244.
.................................................
.................................................
. LaTeX info: "xparse/define-command"
. 
. Defining command \acf with sig. 'sO{}m' on line 4248.
.................................................
.................................................
. LaTeX info: "xparse/define-command"
. 
. Defining command \iacf with sig. 'sO{}m' on line 4254.
.................................................
.................................................
. LaTeX info: "xparse/define-command"
. 
. Defining command \Iacf with sig. 'sO{}m' on line 4261.
.................................................
.................................................
. LaTeX info: "xparse/define-command"
. 
. Defining command \Acf with sig. 'sO{}m' on line 4267.
.................................................
.................................................
. LaTeX info: "xparse/define-command"
. 
. Defining command \acfp with sig. 'sO{}m' on line 4273.
.................................................
.................................................
. LaTeX info: "xparse/define-command"
. 
. Defining command \Acfp with sig. 'sO{}m' on line 4280.
.................................................
.................................................
. LaTeX info: "xparse/define-command"
. 
. Defining command \acflike with sig. 'smm' on line 4284.
.................................................
.................................................
. LaTeX info: "xparse/define-command"
. 
. Defining command \iacflike with sig. 'smm' on line 4290.
.................................................
.................................................
. LaTeX info: "xparse/define-command"
. 
. Defining command \Iacflike with sig. 'smm' on line 4297.
.................................................
.................................................
. LaTeX info: "xparse/define-command"
. 
. Defining command \acfplike with sig. 'smm' on line 4303.
.................................................
) (/home/aghiles/Aghiles/Redaction/setup/nomenclature.tex))
Package biblatex Info: Trying to load language 'english'...
Package biblatex Info: ... file 'english.lbx' found.

(/usr/share/texlive/texmf-dist/tex/latex/biblatex/lbx/english.lbx
File: english.lbx 2016/12/05 v3.7 biblatex localization (PK/JW/AB)
)
\@quotelevel=\count442
\@quotereset=\count443
Package translations Info: No language package found. I am going to use `english
' as default language. on input line 6.

(/home/aghiles/Aghiles/Redaction/4/paper/bin/paper.aux)
\openout1 = paper.aux

LaTeX Font Info:    Checking defaults for OML/cmm/m/it on input line 6.
LaTeX Font Info:    ... okay on input line 6.
LaTeX Font Info:    Checking defaults for T1/cmr/m/n on input line 6.
LaTeX Font Info:    ... okay on input line 6.
LaTeX Font Info:    Checking defaults for OT1/cmr/m/n on input line 6.
LaTeX Font Info:    ... okay on input line 6.
LaTeX Font Info:    Checking defaults for OMS/cmsy/m/n on input line 6.
LaTeX Font Info:    ... okay on input line 6.
LaTeX Font Info:    Checking defaults for TU/lmr/m/n on input line 6.
LaTeX Font Info:    ... okay on input line 6.
LaTeX Font Info:    Checking defaults for OMX/cmex/m/n on input line 6.
LaTeX Font Info:    ... okay on input line 6.
LaTeX Font Info:    Checking defaults for U/cmr/m/n on input line 6.
LaTeX Font Info:    ... okay on input line 6.
LaTeX Font Info:    Checking defaults for PD1/pdf/m/n on input line 6.
LaTeX Font Info:    ... okay on input line 6.

(/usr/share/texlive/texmf-dist/tex/context/base/mkii/supp-pdf.mkii
[Loading MPS to PDF converter (version 2006.09.02).]
\scratchcounter=\count444
\scratchdimen=\dimen337
\scratchbox=\box128
\nofMPsegments=\count445
\nofMParguments=\count446
\everyMPshowfont=\toks68
\MPscratchCnt=\count447
\MPscratchDim=\dimen338
\MPnumerator=\count448
\makeMPintoPDFobject=\count449
\everyMPtoPDFconversion=\toks69
) (/usr/share/texlive/texmf-dist/tex/latex/oberdiek/epstopdf-base.sty
Package: epstopdf-base 2016/05/15 v2.6 Base part for package epstopdf

(/usr/share/texlive/texmf-dist/tex/latex/oberdiek/grfext.sty
Package: grfext 2016/05/16 v1.2 Manage graphics extensions (HO)
)
Package epstopdf-base Info: Redefining graphics rule for `.eps' on input line 43
8.
Package grfext Info: Graphics extension search list:
(grfext)             [.png,.pdf,.jpg,.mps,.jpeg,.jbig2,.jb2,.PNG,.PDF,.JPG,.JPEG
,.JBIG2,.JB2,.eps]
(grfext)             \AppendGraphicsExtensions on input line 456.

(/usr/share/texlive/texmf-dist/tex/latex/latexconfig/epstopdf-sys.cfg
File: epstopdf-sys.cfg 2010/07/13 v1.3 Configuration of (r)epstopdf for TeX Live

))
\AtBeginShipoutBox=\box129

ABD: EveryShipout initializing macros
Package pgfplots notification 'compat/show suggested version=true': document has
 been generated with the most recent feature set (\pgfplotsset{compat=1.14}).


Package hyperref Warning: Height of page (\paperheight) is invalid (0.0pt),
(hyperref)                using 11in.

Package hyperref Info: Link coloring ON on input line 6.
(/usr/share/texlive/texmf-dist/tex/latex/hyperref/nameref.sty
Package: nameref 2016/05/21 v2.44 Cross-referencing by name of section

(/usr/share/texlive/texmf-dist/tex/generic/oberdiek/gettitlestring.sty
Package: gettitlestring 2016/05/16 v1.5 Cleanup title references (HO)
)
\c@section@level=\count450
)
LaTeX Info: Redefining \ref on input line 6.
LaTeX Info: Redefining \pageref on input line 6.
LaTeX Info: Redefining \nameref on input line 6.

(/home/aghiles/Aghiles/Redaction/4/paper/bin/paper.out)
(/home/aghiles/Aghiles/Redaction/4/paper/bin/paper.out)
\@outlinefile=\write8

\openout8 = paper.out
Package biblatex Info: LuaTeX detected.
(biblatex)             Assuming input encoding 'utf8'.
Package biblatex Info: Automatic encoding selection.
(biblatex)             Assuming data encoding 'utf8'.

\openout5 = paper.bcf
Package biblatex Info: Trying to load bibliographic data...
Package biblatex Info: ... file 'paper.bbl' found.

(/home/aghiles/Aghiles/Redaction/4/paper/bin/paper.bbl

Package biblatex Warning: The following entry could not be found
(biblatex)                in the database:
(biblatex)                wang_trustinvolved_2010
(biblatex)                Please verify the spelling and rerun
(biblatex)                LaTeX afterwards.


Package biblatex Warning: The following entry could not be found
(biblatex)                in the database:
(biblatex)                li_tcloseness_2017
(biblatex)                Please verify the spelling and rerun
(biblatex)                LaTeX afterwards.


Package biblatex Warning: The following entry could not be found
(biblatex)                in the database:
(biblatex)                zhou_brief_2008
(biblatex)                Please verify the spelling and rerun
(biblatex)                LaTeX afterwards.


Package biblatex Warning: The following entry could not be found
(biblatex)                in the database:
(biblatex)                liu_framework_2010
(biblatex)                Please verify the spelling and rerun
(biblatex)                LaTeX afterwards.


Package biblatex Warning: The following entry could not be found
(biblatex)                in the database:
(biblatex)                mayer-do-not-track-00
(biblatex)                Please verify the spelling and rerun
(biblatex)                LaTeX afterwards.


Package biblatex Warning: The following entry could not be found
(biblatex)                in the database:
(biblatex)                ramachandran_can_2006
(biblatex)                Please verify the spelling and rerun
(biblatex)                LaTeX afterwards.


Package biblatex Warning: The following entry could not be found
(biblatex)                in the database:
(biblatex)                BibEntry2018May
(biblatex)                Please verify the spelling and rerun
(biblatex)                LaTeX afterwards.


Package biblatex Warning: The following entry could not be found
(biblatex)                in the database:
(biblatex)                spf:_2018
(biblatex)                Please verify the spelling and rerun
(biblatex)                LaTeX afterwards.


Package biblatex Warning: The following entry could not be found
(biblatex)                in the database:
(biblatex)                BibEntry2014Dec
(biblatex)                Please verify the spelling and rerun
(biblatex)                LaTeX afterwards.


Package biblatex Warning: The following entry could not be found
(biblatex)                in the database:
(biblatex)                chen_privacypreserving_2009
(biblatex)                Please verify the spelling and rerun
(biblatex)                LaTeX afterwards.


Package biblatex Warning: The following entry could not be found
(biblatex)                in the database:
(biblatex)                pgpaghiles2007
(biblatex)                Please verify the spelling and rerun
(biblatex)                LaTeX afterwards.


Package biblatex Warning: The following entry could not be found
(biblatex)                in the database:
(biblatex)                BibEntry1998Dec
(biblatex)                Please verify the spelling and rerun
(biblatex)                LaTeX afterwards.


Package biblatex Warning: The following entry could not be found
(biblatex)                in the database:
(biblatex)                krishnamurthy_privacy_2009
(biblatex)                Please verify the spelling and rerun
(biblatex)                LaTeX afterwards.


Package biblatex Warning: The following entry could not be found
(biblatex)                in the database:
(biblatex)                krishnamurthy_leakage_2010
(biblatex)                Please verify the spelling and rerun
(biblatex)                LaTeX afterwards.


Package biblatex Warning: The following entry could not be found
(biblatex)                in the database:
(biblatex)                jung_empirical_2004
(biblatex)                Please verify the spelling and rerun
(biblatex)                LaTeX afterwards.


Package biblatex Warning: The following entry could not be found
(biblatex)                in the database:
(biblatex)                NoScript
(biblatex)                Please verify the spelling and rerun
(biblatex)                LaTeX afterwards.


Package biblatex Warning: The following entry could not be found
(biblatex)                in the database:
(biblatex)                adblockplus
(biblatex)                Please verify the spelling and rerun
(biblatex)                LaTeX afterwards.

)
Package biblatex Info: Reference section=0 on input line 6.
Package biblatex Info: Reference segment=0 on input line 6.
Package caption Info: Begin \AtBeginDocument code.
Package caption Info: listings package is loaded.
Package caption Info: longtable package is loaded.
 (/usr/share/texlive/texmf-dist/tex/latex/caption/ltcaption.sty
Package: ltcaption 2013/06/09 v1.4-94 longtable captions (AR)
)
Package caption Info: End \AtBeginDocument code.

(/usr/share/texlive/texmf-dist/tex/latex/beamer/translator/dicts/translator-bas
ic-dictionary/translator-basic-dictionary-English.dict
Dictionary: translator-basic-dictionary, Language: English 
)
(/usr/share/texlive/texmf-dist/tex/latex/siunitx/siunitx-abbreviations.cfg
File: siunitx-abbreviations.cfg 2017/01/01 v2.7a siunitx: Abbreviated units
)
\c@lstlisting=\count451

(/usr/share/texlive/texmf-dist/tex/latex/translations/translations-basic-dictio
nary-english.trsl
File: translations-basic-dictionary-english.trsl (english translation file `tran
slations-basic-dictionary')
)
Package translations Info: loading dictionary `translations-basic-dictionary' fo
r `english'. on input line 6.
\c__siunitx_mathsf_int=\count452
LaTeX Font Info:    Try loading font information for U+msa on input line 6.
 (/usr/share/texlive/texmf-dist/tex/latex/amsfonts/umsa.fd
File: umsa.fd 2013/01/14 v3.01 AMS symbols A
)
LaTeX Font Info:    Try loading font information for U+msb on input line 6.

(/usr/share/texlive/texmf-dist/tex/latex/amsfonts/umsb.fd
File: umsb.fd 2013/01/14 v3.01 AMS symbols B
)
LaTeX Font Info:    Try loading font information for U+lasy on input line 6.

(/usr/share/texlive/texmf-dist/tex/latex/base/ulasy.fd
File: ulasy.fd 1998/08/17 v2.2e LaTeX symbol font definitions
)
LaTeX Font Info:    Try loading font information for U+stmry on input line 6.

(/usr/share/texlive/texmf-dist/tex/latex/stmaryrd/Ustmry.fd)
\c__siunitx_mathtt_int=\count453

(./src/0_abstract.tex
LaTeX Font Info:    Try loading font information for T1+aess on input line 2.
 (/usr/share/texlive/texmf-dist/tex/latex/ae/t1aess.fd
File: t1aess.fd 1997/11/16 Font definitions for T1/aess.
))
(./src/1_introduction.tex) (./src/2_background.tex
Overfull \hbox (4.05508pt too wide) in paragraph at lines 72--72
[]\subsecfnt Re-identification and De-anonymization at-tacks 
 []

[1{/var/lib/texmf/fonts/map/pdftex/updmap/pdftex.map}


Missing character: There is no ’ (U+2019) in font aer9!
Missing character: There is no ’ (U+2019) in font aer9!
]
Overfull \hbox (17.43925pt too wide) in paragraph at lines 91--98
\T1/aer/bx/n/9 den-ti-fi-ca-tion at-tacks\T1/aer/m/n/9 . A good sur-vey on stru
c-tural anonymiza-
 []


Overfull \hbox (40.89374pt too wide) in paragraph at lines 91--98
\T1/aer/m/n/9 tion and re-identification at-tacks could be found at [[]].
 []


Overfull \hbox (7.93604pt too wide) in paragraph at lines 91--98
\T1/aer/m/n/9 most works show that node iden-ti-ties could be in-ferred through

 []


Overfull \hbox (12.23904pt too wide) in paragraph at lines 141--141
[]\subsecfnt Pri-vacy based on Col-lab-o-ra-tion with the Provider 
 []


Overfull \hbox (9.07092pt too wide) in paragraph at lines 146--146
[]\subsecfnt Pri-vacy based on Col-lab-o-ra-tion with other Users 
 []

) (./src/3_1_behavioral.tex) (./src/3_2_social.tex
warning  (pdf backend): ignoring duplicate destination with the name 'page.'
[2
Missing character: There is no ’ (U+2019) in font aebx9!
Missing character: There is no ’ (U+2019) in font aer9!
]
Underfull \vbox (badness 10000) has occurred while \output is active []


Underfull \vbox (badness 1558) has occurred while \output is active []


warning  (pdf backend): ignoring duplicate destination with the name 'page.'
[3
Missing character: There is no ’ (U+2019) in font aer9!
Missing character: There is no ’ (U+2019) in font aer9!
Missing character: There is no ’ (U+2019) in font aer9!
Missing character: There is no ’ (U+2019) in font aebx9!
Missing character: There is no ’ (U+2019) in font aer9!
Missing character: There is no ’ (U+2019) in font aer9!
Missing character: There is no ’ (U+2019) in font aer9!
Missing character: There is no ’ (U+2019) in font aer9!
Missing character: There is no ’ (U+2019) in font aer9!
Missing character: There is no ’ (U+2019) in font aebx9!
Missing character: There is no ’ (U+2019) in font aebx9!
Missing character: There is no ’ (U+2019) in font aer9!
]
Overfull \hbox (5.93835pt too wide) in paragraph at lines 186--194
\T1/aer/m/n/9 ing so-cial net-work-ing pri-vacy by in-tro-duc-ing a \T1/aer/bx/
n/9 vulnerability-
 []


Underfull \vbox (badness 10000) has occurred while \output is active []


Underfull \vbox (badness 1558) has occurred while \output is active []


warning  (pdf backend): ignoring duplicate destination with the name 'page.'
[4
Missing character: There is no ’ (U+2019) in font aebx9!
Missing character: There is no ’ (U+2019) in font aer9!
Missing character: There is no ’ (U+2019) in font aer9!
Missing character: There is no ’ (U+2019) in font aebx9!
Missing character: There is no ’ (U+2019) in font aer9!
Missing character: There is no ’ (U+2019) in font aer9!
]
Underfull \vbox (badness 1558) has occurred while \output is active []

)
(./src/3_3_technical.tex
Overfull \hbox (2.9229pt too wide) in paragraph at lines 11--14
\T1/aer/m/n/9 tech-niques can be di-vided into two main cat-e-gories: recipient
-
 []


Overfull \hbox (6.3506pt too wide) in paragraph at lines 48--57
[]\T1/aer/bx/n/9 DNS-BLs: \T1/aer/m/n/9 DNS-BLs are dis-tributed black-lists, w
hich record
 []


Overfull \hbox (5.90213pt too wide) in paragraph at lines 48--57
\T1/aer/m/n/9 sive-ness [[], []]
 []


warning  (pdf backend): ignoring duplicate destination with the name 'page.'
[5
Missing character: There is no ’ (U+2019) in font aer9!
Missing character: There is no ’ (U+2019) in font aer9!
Missing character: There is no ’ (U+2019) in font aer9!
Missing character: There is no ’ (U+2019) in font aer9!
Missing character: There is no ’ (U+2019) in font aer9!
]
Overfull \hbox (31.54301pt too wide) in paragraph at lines 70--77
[]\T1/aer/bx/n/9 Cryp-to-graphic: \T1/aer/m/n/9 Pretty Good Pri-vacy (PGP) [[]]

 []


Overfull \hbox (2.86957pt too wide) in paragraph at lines 84--89
\T1/aer/m/n/9 sub-mis-sion pro-to-col [[]] has been pro-posed
 []


Overfull \hbox (10.70914pt too wide) in paragraph at lines 111--114
\T1/aer/m/n/9 sure block-hid-den [[]] de-ter-mines
 []


Overfull \hbox (10.95917pt too wide) in paragraph at lines 128--129
\T1/aer/m/n/9 anon mea-sure is anonymiz-ing user’s IP ad-dress via an anonymi
z-
 []

) (./src/5_conclusion.tex)
warning  (pdf backend): ignoring duplicate destination with the name 'page.'
[6
Missing character: There is no ’ (U+2019) in font aer9!
Missing character: There is no ’ (U+2019) in font aer9!
]
Overfull \hbox (4.76225pt too wide) in paragraph at lines 32--32
\T1/aer/m/it/8 2014 IEEE In-ter-na-tional Con-fer-ence On\T1/aer/m/n/8 . 00003.
 IEEE, 2014,
 []


Overfull \hbox (4.62834pt too wide) in paragraph at lines 32--32
\T1/aer/m/n/8 A Frame-work and Ap-pli-ca-tion for More Socially-Aware Com-
 []


Overfull \hbox (3.70367pt too wide) in paragraph at lines 32--32
[]\T1/aer/m/n/8 Li Xiong and Ling Liu. ``   [][]PeerTrust: Sup-port-ing Reputat
ion-
 []


warning  (pdf backend): ignoring duplicate destination with the name 'page.'
[7] (./src/6_0_appendix.tex (./src/6_1_table.tex
Overfull \hbox (62.89877pt too wide) in alignment at lines 1--24
 [][][][][] 
 []


Overfull \hbox (62.89877pt too wide) in alignment at lines 24--52
 [][][][][] 
 []


Overfull \hbox (62.89877pt too wide) in alignment at lines 52--77
 [][][][][] 
 []


Overfull \hbox (62.89877pt too wide) in alignment at lines 77--82
 [][][][][] 
 []


warning  (pdf backend): ignoring duplicate destination with the name 'page.'
[8

Missing character: There is no ’ (U+2019) in font aer9!
Missing character: There is no ’ (U+2019) in font aebx9!
Missing character: There is no ’ (U+2019) in font aebx9!
Missing character: There is no ’ (U+2019) in font aebx9!
Missing character: There is no ’ (U+2019) in font aebx9!
Missing character: There is no ’ (U+2019) in font aebx9!
Missing character: There is no ’ (U+2019) in font aer9!
Missing character: There is no ’ (U+2019) in font aebx9!
Missing character: There is no ’ (U+2019) in font aebx9!
Missing character: There is no ’ (U+2019) in font aebx9!
Missing character: There is no ’ (U+2019) in font aer9!
Missing character: There is no ’ (U+2019) in font aer9!
Missing character: There is no ’ (U+2019) in font aer9!
]))

Package caption Warning: Unused \captionsetup[sub] on input line 7.
See the caption package documentation for explanation.


warning  (pdf backend): ignoring duplicate destination with the name 'page.'
[9]
Package atveryend Info: Empty hook `BeforeClearDocument' on input line 37.
Package atveryend Info: Empty hook `AfterLastShipout' on input line 37.
 (/home/aghiles/Aghiles/Redaction/4/paper/bin/paper.aux)
Package atveryend Info: Empty hook `AtVeryEndDocument' on input line 37.
Package atveryend Info: Executing hook `AtEndAfterFileList' on input line 37.
Package rerunfilecheck Info: File `paper.out' has not changed.
(rerunfilecheck)             Checksum: 8B2C68D786F9ED50697AD0048B397A96;1867.
Package logreq Info: Writing requests to 'paper.run.xml'.

\openout1 = paper.run.xml
Package atveryend Info: Empty hook `AtVeryVeryEnd' on input line 37.
)

Here is how much of LuaTeX's memory you used:
 56332 strings out of 494577
 125016,1977958 words of node,token memory allocated
 5660 words of node memory still in use:
   6 hlist, 2 vlist, 2 rule, 549 glue, 1 kern, 281 attribute, 67 glue_spec, 281 
attribute_list, 1 write, 33 pdf_action nodes
   avail lists: 1:10,2:2786,3:515,4:222,5:496,6:7278,7:2175,8:451,9:747,10:15,11
:732
 58568 multiletter control sequences out of 65536+600000
 101 fonts using 6739623 bytes
 71i,10n,120p,1862b,1565s stack positions out of 5000i,500n,10000p,200000b,100000s

warning  (pdf backend): unreferenced destination with name 'page.\\thepage\040'
{/usr/share/texlive/texmf-dist/fonts/enc/dvips/base/8r.enc}</usr/share/texlive/t
exmf-dist/fonts/type1/public/amsfonts/cm/cmbx9.pfb></usr/share/texlive/texmf-dis
t/fonts/type1/public/amsfonts/cm/cmr8.pfb></usr/share/texlive/texmf-dist/fonts/t
ype1/public/amsfonts/cm/cmr9.pfb></usr/share/texlive/texmf-dist/fonts/type1/publ
ic/amsfonts/cm/cmss9.pfb></usr/share/texlive/texmf-dist/fonts/type1/public/amsfo
nts/cm/cmsy9.pfb></usr/share/texlive/texmf-dist/fonts/type1/public/amsfonts/cm/c
mti8.pfb></usr/share/texlive/texmf-dist/fonts/type1/urw/helvetic/uhvb8a.pfb></us
r/share/texlive/texmf-dist/fonts/type1/urw/helvetic/uhvr8a.pfb></usr/share/texli
ve/texmf-dist/fonts/type1/urw/times/utmb8a.pfb></usr/share/texlive/texmf-dist/fo
nts/type1/urw/times/utmr8a.pfb></usr/share/texlive/texmf-dist/fonts/type1/urw/ti
mes/utmri8a.pfb>
Output written on paper.pdf (9 pages, 219598 bytes).

PDF statistics: 426 PDF objects out of 1000 (max. 8388607)
 400 compressed objects within 4 object streams
 72 named destinations out of 1000 (max. 131072)
 216 words of extra memory for PDF output out of 10000 (max. 10000000)

