\BOOKMARK [0][-]{chapter*.1}{Abstract}{}% 1
\BOOKMARK [0][-]{chapter*.2}{Acknowledgements}{}% 2
\BOOKMARK [0][-]{chapter*.3}{Dedication}{}% 3
\BOOKMARK [0][-]{chapter*.4}{Contents}{}% 4
\BOOKMARK [0][-]{chapter*.5}{List of Tables}{}% 5
\BOOKMARK [0][-]{chapter*.6}{List of Figures}{}% 6
\BOOKMARK [0][-]{chapter*.7}{List of Abbreviations}{}% 7
\BOOKMARK [0][-]{chapter*.8}{List of Nomenclatures}{}% 8
\BOOKMARK [0][-]{chapter.1}{Introduction}{}% 9
\BOOKMARK [1][-]{section.1.1}{Introduction}{chapter.1}% 10
\BOOKMARK [2][-]{subsection.1.1.1}{Context \046 motivation}{section.1.1}% 11
\BOOKMARK [2][-]{subsection.1.1.2}{Methodology and contributions}{section.1.1}% 12
\BOOKMARK [2][-]{subsection.1.1.3}{Organization of the thesis}{section.1.1}% 13
\BOOKMARK [0][-]{chapter.2}{State of the art }{}% 14
\BOOKMARK [1][-]{section.2.1}{QoS Metrics}{chapter.2}% 15
\BOOKMARK [1][-]{section.2.2}{Validation}{chapter.2}% 16
\BOOKMARK [0][-]{chapter.3}{State of the art bregellhardware2015}{}% 17
\BOOKMARK [1][-]{section.3.1}{IoT Uses cases}{chapter.3}% 18
\BOOKMARK [2][-]{subsection.3.1.1}{Transportation and logistics}{section.3.1}% 19
\BOOKMARK [2][-]{subsection.3.1.2}{Healthcare}{section.3.1}% 20
\BOOKMARK [2][-]{subsection.3.1.3}{Smart environnement}{section.3.1}% 21
\BOOKMARK [2][-]{subsection.3.1.4}{personal and social}{section.3.1}% 22
\BOOKMARK [2][-]{subsection.3.1.5}{Futuristic}{section.3.1}% 23
\BOOKMARK [2][-]{subsection.3.1.6}{Summary and discussion}{section.3.1}% 24
\BOOKMARK [1][-]{section.3.2}{IoT Cloud Platforms}{chapter.3}% 25
\BOOKMARK [1][-]{section.3.3}{IoT Sensors platforms}{chapter.3}% 26
\BOOKMARK [2][-]{subsection.3.3.1}{SDN platforms}{section.3.3}% 27
\BOOKMARK [2][-]{subsection.3.3.2}{Operating systems}{section.3.3}% 28
\BOOKMARK [3][-]{subsubsection.3.3.2.1}{Contiki}{subsection.3.3.2}% 29
\BOOKMARK [3][-]{subsubsection.3.3.2.2}{RIOT}{subsection.3.3.2}% 30
\BOOKMARK [3][-]{subsubsection.3.3.2.3}{TinyOS}{subsection.3.3.2}% 31
\BOOKMARK [3][-]{subsubsection.3.3.2.4}{freeRTOS}{subsection.3.3.2}% 32
\BOOKMARK [3][-]{subsubsection.3.3.2.5}{Summary and conclusion}{subsection.3.3.2}% 33
\BOOKMARK [2][-]{subsection.3.3.3}{Hardware platform}{section.3.3}% 34
\BOOKMARK [3][-]{subsubsection.3.3.3.1}{OpenMote}{subsection.3.3.3}% 35
\BOOKMARK [3][-]{subsubsection.3.3.3.2}{MSB430-H}{subsection.3.3.3}% 36
\BOOKMARK [3][-]{subsubsection.3.3.3.3}{Zolertia}{subsection.3.3.3}% 37
\BOOKMARK [1][-]{section.3.4}{IoT Communication protocols}{chapter.3}% 38
\BOOKMARK [2][-]{subsection.3.4.1}{Application}{section.3.4}% 39
\BOOKMARK [3][-]{subsubsection.3.4.1.1}{CoAP}{subsection.3.4.1}% 40
\BOOKMARK [3][-]{subsubsection.3.4.1.2}{MQTT}{subsection.3.4.1}% 41
\BOOKMARK [3][-]{subsubsection.3.4.1.3}{XMPP}{subsection.3.4.1}% 42
\BOOKMARK [3][-]{subsubsection.3.4.1.4}{AMQP}{subsection.3.4.1}% 43
\BOOKMARK [3][-]{subsubsection.3.4.1.5}{DDS}{subsection.3.4.1}% 44
\BOOKMARK [3][-]{subsubsection.3.4.1.6}{mDNS}{subsection.3.4.1}% 45
\BOOKMARK [2][-]{subsection.3.4.2}{Network}{section.3.4}% 46
\BOOKMARK [3][-]{subsubsection.3.4.2.1}{RPL}{subsection.3.4.2}% 47
\BOOKMARK [3][-]{subsubsection.3.4.2.2}{6LowPan}{subsection.3.4.2}% 48
\BOOKMARK [3][-]{subsubsection.3.4.2.3}{TiSch}{subsection.3.4.2}% 49
\BOOKMARK [2][-]{subsection.3.4.3}{LLC/MAC/Radio \(LPWAN\)}{section.3.4}% 50
\BOOKMARK [3][-]{subsubsection.3.4.3.1}{IEEE 802.15.4}{subsection.3.4.3}% 51
\BOOKMARK [4][-]{paragraph.3.4.3.1.1}{6LoWPAN}{subsubsection.3.4.3.1}% 52
\BOOKMARK [4][-]{paragraph.3.4.3.1.2}{ZigBee}{subsubsection.3.4.3.1}% 53
\BOOKMARK [3][-]{subsubsection.3.4.3.2}{Bluetooth LE}{subsection.3.4.3}% 54
\BOOKMARK [3][-]{subsubsection.3.4.3.3}{LoaraWAN}{subsection.3.4.3}% 55
\BOOKMARK [4][-]{paragraph.3.4.3.3.1}{ALIANCE}{subsubsection.3.4.3.3}% 56
\BOOKMARK [5][-]{subparagraph.3.4.3.3.1.1}{Class-A}{paragraph.3.4.3.3.1}% 57
\BOOKMARK [5][-]{subsubparagraph.3.4.3.3.1.1.1}{Uplink}{paragraph.3.4.3.3.1}% 58
\BOOKMARK [5][-]{subsubparagraph.3.4.3.3.1.1.2}{Downlink}{paragraph.3.4.3.3.1}% 59
\BOOKMARK [5][-]{subsubparagraph.3.4.3.3.1.1.3}{Confirmed data}{paragraph.3.4.3.3.1}% 60
\BOOKMARK [5][-]{subparagraph.3.4.3.3.1.2}{Class-B}{paragraph.3.4.3.3.1}% 61
\BOOKMARK [5][-]{subsubparagraph.3.4.3.3.1.2.1}{Downlink}{paragraph.3.4.3.3.1}% 62
\BOOKMARK [5][-]{subsubparagraph.3.4.3.3.1.2.2}{Confirmed data}{paragraph.3.4.3.3.1}% 63
\BOOKMARK [5][-]{subsubparagraph.3.4.3.3.1.2.3}{Requirements}{paragraph.3.4.3.3.1}% 64
\BOOKMARK [5][-]{subparagraph.3.4.3.3.1.3}{Class-C}{paragraph.3.4.3.3.1}% 65
\BOOKMARK [5][-]{subsubparagraph.3.4.3.3.1.3.1}{Downlink}{paragraph.3.4.3.3.1}% 66
\BOOKMARK [5][-]{subsubparagraph.3.4.3.3.1.3.2}{Confirmed data}{paragraph.3.4.3.3.1}% 67
\BOOKMARK [4][-]{paragraph.3.4.3.3.2}{SEMTECH}{subsubsection.3.4.3.3}% 68
\BOOKMARK [2][-]{subsection.3.4.4}{Security}{section.3.4}% 69
\BOOKMARK [3][-]{subsubsection.3.4.4.1}{Blockchain}{subsection.3.4.4}% 70
\BOOKMARK [3][-]{subsubsection.3.4.4.2}{Summary and discussion}{subsection.3.4.4}% 71
\BOOKMARK [0][-]{chapter.4}{Aghiles bregellhardware2015}{}% 72
\BOOKMARK [1][-]{section.4.1}{Introduction \046 problem statement}{chapter.4}% 73
\BOOKMARK [2][-]{subsection.4.1.1}{Background}{section.4.1}% 74
\BOOKMARK [2][-]{subsection.4.1.2}{Purpose \(Goal\)}{section.4.1}% 75
\BOOKMARK [2][-]{subsection.4.1.3}{Limitations}{section.4.1}% 76
\BOOKMARK [2][-]{subsection.4.1.4}{Method}{section.4.1}% 77
\BOOKMARK [1][-]{section.4.2}{Background}{chapter.4}% 78
\BOOKMARK [2][-]{subsection.4.2.1}{Requirements}{section.4.2}% 79
\BOOKMARK [3][-]{subsubsection.4.2.1.1}{Hardware}{subsection.4.2.1}% 80
\BOOKMARK [3][-]{subsubsection.4.2.1.2}{Operating system}{subsection.4.2.1}% 81
\BOOKMARK [3][-]{subsubsection.4.2.1.3}{Communication protocol}{subsection.4.2.1}% 82
\BOOKMARK [2][-]{subsection.4.2.2}{Hardware}{section.4.2}% 83
\BOOKMARK [2][-]{subsection.4.2.3}{Operating system}{section.4.2}% 84
\BOOKMARK [2][-]{subsection.4.2.4}{Communication protocol}{section.4.2}% 85
\BOOKMARK [2][-]{subsection.4.2.5}{Workspace and tools}{section.4.2}% 86
\BOOKMARK [1][-]{section.4.3}{Prototype}{chapter.4}% 87
\BOOKMARK [2][-]{subsection.4.3.1}{Drivers and firmware}{section.4.3}% 88
\BOOKMARK [2][-]{subsection.4.3.2}{CoAP server}{section.4.3}% 89
\BOOKMARK [3][-]{subsubsection.4.3.2.1}{Testing}{subsection.4.3.2}% 90
\BOOKMARK [3][-]{subsubsection.4.3.2.2}{Final prototype}{subsection.4.3.2}% 91
\BOOKMARK [1][-]{section.4.4}{Evaluation}{chapter.4}% 92
\BOOKMARK [2][-]{subsection.4.4.1}{Range}{section.4.4}% 93
\BOOKMARK [2][-]{subsection.4.4.2}{Response time}{section.4.4}% 94
\BOOKMARK [2][-]{subsection.4.4.3}{Connection speed}{section.4.4}% 95
\BOOKMARK [2][-]{subsection.4.4.4}{Power consumption}{section.4.4}% 96
\BOOKMARK [1][-]{section.4.5}{Discussion}{chapter.4}% 97
\BOOKMARK [2][-]{subsection.4.5.1}{The prototype}{section.4.5}% 98
\BOOKMARK [3][-]{subsubsection.4.5.1.1}{Results}{subsection.4.5.1}% 99
\BOOKMARK [4][-]{paragraph.4.5.1.1.1}{Range}{subsubsection.4.5.1.1}% 100
\BOOKMARK [4][-]{paragraph.4.5.1.1.2}{Response time}{subsubsection.4.5.1.1}% 101
\BOOKMARK [4][-]{paragraph.4.5.1.1.3}{Connection speed}{subsubsection.4.5.1.1}% 102
\BOOKMARK [4][-]{paragraph.4.5.1.1.4}{Power consumption}{subsubsection.4.5.1.1}% 103
\BOOKMARK [2][-]{subsection.4.5.2}{Project execution}{section.4.5}% 104
\BOOKMARK [1][-]{section.4.6}{Conclusion}{chapter.4}% 105
\BOOKMARK [0][-]{chapter.5}{SDN: Sentilo contiki2016a}{}% 106
\BOOKMARK [1][-]{section.5.1}{Introduction \046 problem statement}{chapter.5}% 107
\BOOKMARK [2][-]{subsection.5.1.1}{Background}{section.5.1}% 108
\BOOKMARK [2][-]{subsection.5.1.2}{Purpose \(Goal\)}{section.5.1}% 109
\BOOKMARK [2][-]{subsection.5.1.3}{Limitations}{section.5.1}% 110
\BOOKMARK [2][-]{subsection.5.1.4}{Method}{section.5.1}% 111
\BOOKMARK [1][-]{section.5.2}{Background}{chapter.5}% 112
\BOOKMARK [2][-]{subsection.5.2.1}{Requirements}{section.5.2}% 113
\BOOKMARK [2][-]{subsection.5.2.2}{Hardware: Zolertia Z1 Motes}{section.5.2}% 114
\BOOKMARK [3][-]{subsubsection.5.2.2.1}{Peripherals ports}{subsection.5.2.2}% 115
\BOOKMARK [4][-]{paragraph.5.2.2.1.1}{North Port}{subsubsection.5.2.2.1}% 116
\BOOKMARK [4][-]{paragraph.5.2.2.1.2}{East Port}{subsubsection.5.2.2.1}% 117
\BOOKMARK [4][-]{paragraph.5.2.2.1.3}{South Port}{subsubsection.5.2.2.1}% 118
\BOOKMARK [4][-]{paragraph.5.2.2.1.4}{West Port}{subsubsection.5.2.2.1}% 119
\BOOKMARK [3][-]{subsubsection.5.2.2.2}{Internal sensors}{subsection.5.2.2}% 120
\BOOKMARK [4][-]{paragraph.5.2.2.2.1}{Temperature Sensor}{subsubsection.5.2.2.2}% 121
\BOOKMARK [4][-]{paragraph.5.2.2.2.2}{Accelerometer}{subsubsection.5.2.2.2}% 122
\BOOKMARK [3][-]{subsubsection.5.2.2.3}{External Sensors}{subsection.5.2.2}% 123
\BOOKMARK [4][-]{paragraph.5.2.2.3.1}{Analog sensors}{subsubsection.5.2.2.3}% 124
\BOOKMARK [5][-]{subparagraph.5.2.2.3.1.1}{Precision Light Sensor}{paragraph.5.2.2.3.1}% 125
\BOOKMARK [5][-]{subparagraph.5.2.2.3.1.2}{Force Sensor}{paragraph.5.2.2.3.1}% 126
\BOOKMARK [3][-]{subsubsection.5.2.2.4}{Relay actuator}{subsection.5.2.2}% 127
\BOOKMARK [3][-]{subsubsection.5.2.2.5}{Distance sensor}{subsection.5.2.2}% 128
\BOOKMARK [2][-]{subsection.5.2.3}{Operating systems}{section.5.2}% 129
\BOOKMARK [3][-]{subsubsection.5.2.3.1}{Main aspects}{subsection.5.2.3}% 130
\BOOKMARK [3][-]{subsubsection.5.2.3.2}{Contiki size}{subsection.5.2.3}% 131
\BOOKMARK [3][-]{subsubsection.5.2.3.3}{Contiki Hardware}{subsection.5.2.3}% 132
\BOOKMARK [3][-]{subsubsection.5.2.3.4}{Kernel structure}{subsection.5.2.3}% 133
\BOOKMARK [2][-]{subsection.5.2.4}{Communication protocol}{section.5.2}% 134
\BOOKMARK [3][-]{subsubsection.5.2.4.1}{Composition}{subsection.5.2.4}% 135
\BOOKMARK [3][-]{subsubsection.5.2.4.2}{Physical and MAC Layer \(IEEE 802.15.4\)}{subsection.5.2.4}% 136
\BOOKMARK [4][-]{paragraph.5.2.4.2.1}{Physical Layer}{subsubsection.5.2.4.2}% 137
\BOOKMARK [4][-]{paragraph.5.2.4.2.2}{Definitions}{subsubsection.5.2.4.2}% 138
\BOOKMARK [4][-]{paragraph.5.2.4.2.3}{Topologies}{subsubsection.5.2.4.2}% 139
\BOOKMARK [3][-]{subsubsection.5.2.4.3}{RIME}{subsection.5.2.4}% 140
\BOOKMARK [3][-]{subsubsection.5.2.4.4}{6LowPAN}{subsection.5.2.4}% 141
\BOOKMARK [4][-]{paragraph.5.2.4.4.1}{Characteristics}{subsubsection.5.2.4.4}% 142
\BOOKMARK [4][-]{paragraph.5.2.4.4.2}{Encapsulation Header format}{subsubsection.5.2.4.4}% 143
\BOOKMARK [4][-]{paragraph.5.2.4.4.3}{Fragment Header}{subsubsection.5.2.4.4}% 144
\BOOKMARK [4][-]{paragraph.5.2.4.4.4}{Mesh addressing header}{subsubsection.5.2.4.4}% 145
\BOOKMARK [4][-]{paragraph.5.2.4.4.5}{Header compression \(RFC4944\)}{subsubsection.5.2.4.4}% 146
\BOOKMARK [4][-]{paragraph.5.2.4.4.6}{Header compression Improved \(draft-hui-6lowpan-hc-01\)}{subsubsection.5.2.4.4}% 147
\BOOKMARK [3][-]{subsubsection.5.2.4.5}{RPL}{subsection.5.2.4}% 148
\BOOKMARK [2][-]{subsection.5.2.5}{Application protocol}{section.5.2}% 149
\BOOKMARK [3][-]{subsubsection.5.2.5.1}{COAP \(COnstrained Application Protocol\)}{subsection.5.2.5}% 150
\BOOKMARK [4][-]{paragraph.5.2.5.1.1}{Overview}{subsubsection.5.2.5.1}% 151
\BOOKMARK [4][-]{paragraph.5.2.5.1.2}{Coap Methods}{subsubsection.5.2.5.1}% 152
\BOOKMARK [4][-]{paragraph.5.2.5.1.3}{Coap Transactions}{subsubsection.5.2.5.1}% 153
\BOOKMARK [4][-]{paragraph.5.2.5.1.4}{Coap Messages}{subsubsection.5.2.5.1}% 154
\BOOKMARK [2][-]{subsection.5.2.6}{Workspace ant tools}{section.5.2}% 155
\BOOKMARK [1][-]{section.5.3}{Sentilo}{chapter.5}% 156
\BOOKMARK [2][-]{subsection.5.3.1}{Definitions}{section.5.3}% 157
\BOOKMARK [2][-]{subsection.5.3.2}{Sentilo Architecture}{section.5.3}% 158
\BOOKMARK [3][-]{subsubsection.5.3.2.1}{PubSub Server}{subsection.5.3.2}% 159
\BOOKMARK [3][-]{subsubsection.5.3.2.2}{Web Catalog Application}{subsection.5.3.2}% 160
\BOOKMARK [3][-]{subsubsection.5.3.2.3}{Extensions \(Agents\)}{subsection.5.3.2}% 161
\BOOKMARK [2][-]{subsection.5.3.3}{Sentilo structure}{section.5.3}% 162
\BOOKMARK [2][-]{subsection.5.3.4}{Sentilo API}{section.5.3}% 163
\BOOKMARK [1][-]{section.5.4}{Evaluation}{chapter.5}% 164
\BOOKMARK [2][-]{subsection.5.4.1}{Environment description}{section.5.4}% 165
\BOOKMARK [3][-]{subsubsection.5.4.1.1}{Sensor Network}{subsection.5.4.1}% 166
\BOOKMARK [4][-]{paragraph.5.4.1.1.1}{Border Router}{subsubsection.5.4.1.1}% 167
\BOOKMARK [4][-]{paragraph.5.4.1.1.2}{Nodes}{subsubsection.5.4.1.1}% 168
\BOOKMARK [3][-]{subsubsection.5.4.1.2}{Network connector}{subsection.5.4.1}% 169
\BOOKMARK [4][-]{paragraph.5.4.1.2.1}{Application workflow}{subsubsection.5.4.1.2}% 170
\BOOKMARK [4][-]{paragraph.5.4.1.2.2}{Sensor registration}{subsubsection.5.4.1.2}% 171
\BOOKMARK [4][-]{paragraph.5.4.1.2.3}{Sensor data publish}{subsubsection.5.4.1.2}% 172
\BOOKMARK [1][-]{section.5.5}{Discussion}{chapter.5}% 173
\BOOKMARK [2][-]{subsection.5.5.1}{The prototype}{section.5.5}% 174
\BOOKMARK [3][-]{subsubsection.5.5.1.1}{Results}{subsection.5.5.1}% 175
\BOOKMARK [4][-]{paragraph.5.5.1.1.1}{Range}{subsubsection.5.5.1.1}% 176
\BOOKMARK [4][-]{paragraph.5.5.1.1.2}{Response time}{subsubsection.5.5.1.1}% 177
\BOOKMARK [4][-]{paragraph.5.5.1.1.3}{Connection speed}{subsubsection.5.5.1.1}% 178
\BOOKMARK [4][-]{paragraph.5.5.1.1.4}{Power consumption}{subsubsection.5.5.1.1}% 179
\BOOKMARK [2][-]{subsection.5.5.2}{Project execution}{section.5.5}% 180
\BOOKMARK [1][-]{section.5.6}{Conclusion}{chapter.5}% 181
\BOOKMARK [2][-]{subsection.5.6.1}{Future lines of work}{section.5.6}% 182
\BOOKMARK [0][-]{chapter.6}{MEC: Chapter 4}{}% 183
\BOOKMARK [1][-]{section.6.1}{Introduction \046 problem statement}{chapter.6}% 184
\BOOKMARK [2][-]{subsection.6.1.1}{Background}{section.6.1}% 185
\BOOKMARK [2][-]{subsection.6.1.2}{Purpose \(Goal\)}{section.6.1}% 186
\BOOKMARK [2][-]{subsection.6.1.3}{Limitations}{section.6.1}% 187
\BOOKMARK [2][-]{subsection.6.1.4}{Method}{section.6.1}% 188
\BOOKMARK [1][-]{section.6.2}{Background}{chapter.6}% 189
\BOOKMARK [2][-]{subsection.6.2.1}{Selection of technology}{section.6.2}% 190
\BOOKMARK [3][-]{subsubsection.6.2.1.1}{Requirements}{subsection.6.2.1}% 191
\BOOKMARK [4][-]{paragraph.6.2.1.1.1}{Hardware}{subsubsection.6.2.1.1}% 192
\BOOKMARK [4][-]{paragraph.6.2.1.1.2}{Operating system}{subsubsection.6.2.1.1}% 193
\BOOKMARK [4][-]{paragraph.6.2.1.1.3}{Communication protocol}{subsubsection.6.2.1.1}% 194
\BOOKMARK [3][-]{subsubsection.6.2.1.2}{Hardware}{subsection.6.2.1}% 195
\BOOKMARK [3][-]{subsubsection.6.2.1.3}{Operating system}{subsection.6.2.1}% 196
\BOOKMARK [3][-]{subsubsection.6.2.1.4}{Communication protocol}{subsection.6.2.1}% 197
\BOOKMARK [3][-]{subsubsection.6.2.1.5}{Workspace and tools}{subsection.6.2.1}% 198
\BOOKMARK [1][-]{section.6.3}{Prototype}{chapter.6}% 199
\BOOKMARK [2][-]{subsection.6.3.1}{Drivers and firmware}{section.6.3}% 200
\BOOKMARK [2][-]{subsection.6.3.2}{CoAP server}{section.6.3}% 201
\BOOKMARK [3][-]{subsubsection.6.3.2.1}{Testing}{subsection.6.3.2}% 202
\BOOKMARK [3][-]{subsubsection.6.3.2.2}{Final prototype}{subsection.6.3.2}% 203
\BOOKMARK [1][-]{section.6.4}{Evaluation}{chapter.6}% 204
\BOOKMARK [2][-]{subsection.6.4.1}{Environment description}{section.6.4}% 205
\BOOKMARK [2][-]{subsection.6.4.2}{Results exploitation}{section.6.4}% 206
\BOOKMARK [2][-]{subsection.6.4.3}{Range}{section.6.4}% 207
\BOOKMARK [2][-]{subsection.6.4.4}{Response time}{section.6.4}% 208
\BOOKMARK [2][-]{subsection.6.4.5}{Connection speed}{section.6.4}% 209
\BOOKMARK [2][-]{subsection.6.4.6}{Power consumption}{section.6.4}% 210
\BOOKMARK [1][-]{section.6.5}{Discussion}{chapter.6}% 211
\BOOKMARK [2][-]{subsection.6.5.1}{The prototype}{section.6.5}% 212
\BOOKMARK [3][-]{subsubsection.6.5.1.1}{Results}{subsection.6.5.1}% 213
\BOOKMARK [4][-]{paragraph.6.5.1.1.1}{Range}{subsubsection.6.5.1.1}% 214
\BOOKMARK [4][-]{paragraph.6.5.1.1.2}{Response time}{subsubsection.6.5.1.1}% 215
\BOOKMARK [4][-]{paragraph.6.5.1.1.3}{Connection speed}{subsubsection.6.5.1.1}% 216
\BOOKMARK [4][-]{paragraph.6.5.1.1.4}{Power consumption}{subsubsection.6.5.1.1}% 217
\BOOKMARK [2][-]{subsection.6.5.2}{Project execution}{section.6.5}% 218
\BOOKMARK [1][-]{section.6.6}{Conclusion}{chapter.6}% 219
\BOOKMARK [0][-]{chapter.7}{Conclusion}{}% 220
\BOOKMARK [1][-]{section.7.1}{Conclusion}{chapter.7}% 221
\BOOKMARK [1][-]{section.7.2}{Perspectives}{chapter.7}% 222
\BOOKMARK [0][-]{chapter.8}{Publications}{}% 223
\BOOKMARK [1][-]{section.8.1}{List of publications}{chapter.8}% 224
\BOOKMARK [0][-]{appendix.A}{Appendix A}{}% 225
\BOOKMARK [1][-]{section.A.1}{Introduction \046 problem statement}{appendix.A}% 226
\BOOKMARK [1][-]{section.A.2}{Background}{appendix.A}% 227
\BOOKMARK [1][-]{section.A.3}{Approach}{appendix.A}% 228
\BOOKMARK [1][-]{section.A.4}{Performance evaluation}{appendix.A}% 229
\BOOKMARK [2][-]{subsection.A.4.1}{Environment description}{section.A.4}% 230
\BOOKMARK [2][-]{subsection.A.4.2}{Results exploitation}{section.A.4}% 231
\BOOKMARK [1][-]{section.A.5}{Conclusion}{appendix.A}% 232
\BOOKMARK [0][-]{appendix.B}{Appendix B}{}% 233
\BOOKMARK [0][-]{appendix*.51}{Bibliography}{}% 234
