This is LuaTeX, Version 0.95.0 (TeX Live 2016/Debian)  (format=lualatex 2019.4.12)  26 APR 2019 10:36
 restricted system commands enabled.
**cv-en.tex
(./cv-en.tex
LaTeX2e <2017/01/01> patch level 3
Lua module: luaotfload-main 2016/06/16 2.70003 OpenType layout system.
Lua module: lualibs 2016-04-06 2.4 ConTeXt Lua standard libraries.
Lua module: lualibs-extended 2016-04-06 2.4 ConTeXt Lua libraries -- extended co
llection.(using write cache: /home/aghiles/.texlive2016/texmf-var/luatex-cache/g
eneric)(using read cache: /var/lib/texmf/luatex-cache/generic /home/aghiles/.tex
live2016/texmf-var/luatex-cache/generic)
luaotfload | conf : Root cache directory is /home/aghiles/.texlive2016/texmf-var
/luatex-cache/generic/names.
luaotfload | init : Loading fontloader “fontloader-2016-06-16.lua” from kpse
-resolved path “/usr/share/texlive/texmf-dist/tex/luatex/luaotfload/fontloader
-2016-06-16.lua”.
Lua-only attribute luaotfload@state = 1
Lua-only attribute luaotfload@noligature = 2
Lua-only attribute luaotfload@syllabe = 3
luaotfload | init : Context OpenType loader version “3.023”
Inserting `luaotfload.node_processor' at position 1 in `pre_linebreak_filter'.
Inserting `luaotfload.node_processor' at position 1 in `hpack_filter'.
Inserting `luaotfload.define_font' at position 1 in `define_font'.
Lua-only attribute luaotfload_color_attribute = 4
luaotfload | conf : Root cache directory is /home/aghiles/.texlive2016/texmf-var
/luatex-cache/generic/names.
Inserting `luaotfload.aux.set_sscale_dimens' at position 1 in `luaotfload.patch_
font'.
Inserting `luaotfload.aux.patch_cambria_domh' at position 2 in `luaotfload.patch
_font'.
Inserting `luaotfload.aux.fixup_fontdata' at position 1 in `luaotfload.patch_fon
t_unsafe'.
Inserting `luaotfload.aux.set_capheight' at position 3 in `luaotfload.patch_font
'.
Inserting `luaotfload.rewrite_fontname' at position 4 in `luaotfload.patch_font'
.
luaotfload | main : initialization completed in 0.089 seconds
Babel <3.9r> and hyphenation patterns for 1 language(s) loaded.
(./.altacv.cls

LaTeX Warning: You have requested document class `.altacv',
               but the document class provides `altacv'.

Document Class: altacv 2016/09/11 AltaCV, yet another alternative class for a r
ésumé/curriculum vitae.
(/usr/share/texlive/texmf-dist/tex/latex/base/article.cls
Document Class: article 2014/09/29 v1.4h Standard LaTeX document class
(/usr/share/texlive/texmf-dist/tex/latex/base/size10.clo
File: size10.clo 2014/09/29 v1.4h Standard LaTeX file (size option)
luaotfload | db : Font names database loaded from /home/aghiles/.texlive2016/tex
mf-var/luatex-cache/generic/names/luaotfload-names.luc(compiling luc: /var/lib/t
exmf/luatex-cache/generic/fonts/otl/lmroman10-regular.luc)(load luc: /home/aghil
es/.texlive2016/texmf-var/luatex-cache/generic/fonts/otl/lmroman10-regular.luc))
\c@part=\count79
\c@section=\count80
\c@subsection=\count81
\c@subsubsection=\count82
\c@paragraph=\count83
\c@subparagraph=\count84
\c@figure=\count85
\c@table=\count86
\abovecaptionskip=\skip41
\belowcaptionskip=\skip42
\bibindent=\dimen102
) (/usr/share/texlive/texmf-dist/tex/latex/geometry/geometry.sty
Package: geometry 2010/09/12 v5.6 Page Geometry

(/usr/share/texlive/texmf-dist/tex/latex/graphics/keyval.sty
Package: keyval 2014/10/28 v1.15 key=value parser (DPC)
\KV@toks@=\toks14
)
(/usr/share/texlive/texmf-dist/tex/generic/oberdiek/ifpdf.sty
Package: ifpdf 2016/05/14 v3.1 Provides the ifpdf switch
)
(/usr/share/texlive/texmf-dist/tex/generic/oberdiek/ifvtex.sty
Package: ifvtex 2016/05/16 v1.6 Detect VTeX and its facilities (HO)
Package ifvtex Info: VTeX not detected.
)
(/usr/share/texlive/texmf-dist/tex/generic/ifxetex/ifxetex.sty
Package: ifxetex 2010/09/12 v0.6 Provides ifxetex conditional
)
\Gm@cnth=\count87
\Gm@cntv=\count88
\c@Gm@tempcnt=\count89
\Gm@bindingoffset=\dimen103
\Gm@wd@mp=\dimen104
\Gm@odd@mp=\dimen105
\Gm@even@mp=\dimen106
\Gm@layoutwidth=\dimen107
\Gm@layoutheight=\dimen108
\Gm@layouthoffset=\dimen109
\Gm@layoutvoffset=\dimen110
\Gm@dimlist=\toks15
)
(/usr/share/texlive/texmf-dist/tex/latex/fontawesome/fontawesome.sty
Package: fontawesome 2016/05/15 v4.6.3.1 font awesome icons

(/usr/share/texlive/texmf-dist/tex/generic/oberdiek/ifluatex.sty
Package: ifluatex 2016/05/16 v1.4 Provides the ifluatex switch (HO)
Package ifluatex Info: LuaTeX detected.
)
(/usr/share/texlive/texmf-dist/tex/latex/fontawesome/fontawesomesymbols-generic
.tex) (/usr/share/texlive/texmf-dist/tex/latex/fontspec/fontspec.sty
(/usr/share/texlive/texmf-dist/tex/latex/l3kernel/expl3.sty
Package: expl3 2016/11/21 v6760 L3 programming layer (loader) 

(/usr/share/texlive/texmf-dist/tex/latex/l3kernel/expl3-code.tex
Package: expl3 2016/11/21 v6760 L3 programming layer (code)
L3 Module: l3bootstrap 2016/06/13 v6596 L3 Bootstrap code
\ucharcat@table=\catcodetable5
L3 Module: l3names 2016/10/13 v6722 L3 Namespace for primitives
L3 Module: l3basics 2016/09/01 v6696 L3 Basic definitions
L3 Module: l3expan 2016/08/19 v6684 L3 Argument expansion
L3 Module: l3tl 2016/08/19 v6692 L3 Token lists
L3 Module: l3str 2016/08/19 v6692 L3 Strings
L3 Module: l3seq 2016/08/19 v6685 L3 Sequences and stacks
L3 Module: l3int 2016/09/07 v6700 L3 Integers
\c_max_int=\count90
\l_tmpa_int=\count91
\l_tmpb_int=\count92
\g_tmpa_int=\count93
\g_tmpb_int=\count94
L3 Module: l3quark 2016/08/19 v6685 L3 Quarks
L3 Module: l3prg 2016/08/18 v6679 L3 Control structures
\g__prg_map_int=\count95
L3 Module: l3clist 2016/08/19 v6685 L3 Comma separated lists
L3 Module: l3token 2016/09/01 v6695 L3 Experimental token manipulation
L3 Module: l3prop 2016/08/19 v6685 L3 Property lists
L3 Module: l3msg 2016/08/19 v6691 L3 Messages
L3 Module: l3file 2016/08/19 v6685 L3 File and I/O operations
\l_iow_line_count_int=\count96
\l__iow_target_count_int=\count97
\l__iow_current_line_int=\count98
\l__iow_current_word_int=\count99
\l__iow_current_indentation_int=\count100
L3 Module: l3skip 2016/08/19 v6692 L3 Dimensions and skips
\c_zero_dim=\dimen111
\c_max_dim=\dimen112
\l_tmpa_dim=\dimen113
\l_tmpb_dim=\dimen114
\g_tmpa_dim=\dimen115
\g_tmpb_dim=\dimen116
\c_zero_skip=\skip43
\c_max_skip=\skip44
\l_tmpa_skip=\skip45
\l_tmpb_skip=\skip46
\g_tmpa_skip=\skip47
\g_tmpb_skip=\skip48
\c_zero_muskip=\muskip10
\c_max_muskip=\muskip11
\l_tmpa_muskip=\muskip12
\l_tmpb_muskip=\muskip13
\g_tmpa_muskip=\muskip14
\g_tmpb_muskip=\muskip15
L3 Module: l3keys 2016/09/21 v6711 L3 Key-value interfaces
\l_keys_choice_int=\count101
L3 Module: l3fp 2016/11/21 v6761 L3 Floating points
\c__fp_leading_shift_int=\count102
\c__fp_middle_shift_int=\count103
\c__fp_trailing_shift_int=\count104
\c__fp_big_leading_shift_int=\count105
\c__fp_big_middle_shift_int=\count106
\c__fp_big_trailing_shift_int=\count107
\c__fp_Bigg_leading_shift_int=\count108
\c__fp_Bigg_middle_shift_int=\count109
\c__fp_Bigg_trailing_shift_int=\count110
L3 Module: l3box 2016/08/19 v6685 L3 Experimental boxes
\c_empty_box=\box26
\l_tmpa_box=\box27
\l_tmpb_box=\box28
\g_tmpa_box=\box29
\g_tmpb_box=\box30
L3 Module: l3coffins 2016/08/19 v6685 L3 Coffin code layer
\l__coffin_internal_box=\box31
\l__coffin_internal_dim=\dimen117
\l__coffin_offset_x_dim=\dimen118
\l__coffin_offset_y_dim=\dimen119
\l__coffin_x_dim=\dimen120
\l__coffin_y_dim=\dimen121
\l__coffin_x_prime_dim=\dimen122
\l__coffin_y_prime_dim=\dimen123
\c_empty_coffin=\box32
\l__coffin_aligned_coffin=\box33
\l__coffin_aligned_internal_coffin=\box34
\l_tmpa_coffin=\box35
\l_tmpb_coffin=\box36
\l__coffin_display_coffin=\box37
\l__coffin_display_coord_coffin=\box38
\l__coffin_display_pole_coffin=\box39
\l__coffin_display_offset_dim=\dimen124
\l__coffin_display_x_dim=\dimen125
\l__coffin_display_y_dim=\dimen126
L3 Module: l3color 2016/06/13 v6596 L3 Experimental color support
L3 Module: l3sys 2015/09/25 v6087 L3 Experimental system/runtime functions
L3 Module: l3candidates 2016/08/19 v6688 L3 Experimental additions to l3kernel
\l__box_top_dim=\dimen127
\l__box_bottom_dim=\dimen128
\l__box_left_dim=\dimen129
\l__box_right_dim=\dimen130
\l__box_top_new_dim=\dimen131
\l__box_bottom_new_dim=\dimen132
\l__box_left_new_dim=\dimen133
\l__box_right_new_dim=\dimen134
\l__box_internal_box=\box40
\l__coffin_bounding_shift_dim=\dimen135
\l__coffin_left_corner_dim=\dimen136
\l__coffin_right_corner_dim=\dimen137
\l__coffin_bottom_corner_dim=\dimen138
\l__coffin_top_corner_dim=\dimen139
\l__coffin_scaled_total_height_dim=\dimen140
\l__coffin_scaled_width_dim=\dimen141
L3 Module: l3luatex 2016/08/18 v6679 L3 Experimental LuaTeX-specific functions
)
(/usr/share/texlive/texmf-dist/tex/latex/l3kernel/l3pdfmode.def
File: l3pdfmode.def 2016/08/18 v6679 L3 Experimental driver: PDF mode
\l__driver_color_stack_int=\count111
\l__driver_tmp_box=\box41
))
(/usr/share/texlive/texmf-dist/tex/latex/l3packages/xparse/xparse.sty
Package: xparse 2016/11/21 v6760 L3 Experimental document command parser
\l__xparse_current_arg_int=\count112
\l__xparse_m_args_int=\count113
\l__xparse_mandatory_args_int=\count114
\l__xparse_processor_int=\count115
\l__xparse_v_nesting_int=\count116
)
Package: fontspec 2017/02/12 v2.6 Font selection for XeLaTeX and LuaLaTeX
Lua module: fontspec 2017/02/12 2.6 Font selection for XeLaTeX and LuaLaTeX
(/usr/share/texlive/texmf-dist/tex/latex/fontspec/fontspec-luatex.sty
Package: fontspec-luatex 2017/02/12 v2.6 Font selection for XeLaTeX and LuaLaTeX

\l__fontspec_script_int=\count117
\l__fontspec_language_int=\count118
\l__fontspec_strnum_int=\count119
\l__fontspec_tmp_int=\count120
\l__fontspec_em_int=\count121
\l__fontspec_emdef_int=\count122
\l__fontspec_strong_int=\count123
\l__fontspec_strongdef_int=\count124
\l__fontspec_tmpa_dim=\dimen142
\l__fontspec_tmpb_dim=\dimen143
\l__fontspec_tmpc_dim=\dimen144
\g__file_internal_ior=\read1

(/usr/share/texlive/texmf-dist/tex/latex/base/fontenc.sty
Package: fontenc 2017/02/22 v2.0g Standard LaTeX package

(/usr/share/texlive/texmf-dist/tex/latex/base/tuenc.def
File: tuenc.def 2017/02/22 v2.0g Standard LaTeX file
LaTeX Font Info:    Redeclaring font encoding TU on input line 82.
))
.................................................
. LaTeX info: "xparse/define-command"
. 
. Defining command \fontspec with sig. 'O{}mO{}' on line 478.
.................................................
.................................................
. LaTeX info: "xparse/define-command"
. 
. Defining command \setmainfont with sig. 'O{}mO{}' on line 494.
.................................................
.................................................
. LaTeX info: "xparse/define-command"
. 
. Defining command \setsansfont with sig. 'O{}mO{}' on line 510.
.................................................
.................................................
. LaTeX info: "xparse/define-command"
. 
. Defining command \setmonofont with sig. 'O{}mO{}' on line 526.
.................................................
.................................................
. LaTeX info: "xparse/define-command"
. 
. Defining command \setmathrm with sig. 'O{}mO{}' on line 531.
.................................................
.................................................
. LaTeX info: "xparse/define-command"
. 
. Defining command \setboldmathrm with sig. 'O{}mO{}' on line 536.
.................................................
.................................................
. LaTeX info: "xparse/define-command"
. 
. Defining command \setmathsf with sig. 'O{}mO{}' on line 541.
.................................................
.................................................
. LaTeX info: "xparse/define-command"
. 
. Defining command \setmathtt with sig. 'O{}mO{}' on line 546.
.................................................
.................................................
. LaTeX info: "xparse/define-command"
. 
. Defining command \newfontfamily with sig. 'mO{}mO{}' on line 566.
.................................................
.................................................
. LaTeX info: "xparse/define-command"
. 
. Defining command \newfontface with sig. 'mO{}mO{}' on line 570.
.................................................
.................................................
. LaTeX info: "xparse/define-command"
. 
. Defining command \defaultfontfeatures with sig. 't+om' on line 577.
.................................................
.................................................
. LaTeX info: "xparse/define-command"
. 
. Defining command \addfontfeatures with sig. 'm' on line 626.
.................................................
.................................................
. LaTeX info: "xparse/define-command"
. 
. Defining command \newfontfeature with sig. 'mm' on line 637.
.................................................
.................................................
. LaTeX info: "xparse/define-command"
. 
. Defining command \newAATfeature with sig. 'mmmm' on line 645.
.................................................
.................................................
. LaTeX info: "xparse/define-command"
. 
. Defining command \newopentypefeature with sig. 'mmm' on line 655.
.................................................
.................................................
. LaTeX info: "xparse/define-command"
. 
. Defining command \aliasfontfeature with sig. 'mm' on line 678.
.................................................
.................................................
. LaTeX info: "xparse/define-command"
. 
. Defining command \aliasfontfeatureoption with sig. 'mmm' on line 695.
.................................................
.................................................
. LaTeX info: "xparse/define-command"
. 
. Defining command \newfontscript with sig. 'mm' on line 699.
.................................................
.................................................
. LaTeX info: "xparse/define-command"
. 
. Defining command \newfontlanguage with sig. 'mm' on line 703.
.................................................
.................................................
. LaTeX info: "xparse/define-command"
. 
. Defining command \DeclareFontsExtensions with sig. 'm' on line 708.
.................................................
.................................................
. LaTeX info: "xparse/define-command"
. 
. Defining command \IfFontFeatureActiveTF with sig. 'mmm' on line 714.
.................................................
.................................................
. LaTeX info: "xparse/define-command"
. 
. Defining command \EncodingCommand with sig. 'mO{}m' on line 3062.
.................................................
.................................................
. LaTeX info: "xparse/define-command"
. 
. Defining command \EncodingAccent with sig. 'mm' on line 3068.
.................................................
.................................................
. LaTeX info: "xparse/define-command"
. 
. Defining command \EncodingSymbol with sig. 'mm' on line 3074.
.................................................
.................................................
. LaTeX info: "xparse/define-command"
. 
. Defining command \EncodingComposite with sig. 'mmm' on line 3080.
.................................................
.................................................
. LaTeX info: "xparse/define-command"
. 
. Defining command \EncodingCompositeCommand with sig. 'mmm' on line 3086.
.................................................
.................................................
. LaTeX info: "xparse/define-command"
. 
. Defining command \DeclareUnicodeEncoding with sig. 'mm' on line 3111.
.................................................
.................................................
. LaTeX info: "xparse/define-command"
. 
. Defining command \UndeclareSymbol with sig. 'm' on line 3117.
.................................................
.................................................
. LaTeX info: "xparse/define-command"
. 
. Defining command \UndeclareComposite with sig. 'mm' on line 3125.
.................................................

(/usr/share/texlive/texmf-dist/tex/latex/fontspec/fontspec.cfg)
LaTeX Info: Redefining \itshape on input line 3310.
LaTeX Info: Redefining \slshape on input line 3315.
LaTeX Info: Redefining \scshape on input line 3320.
LaTeX Info: Redefining \upshape on input line 3325.
LaTeX Info: Redefining \em on input line 3355.
LaTeX Info: Redefining \emph on input line 3380.
(compiling luc: /var/lib/texmf/luatex-cache/generic/fonts/otl/lmroman10-bold.luc
)(load luc: /home/aghiles/.texlive2016/texmf-var/luatex-cache/generic/fonts/otl/
lmroman10-bold.luc)(compiling luc: /var/lib/texmf/luatex-cache/generic/fonts/otl
/lmroman10-italic.luc)(load luc: /home/aghiles/.texlive2016/texmf-var/luatex-cac
he/generic/fonts/otl/lmroman10-italic.luc)
LaTeX Info: Redefining \- on input line 3431.
.................................................
. LaTeX info: "xparse/redefine-command"
. 
. Redefining command \oldstylenums with sig. 'm' on line 3526.
.................................................
.................................................
. LaTeX info: "xparse/define-command"
. 
. Defining command \liningnums with sig. 'm' on line 3530.
.................................................
))
luaotfload | cache : Lookup cache loaded from /home/aghiles/.texlive2016/texmf-v
ar/luatex-cache/generic/names/luaotfload-lookup-cache.luc.(compiling luc: /var/l
ib/texmf/luatex-cache/generic/fonts/otl/fontawesome.luc)(load luc: /home/aghiles
/.texlive2016/texmf-var/luatex-cache/generic/fonts/otl/fontawesome.luc)
luaotfload | aux : font no 18 (<unknown>) defines no feature for script latn
luaotfload | aux : no font with id 18
.................................................
. fontspec info: "no-scripts"
. 
. Font "FontAwesome" does not contain any OpenType `Script' information.
.................................................
\g__fontspec_family_FontAwesome_int=\count125
.................................................
. fontspec info: "no-font-shape"
. 
. Could not resolve font "FontAwesome/BI" (it probably doesn't exist).
.................................................
.................................................
. fontspec info: "no-font-shape"
. 
. Could not resolve font "FontAwesome/B" (it probably doesn't exist).
.................................................
.................................................
. fontspec info: "no-font-shape"
. 
. Could not resolve font "FontAwesome/I" (it probably doesn't exist).
.................................................
luaotfload | aux : font no 18 (<unknown>) does not define feature smcp for scrip
t  with language 
luaotfload | aux : no font with id 18
.................................................
. fontspec info: "defining-font"
. 
. Font family 'FontAwesome(0)' created for font 'FontAwesome' with options [].
.  
.  This font family consists of the following NFSS series/shapes:
.  
. - 'normal' (m/n) with NFSS spec.: <->"FontAwesome:mode=node;"
. - 'small caps'  (m/sc) with NFSS spec.: 
.................................................

(/usr/share/texlive/texmf-dist/tex/latex/fontawesome/fontawesomesymbols-xeluate
x.tex)) (/usr/share/texlive/texmf-dist/tex/latex/academicons/academicons.sty
Package: academicons 2016/06/12 v1.7.2 Academicons Icons
(compiling luc: /var/lib/texmf/luatex-cache/generic/fonts/otl/academicons.luc)(l
oad luc: /home/aghiles/.texlive2016/texmf-var/luatex-cache/generic/fonts/otl/aca
demicons.luc)
luaotfload | aux : font no 19 (<unknown>) defines no feature for script latn
luaotfload | aux : no font with id 19
.................................................
. fontspec info: "no-scripts"
. 
. Font "Academicons" does not contain any OpenType `Script' information.
.................................................
\g__fontspec_family_Academicons_int=\count126
.................................................
. fontspec info: "no-font-shape"
. 
. Could not resolve font "Academicons/BI" (it probably doesn't exist).
.................................................
.................................................
. fontspec info: "no-font-shape"
. 
. Could not resolve font "Academicons/B" (it probably doesn't exist).
.................................................
.................................................
. fontspec info: "no-font-shape"
. 
. Could not resolve font "Academicons/I" (it probably doesn't exist).
.................................................
luaotfload | aux : font no 19 (<unknown>) does not define feature smcp for scrip
t  with language 
luaotfload | aux : no font with id 19
.................................................
. fontspec info: "defining-font"
. 
. Font family 'Academicons(0)' created for font 'Academicons' with options [].
.  
.  This font family consists of the following NFSS series/shapes:
.  
. - 'normal' (m/n) with NFSS spec.: <->"Academicons:mode=node;"
. - 'small caps'  (m/sc) with NFSS spec.: 
.................................................
) (/usr/share/texlive/texmf-dist/tex/latex/xcolor/xcolor.sty
Package: xcolor 2016/05/11 v2.12 LaTeX color extensions (UK)

(/usr/share/texlive/texmf-dist/tex/latex/graphics-cfg/color.cfg
File: color.cfg 2016/01/02 v1.6 sample color configuration
)
Package xcolor Info: Driver file: luatex.def on input line 225.

(/usr/share/texlive/texmf-dist/tex/latex/graphics-def/luatex.def
File: luatex.def 2017/01/12 v0.01h Graphics/Color for luaTeX

(/usr/share/texlive/texmf-dist/tex/generic/oberdiek/infwarerr.sty
Package: infwarerr 2016/05/16 v1.4 Providing info/warning/error messages (HO)
)
(/usr/share/texlive/texmf-dist/tex/generic/oberdiek/ltxcmds.sty
Package: ltxcmds 2016/05/16 v1.23 LaTeX kernel commands for general use (HO)
)
\Gread@gobject=\count127
)
Package xcolor Info: Model `cmy' substituted by `cmy0' on input line 1348.
Package xcolor Info: Model `hsb' substituted by `rgb' on input line 1352.
Package xcolor Info: Model `RGB' extended on input line 1364.
Package xcolor Info: Model `HTML' substituted by `rgb' on input line 1366.
Package xcolor Info: Model `Hsb' substituted by `hsb' on input line 1367.
Package xcolor Info: Model `tHsb' substituted by `hsb' on input line 1368.
Package xcolor Info: Model `HSB' substituted by `hsb' on input line 1369.
Package xcolor Info: Model `Gray' substituted by `gray' on input line 1370.
Package xcolor Info: Model `wave' substituted by `hsb' on input line 1371.
)
(/usr/share/texlive/texmf-dist/tex/latex/pgf/frontendlayer/tikz.sty
(/usr/share/texlive/texmf-dist/tex/latex/pgf/basiclayer/pgf.sty
(/usr/share/texlive/texmf-dist/tex/latex/pgf/utilities/pgfrcs.sty
(/usr/share/texlive/texmf-dist/tex/generic/pgf/utilities/pgfutil-common.tex
\pgfutil@everybye=\toks16
\pgfutil@tempdima=\dimen145
\pgfutil@tempdimb=\dimen146

(/usr/share/texlive/texmf-dist/tex/generic/pgf/utilities/pgfutil-common-lists.t
ex)) (/usr/share/texlive/texmf-dist/tex/generic/pgf/utilities/pgfutil-latex.def
\pgfutil@abb=\box42
(/usr/share/texlive/texmf-dist/tex/latex/ms/everyshi.sty
Package: everyshi 2001/05/15 v3.00 EveryShipout Package (MS)
))
(/usr/share/texlive/texmf-dist/tex/generic/pgf/utilities/pgfrcs.code.tex
Package: pgfrcs 2015/08/07 v3.0.1a (rcs-revision 1.31)
))
Package: pgf 2015/08/07 v3.0.1a (rcs-revision 1.15)

(/usr/share/texlive/texmf-dist/tex/latex/pgf/basiclayer/pgfcore.sty
(/usr/share/texlive/texmf-dist/tex/latex/graphics/graphicx.sty
Package: graphicx 2014/10/28 v1.0g Enhanced LaTeX Graphics (DPC,SPQR)

(/usr/share/texlive/texmf-dist/tex/latex/graphics/graphics.sty
Package: graphics 2016/10/09 v1.0u Standard LaTeX Graphics (DPC,SPQR)

(/usr/share/texlive/texmf-dist/tex/latex/graphics/trig.sty
Package: trig 2016/01/03 v1.10 sin cos tan (DPC)
)
(/usr/share/texlive/texmf-dist/tex/latex/graphics-cfg/graphics.cfg
File: graphics.cfg 2016/06/04 v1.11 sample graphics configuration
)
Package graphics Info: Driver file: luatex.def on input line 99.
)
\Gin@req@height=\dimen147
\Gin@req@width=\dimen148
)
(/usr/share/texlive/texmf-dist/tex/latex/pgf/systemlayer/pgfsys.sty
(/usr/share/texlive/texmf-dist/tex/generic/pgf/systemlayer/pgfsys.code.tex
Package: pgfsys 2014/07/09 v3.0.1a (rcs-revision 1.48)

(/usr/share/texlive/texmf-dist/tex/generic/pgf/utilities/pgfkeys.code.tex
\pgfkeys@pathtoks=\toks17
\pgfkeys@temptoks=\toks18

(/usr/share/texlive/texmf-dist/tex/generic/pgf/utilities/pgfkeysfiltered.code.t
ex
\pgfkeys@tmptoks=\toks19
))
\pgf@x=\dimen149
\pgf@y=\dimen150
\pgf@xa=\dimen151
\pgf@ya=\dimen152
\pgf@xb=\dimen153
\pgf@yb=\dimen154
\pgf@xc=\dimen155
\pgf@yc=\dimen156
\w@pgf@writea=\write3
\r@pgf@reada=\read2
\c@pgf@counta=\count128
\c@pgf@countb=\count129
\c@pgf@countc=\count130
\c@pgf@countd=\count131
\t@pgf@toka=\toks20
\t@pgf@tokb=\toks21
\t@pgf@tokc=\toks22
 (/usr/share/texlive/texmf-dist/tex/generic/pgf/systemlayer/pgf.cfg
File: pgf.cfg 2008/05/14  (rcs-revision 1.7)
)
Driver file for pgf: pgfsys-luatex.def

(/usr/share/texlive/texmf-dist/tex/generic/pgf/systemlayer/pgfsys-luatex.def
File: pgfsys-luatex.def 2014/10/11  (rcs-revision 1.35)

(/usr/share/texlive/texmf-dist/tex/generic/pgf/systemlayer/pgfsys-common-pdf.de
f
File: pgfsys-common-pdf.def 2013/10/10  (rcs-revision 1.13)
)))
(/usr/share/texlive/texmf-dist/tex/generic/pgf/systemlayer/pgfsyssoftpath.code.
tex
File: pgfsyssoftpath.code.tex 2013/09/09  (rcs-revision 1.9)
\pgfsyssoftpath@smallbuffer@items=\count132
\pgfsyssoftpath@bigbuffer@items=\count133
)
(/usr/share/texlive/texmf-dist/tex/generic/pgf/systemlayer/pgfsysprotocol.code.
tex
File: pgfsysprotocol.code.tex 2006/10/16  (rcs-revision 1.4)
))
(/usr/share/texlive/texmf-dist/tex/generic/pgf/basiclayer/pgfcore.code.tex
Package: pgfcore 2010/04/11 v3.0.1a (rcs-revision 1.7)

(/usr/share/texlive/texmf-dist/tex/generic/pgf/math/pgfmath.code.tex
(/usr/share/texlive/texmf-dist/tex/generic/pgf/math/pgfmathcalc.code.tex
(/usr/share/texlive/texmf-dist/tex/generic/pgf/math/pgfmathutil.code.tex)
(/usr/share/texlive/texmf-dist/tex/generic/pgf/math/pgfmathparser.code.tex
\pgfmath@dimen=\dimen157
\pgfmath@count=\count134
\pgfmath@box=\box43
\pgfmath@toks=\toks23
\pgfmath@stack@operand=\toks24
\pgfmath@stack@operation=\toks25
)
(/usr/share/texlive/texmf-dist/tex/generic/pgf/math/pgfmathfunctions.code.tex
(/usr/share/texlive/texmf-dist/tex/generic/pgf/math/pgfmathfunctions.basic.code
.tex)
(/usr/share/texlive/texmf-dist/tex/generic/pgf/math/pgfmathfunctions.trigonomet
ric.code.tex)
(/usr/share/texlive/texmf-dist/tex/generic/pgf/math/pgfmathfunctions.random.cod
e.tex)
(/usr/share/texlive/texmf-dist/tex/generic/pgf/math/pgfmathfunctions.comparison
.code.tex)
(/usr/share/texlive/texmf-dist/tex/generic/pgf/math/pgfmathfunctions.base.code.
tex)
(/usr/share/texlive/texmf-dist/tex/generic/pgf/math/pgfmathfunctions.round.code
.tex)
(/usr/share/texlive/texmf-dist/tex/generic/pgf/math/pgfmathfunctions.misc.code.
tex)
(/usr/share/texlive/texmf-dist/tex/generic/pgf/math/pgfmathfunctions.integerari
thmetics.code.tex)))
(/usr/share/texlive/texmf-dist/tex/generic/pgf/math/pgfmathfloat.code.tex
\c@pgfmathroundto@lastzeros=\count135
))
(/usr/share/texlive/texmf-dist/tex/generic/pgf/basiclayer/pgfcorepoints.code.te
x
File: pgfcorepoints.code.tex 2013/10/07  (rcs-revision 1.27)
\pgf@picminx=\dimen158
\pgf@picmaxx=\dimen159
\pgf@picminy=\dimen160
\pgf@picmaxy=\dimen161
\pgf@pathminx=\dimen162
\pgf@pathmaxx=\dimen163
\pgf@pathminy=\dimen164
\pgf@pathmaxy=\dimen165
\pgf@xx=\dimen166
\pgf@xy=\dimen167
\pgf@yx=\dimen168
\pgf@yy=\dimen169
\pgf@zx=\dimen170
\pgf@zy=\dimen171
)
(/usr/share/texlive/texmf-dist/tex/generic/pgf/basiclayer/pgfcorepathconstruct.
code.tex
File: pgfcorepathconstruct.code.tex 2013/10/07  (rcs-revision 1.29)
\pgf@path@lastx=\dimen172
\pgf@path@lasty=\dimen173
)
(/usr/share/texlive/texmf-dist/tex/generic/pgf/basiclayer/pgfcorepathusage.code
.tex
File: pgfcorepathusage.code.tex 2014/11/02  (rcs-revision 1.24)
\pgf@shorten@end@additional=\dimen174
\pgf@shorten@start@additional=\dimen175
)
(/usr/share/texlive/texmf-dist/tex/generic/pgf/basiclayer/pgfcorescopes.code.te
x
File: pgfcorescopes.code.tex 2015/05/08  (rcs-revision 1.46)
\pgfpic=\box44
\pgf@hbox=\box45
\pgf@layerbox@main=\box46
\pgf@picture@serial@count=\count136
)
(/usr/share/texlive/texmf-dist/tex/generic/pgf/basiclayer/pgfcoregraphicstate.c
ode.tex
File: pgfcoregraphicstate.code.tex 2014/11/02  (rcs-revision 1.12)
\pgflinewidth=\dimen176
)
(/usr/share/texlive/texmf-dist/tex/generic/pgf/basiclayer/pgfcoretransformation
s.code.tex
File: pgfcoretransformations.code.tex 2015/08/07  (rcs-revision 1.20)
\pgf@pt@x=\dimen177
\pgf@pt@y=\dimen178
\pgf@pt@temp=\dimen179
)
(/usr/share/texlive/texmf-dist/tex/generic/pgf/basiclayer/pgfcorequick.code.tex
File: pgfcorequick.code.tex 2008/10/09  (rcs-revision 1.3)
)
(/usr/share/texlive/texmf-dist/tex/generic/pgf/basiclayer/pgfcoreobjects.code.t
ex
File: pgfcoreobjects.code.tex 2006/10/11  (rcs-revision 1.2)
)
(/usr/share/texlive/texmf-dist/tex/generic/pgf/basiclayer/pgfcorepathprocessing
.code.tex
File: pgfcorepathprocessing.code.tex 2013/09/09  (rcs-revision 1.9)
)
(/usr/share/texlive/texmf-dist/tex/generic/pgf/basiclayer/pgfcorearrows.code.te
x
File: pgfcorearrows.code.tex 2015/05/14  (rcs-revision 1.43)
\pgfarrowsep=\dimen180
)
(/usr/share/texlive/texmf-dist/tex/generic/pgf/basiclayer/pgfcoreshade.code.tex
File: pgfcoreshade.code.tex 2013/07/15  (rcs-revision 1.15)
\pgf@max=\dimen181
\pgf@sys@shading@range@num=\count137
)
(/usr/share/texlive/texmf-dist/tex/generic/pgf/basiclayer/pgfcoreimage.code.tex
File: pgfcoreimage.code.tex 2013/07/15  (rcs-revision 1.18)

(/usr/share/texlive/texmf-dist/tex/generic/pgf/basiclayer/pgfcoreexternal.code.
tex
File: pgfcoreexternal.code.tex 2014/07/09  (rcs-revision 1.21)
\pgfexternal@startupbox=\box47
))
(/usr/share/texlive/texmf-dist/tex/generic/pgf/basiclayer/pgfcorelayers.code.te
x
File: pgfcorelayers.code.tex 2013/07/18  (rcs-revision 1.7)
)
(/usr/share/texlive/texmf-dist/tex/generic/pgf/basiclayer/pgfcoretransparency.c
ode.tex
File: pgfcoretransparency.code.tex 2013/09/30  (rcs-revision 1.5)
)
(/usr/share/texlive/texmf-dist/tex/generic/pgf/basiclayer/pgfcorepatterns.code.
tex
File: pgfcorepatterns.code.tex 2013/11/07  (rcs-revision 1.5)
)))
(/usr/share/texlive/texmf-dist/tex/generic/pgf/modules/pgfmoduleshapes.code.tex
File: pgfmoduleshapes.code.tex 2014/03/21  (rcs-revision 1.35)
\pgfnodeparttextbox=\box48
) (/usr/share/texlive/texmf-dist/tex/generic/pgf/modules/pgfmoduleplot.code.tex
File: pgfmoduleplot.code.tex 2015/08/03  (rcs-revision 1.13)
)
(/usr/share/texlive/texmf-dist/tex/latex/pgf/compatibility/pgfcomp-version-0-65
.sty
Package: pgfcomp-version-0-65 2007/07/03 v3.0.1a (rcs-revision 1.7)
\pgf@nodesepstart=\dimen182
\pgf@nodesepend=\dimen183
)
(/usr/share/texlive/texmf-dist/tex/latex/pgf/compatibility/pgfcomp-version-1-18
.sty
Package: pgfcomp-version-1-18 2007/07/23 v3.0.1a (rcs-revision 1.1)
)) (/usr/share/texlive/texmf-dist/tex/latex/pgf/utilities/pgffor.sty
(/usr/share/texlive/texmf-dist/tex/latex/pgf/utilities/pgfkeys.sty
(/usr/share/texlive/texmf-dist/tex/generic/pgf/utilities/pgfkeys.code.tex))
(/usr/share/texlive/texmf-dist/tex/latex/pgf/math/pgfmath.sty
(/usr/share/texlive/texmf-dist/tex/generic/pgf/math/pgfmath.code.tex))
(/usr/share/texlive/texmf-dist/tex/generic/pgf/utilities/pgffor.code.tex
Package: pgffor 2013/12/13 v3.0.1a (rcs-revision 1.25)

(/usr/share/texlive/texmf-dist/tex/generic/pgf/math/pgfmath.code.tex)
\pgffor@iter=\dimen184
\pgffor@skip=\dimen185
\pgffor@stack=\toks26
\pgffor@toks=\toks27
))
(/usr/share/texlive/texmf-dist/tex/generic/pgf/frontendlayer/tikz/tikz.code.tex
Package: tikz 2015/08/07 v3.0.1a (rcs-revision 1.151)

(/usr/share/texlive/texmf-dist/tex/generic/pgf/libraries/pgflibraryplothandlers
.code.tex
File: pgflibraryplothandlers.code.tex 2013/08/31 v3.0.1a (rcs-revision 1.20)
\pgf@plot@mark@count=\count138
\pgfplotmarksize=\dimen186
)
\tikz@lastx=\dimen187
\tikz@lasty=\dimen188
\tikz@lastxsaved=\dimen189
\tikz@lastysaved=\dimen190
\tikzleveldistance=\dimen191
\tikzsiblingdistance=\dimen192
\tikz@figbox=\box49
\tikz@figbox@bg=\box50
\tikz@tempbox=\box51
\tikz@tempbox@bg=\box52
\tikztreelevel=\count139
\tikznumberofchildren=\count140
\tikznumberofcurrentchild=\count141
\tikz@fig@count=\count142

(/usr/share/texlive/texmf-dist/tex/generic/pgf/modules/pgfmodulematrix.code.tex
File: pgfmodulematrix.code.tex 2013/09/17  (rcs-revision 1.8)
\pgfmatrixcurrentrow=\count143
\pgfmatrixcurrentcolumn=\count144
\pgf@matrix@numberofcolumns=\count145
)
\tikz@expandcount=\count146

(/usr/share/texlive/texmf-dist/tex/generic/pgf/frontendlayer/tikz/libraries/tik
zlibrarytopaths.code.tex
File: tikzlibrarytopaths.code.tex 2008/06/17 v3.0.1a (rcs-revision 1.2)
)))
(/usr/share/texlive/texmf-dist/tex/generic/pgf/frontendlayer/tikz/libraries/tik
zlibraryarrows.code.tex
File: tikzlibraryarrows.code.tex 2008/01/09 v3.0.1a (rcs-revision 1.1)

(/usr/share/texlive/texmf-dist/tex/generic/pgf/libraries/pgflibraryarrows.code.
tex
File: pgflibraryarrows.code.tex 2013/09/23 v3.0.1a (rcs-revision 1.16)
\arrowsize=\dimen193
)) (/usr/share/texlive/texmf-dist/tex/latex/tcolorbox/tcolorbox.sty
Package: tcolorbox 2016/11/18 version 3.96 text color boxes

(/usr/share/texlive/texmf-dist/tex/latex/tools/verbatim.sty
Package: verbatim 2014/10/28 v1.5q LaTeX2e package for verbatim enhancements
\every@verbatim=\toks28
\verbatim@line=\toks29
\verbatim@in@stream=\read3
)
(/usr/share/texlive/texmf-dist/tex/latex/environ/environ.sty
Package: environ 2014/05/04 v0.3 A new way to define environments

(/usr/share/texlive/texmf-dist/tex/latex/trimspaces/trimspaces.sty
Package: trimspaces 2009/09/17 v1.1 Trim spaces around a token list
)
\@envbody=\toks30
)
(/usr/share/texlive/texmf-dist/tex/latex/etoolbox/etoolbox.sty
Package: etoolbox 2017/01/02 v2.4 e-TeX tools for LaTeX (JAW)
\etb@tempcnta=\count147
)
\tcb@titlebox=\box53
\tcb@upperbox=\box54
\tcb@lowerbox=\box55
\tcb@phantombox=\box56
\c@tcbbreakpart=\count148
\c@tcblayer=\count149
\tcolorbox@number=\count150
\tcb@temp=\box57
\tcb@temp=\box58
\tcb@temp=\box59
\tcb@temp=\box60
\tcb@out=\write4
\tcb@record@out=\write5

(/usr/share/texlive/texmf-dist/tex/latex/tcolorbox/tcbskins.code.tex
Library (tcolorbox): 'tcbskins.code.tex' version '3.96'
\tcb@waterbox=\box61
(/usr/share/texlive/texmf-dist/tex/latex/tcolorbox/tcbskinsjigsaw.code.tex
Library (tcolorbox): 'tcbskinsjigsaw.code.tex' version '3.96'
))) (/usr/share/texlive/texmf-dist/tex/latex/enumitem/enumitem.sty
Package: enumitem 2011/09/28 v3.5.2 Customized lists
\labelindent=\skip49
\enit@outerparindent=\dimen194
\enit@toks=\toks31
\enit@inbox=\box62
\enitdp@description=\count151
)
(/usr/share/texlive/texmf-dist/tex/latex/dashrule/dashrule.sty
Package: dashrule 2013/03/28 v1.3 Dashed rules

(/usr/share/texlive/texmf-dist/tex/latex/ifmtarg/ifmtarg.sty
Package: ifmtarg 2009/09/02 v1.2a check for an empty argument
)
\c@hdr@segments=\count152
)
(/usr/share/texlive/texmf-dist/tex/latex/multirow/multirow.sty
Package: multirow 2016/11/25 v2.2 Span multiple rows of a table
\multirow@colwidth=\skip50
\multirow@cntb=\count153
\multirow@dima=\skip51
\bigstrutjot=\dimen195
)
(/usr/share/texlive/texmf-dist/tex/latex/tools/tabularx.sty
Package: tabularx 2016/02/03 v2.11 `tabularx' package (DPC)

(/usr/share/texlive/texmf-dist/tex/latex/tools/array.sty
Package: array 2016/10/06 v2.4d Tabular extension package (FMi)
\col@sep=\dimen196
\extrarowheight=\dimen197
\NC@list=\toks32
\extratabsurround=\skip52
\backup@length=\skip53
)
\TX@col@width=\dimen198
\TX@old@table=\dimen199
\TX@old@col=\dimen256
\TX@target=\dimen257
\TX@delta=\dimen258
\TX@cols=\count154
\TX@ftn=\toks33
)
(/usr/share/texlive/texmf-dist/tex/latex/changepage/changepage.sty
Package: changepage 2009/10/20 v1.0c check page and change page layout
\c@cp@cntr=\count155
\cp@tempcnt=\count156
)
(/usr/share/texlive/texmf-dist/tex/latex/biblatex/biblatex.sty
Package: biblatex 2016/12/05 v3.7 programmable bibliographies (PK/JW/AB)

(/usr/share/texlive/texmf-dist/tex/generic/oberdiek/pdftexcmds.sty
Package: pdftexcmds 2016/05/21 v0.22 Utility functions of pdfTeX for LuaTeX (HO)

Package pdftexcmds Info: \pdf@primitive is available.
Package pdftexcmds Info: \pdf@ifprimitive is available.
Package pdftexcmds Info: \pdfdraftmode found.

(/usr/share/texlive/texmf-dist/tex/generic/oberdiek/luatex-loader.sty
Package: luatex-loader 2016/05/16 v0.6 Lua module loader (HO)

(/usr/share/texlive/texmf-dist/scripts/oberdiek/oberdiek.luatex.lua))
\pdftexcmds@toks=\toks34
)
(/usr/share/texlive/texmf-dist/tex/latex/oberdiek/kvoptions.sty
Package: kvoptions 2016/05/16 v3.12 Key value format for package options (HO)

(/usr/share/texlive/texmf-dist/tex/generic/oberdiek/kvsetkeys.sty
Package: kvsetkeys 2016/05/16 v1.17 Key value parser (HO)

(/usr/share/texlive/texmf-dist/tex/generic/oberdiek/etexcmds.sty
Package: etexcmds 2016/05/16 v1.6 Avoid name clashes with e-TeX commands (HO)
)))
(/usr/share/texlive/texmf-dist/tex/latex/logreq/logreq.sty
Package: logreq 2010/08/04 v1.0 xml request logger
\lrq@indent=\count157

(/usr/share/texlive/texmf-dist/tex/latex/logreq/logreq.def
File: logreq.def 2010/08/04 v1.0 logreq spec v1.0
))
(/usr/share/texlive/texmf-dist/tex/latex/base/ifthen.sty
Package: ifthen 2014/09/29 v1.1c Standard LaTeX ifthen package (DPC)
)
(/usr/share/texlive/texmf-dist/tex/latex/url/url.sty
\Urlmuskip=\muskip16
Package: url 2013/09/16  ver 3.4  Verb mode for urls, etc.
)
(/usr/share/texlive/texmf-dist/tex/generic/xstring/xstring.sty
(/usr/share/texlive/texmf-dist/tex/generic/xstring/xstring.tex
\@xs@message=\write6
\integerpart=\count158
\decimalpart=\count159
)
Package: xstring 2013/10/13  v1.7c  String manipulations (C Tellechea)
)
\c@tabx@nest=\count160
\c@listtotal=\count161
\c@listcount=\count162
\c@liststart=\count163
\c@liststop=\count164
\c@citecount=\count165
\c@citetotal=\count166
\c@multicitecount=\count167
\c@multicitetotal=\count168
\c@instcount=\count169
\c@maxnames=\count170
\c@minnames=\count171
\c@maxitems=\count172
\c@minitems=\count173
\c@citecounter=\count174
\c@savedcitecounter=\count175
\c@uniquelist=\count176
\c@uniquename=\count177
\c@refsection=\count178
\c@refsegment=\count179
\c@maxextratitle=\count180
\c@maxextratitleyear=\count181
\c@maxextrayear=\count182
\c@maxextraalpha=\count183
\c@abbrvpenalty=\count184
\c@highnamepenalty=\count185
\c@lownamepenalty=\count186
\c@maxparens=\count187
\c@parenlevel=\count188
\blx@tempcnta=\count189
\blx@tempcntb=\count190
\blx@tempcntc=\count191
\blx@maxsection=\count192
\blx@maxsegment@0=\count193
\blx@notetype=\count194
\blx@parenlevel@text=\count195
\blx@parenlevel@foot=\count196
\blx@sectionciteorder@0=\count197
\labelnumberwidth=\skip54
\labelalphawidth=\skip55
\biblabelsep=\skip56
\bibitemsep=\skip57
\bibnamesep=\skip58
\bibinitsep=\skip59
\bibparsep=\skip60
\bibhang=\skip61
\blx@bcfin=\read4
\blx@bcfout=\write7
\c@mincomprange=\count198
\c@maxcomprange=\count199
\c@mincompwidth=\count266
Package biblatex Info: Trying to load biblatex default data model...
Package biblatex Info: ... file 'blx-dm.def' found.

(/usr/share/texlive/texmf-dist/tex/latex/biblatex/blx-dm.def)
Package biblatex Info: Trying to load biblatex style data model...
Package biblatex Info: ... file 'authoryear.dbx' not found.
Package biblatex Info: Trying to load biblatex custom data model...
Package biblatex Info: ... file 'biblatex-dm.cfg' not found.
\c@afterword=\count267
\c@savedafterword=\count268
\c@annotator=\count269
\c@savedannotator=\count270
\c@author=\count271
\c@savedauthor=\count272
\c@bookauthor=\count273
\c@savedbookauthor=\count274
\c@commentator=\count275
\c@savedcommentator=\count276
\c@editor=\count277
\c@savededitor=\count278
\c@editora=\count279
\c@savededitora=\count280
\c@editorb=\count281
\c@savededitorb=\count282
\c@editorc=\count283
\c@savededitorc=\count284
\c@foreword=\count285
\c@savedforeword=\count286
\c@holder=\count287
\c@savedholder=\count288
\c@introduction=\count289
\c@savedintroduction=\count290
\c@namea=\count291
\c@savednamea=\count292
\c@nameb=\count293
\c@savednameb=\count294
\c@namec=\count295
\c@savednamec=\count296
\c@translator=\count297
\c@savedtranslator=\count298
\c@shortauthor=\count299
\c@savedshortauthor=\count300
\c@shorteditor=\count301
\c@savedshorteditor=\count302
\c@labelname=\count303
\c@savedlabelname=\count304
\c@institution=\count305
\c@savedinstitution=\count306
\c@lista=\count307
\c@savedlista=\count308
\c@listb=\count309
\c@savedlistb=\count310
\c@listc=\count311
\c@savedlistc=\count312
\c@listd=\count313
\c@savedlistd=\count314
\c@liste=\count315
\c@savedliste=\count316
\c@listf=\count317
\c@savedlistf=\count318
\c@location=\count319
\c@savedlocation=\count320
\c@organization=\count321
\c@savedorganization=\count322
\c@origlocation=\count323
\c@savedoriglocation=\count324
\c@origpublisher=\count325
\c@savedorigpublisher=\count326
\c@publisher=\count327
\c@savedpublisher=\count328
\c@language=\count329
\c@savedlanguage=\count330
\c@pageref=\count331
\c@savedpageref=\count332
\shorthandwidth=\skip62
\shortjournalwidth=\skip63
\shortserieswidth=\skip64
\shorttitlewidth=\skip65
\shortauthorwidth=\skip66
\shorteditorwidth=\skip67
Package biblatex Info: Trying to load compatibility code...
Package biblatex Info: ... file 'blx-compat.def' found.

(/usr/share/texlive/texmf-dist/tex/latex/biblatex/blx-compat.def
File: blx-compat.def 2016/12/05 v3.7 biblatex compatibility (PK/JW/AB)
)
Package biblatex Info: Trying to load generic definitions...
Package biblatex Info: ... file 'biblatex.def' found.

(/usr/share/texlive/texmf-dist/tex/latex/biblatex/biblatex.def
File: biblatex.def 2016/12/05 v3.7 biblatex compatibility (PK/JW/AB)
\c@textcitecount=\count333
\c@textcitetotal=\count334
\c@textcitemaxnames=\count335
\c@biburlnumpenalty=\count336
\c@biburlucpenalty=\count337
\c@biburllcpenalty=\count338
\c@smartand=\count339
)
Package biblatex Info: Trying to load bibliography style 'authoryear'...
Package biblatex Info: ... file 'authoryear.bbx' found.

(/usr/share/texlive/texmf-dist/tex/latex/biblatex/bbx/authoryear.bbx
File: authoryear.bbx 2016/12/05 v3.7 biblatex bibliography style (PK/JW/AB)
Package biblatex Info: Trying to load bibliography style 'standard'...
Package biblatex Info: ... file 'standard.bbx' found.

(/usr/share/texlive/texmf-dist/tex/latex/biblatex/bbx/standard.bbx
File: standard.bbx 2016/12/05 v3.7 biblatex bibliography style (PK/JW/AB)
\c@bbx:relatedcount=\count340
\c@bbx:relatedtotal=\count341
))
Package biblatex Info: Trying to load citation style 'authoryear'...
Package biblatex Info: ... file 'authoryear.cbx' found.

(/usr/share/texlive/texmf-dist/tex/latex/biblatex/cbx/authoryear.cbx
File: authoryear.cbx 2016/12/05 v3.7 biblatex citation style (PK/JW/AB)
Package biblatex Info: Redefining '\cite'.
Package biblatex Info: Redefining '\parencite'.
Package biblatex Info: Redefining '\footcite'.
Package biblatex Info: Redefining '\footcitetext'.
Package biblatex Info: Redefining '\smartcite'.
Package biblatex Info: Redefining '\textcite'.
Package biblatex Info: Redefining '\textcites'.
)
Package biblatex Info: Trying to load configuration file...
Package biblatex Info: ... file 'biblatex.cfg' found.

(/usr/share/texlive/texmf-dist/tex/latex/biblatex/biblatex.cfg
File: biblatex.cfg 
)))(compiling luc: /var/lib/texmf/luatex-cache/generic/fonts/otl/lato-regular.lu
c)(load luc: /home/aghiles/.texlive2016/texmf-var/luatex-cache/generic/fonts/otl
/lato-regular.luc)
\g__fontspec_family_Lato_int=\count342
(compiling luc: /var/lib/texmf/luatex-cache/generic/fonts/otl/lato-bolditalic.lu
c)(load luc: /home/aghiles/.texlive2016/texmf-var/luatex-cache/generic/fonts/otl
/lato-bolditalic.luc)(compiling luc: /var/lib/texmf/luatex-cache/generic/fonts/o
tl/lato-bold.luc)(load luc: /home/aghiles/.texlive2016/texmf-var/luatex-cache/ge
neric/fonts/otl/lato-bold.luc)(compiling luc: /var/lib/texmf/luatex-cache/generi
c/fonts/otl/lato-italic.luc)(load luc: /home/aghiles/.texlive2016/texmf-var/luat
ex-cache/generic/fonts/otl/lato-italic.luc)
luaotfload | aux : font no 20 (<unknown>) does not define feature smcp for scrip
t latn with language dflt
luaotfload | aux : no font with id 20
luaotfload | aux : font no 22 (<unknown>) does not define feature smcp for scrip
t latn with language dflt
luaotfload | aux : no font with id 22
luaotfload | aux : font no 23 (<unknown>) does not define feature smcp for scrip
t latn with language dflt
luaotfload | aux : no font with id 23
luaotfload | aux : font no 21 (<unknown>) does not define feature smcp for scrip
t latn with language dflt
luaotfload | aux : no font with id 21
.................................................
. fontspec info: "defining-font"
. 
. Font family 'Lato(0)' created for font 'Lato' with options [Ligatures=TeX].
.  
.  This font family consists of the following NFSS series/shapes:
.  
. - 'normal' (m/n) with NFSS spec.:
. <->"Lato:mode=node;script=latn;language=DFLT;+tlig;"
. - 'small caps'  (m/sc) with NFSS spec.: 
. - 'bold' (bx/n) with NFSS spec.:
. <->"Lato/B:mode=node;script=latn;language=DFLT;+tlig;"
. - 'bold small caps'  (bx/sc) with NFSS spec.: 
. - 'italic' (m/it) with NFSS spec.:
. <->"Lato/I:mode=node;script=latn;language=DFLT;+tlig;"
. - 'italic small caps'  (m/itsc) with NFSS spec.: 
. - 'bold italic' (bx/it) with NFSS spec.:
. <->"Lato/BI:mode=node;script=latn;language=DFLT;+tlig;"
. - 'bold italic small caps'  (bx/itsc) with NFSS spec.: 
.................................................
LaTeX Info: Redefining \rmfamily on input line 5.
Package biblatex Info: Trying to load language 'english'...
Package biblatex Info: ... file 'english.lbx' found.

(/usr/share/texlive/texmf-dist/tex/latex/biblatex/lbx/english.lbx
File: english.lbx 2016/12/05 v3.7 biblatex localization (PK/JW/AB)
)
\@quotelevel=\count343
\@quotereset=\count344

(/home/aghiles/Aghiles/Redaction/cv/cv-en/bin/cv-en.aux)
\openout1 = cv-en.aux

LaTeX Font Info:    Checking defaults for OML/cmm/m/it on input line 20.
LaTeX Font Info:    ... okay on input line 20.
LaTeX Font Info:    Checking defaults for T1/cmr/m/n on input line 20.
LaTeX Font Info:    ... okay on input line 20.
LaTeX Font Info:    Checking defaults for OT1/cmr/m/n on input line 20.
LaTeX Font Info:    ... okay on input line 20.
LaTeX Font Info:    Checking defaults for OMS/cmsy/m/n on input line 20.
LaTeX Font Info:    ... okay on input line 20.
LaTeX Font Info:    Checking defaults for TU/lmr/m/n on input line 20.
LaTeX Font Info:    ... okay on input line 20.
LaTeX Font Info:    Checking defaults for OMX/cmex/m/n on input line 20.
LaTeX Font Info:    ... okay on input line 20.
LaTeX Font Info:    Checking defaults for U/cmr/m/n on input line 20.
LaTeX Font Info:    ... okay on input line 20.

*geometry* driver: auto-detecting
*geometry* detected driver: pdftex
*geometry* verbose mode - [ preamble ] result:
* driver: pdftex
* paper: a4paper
* layout: <same size as paper>
* layoutoffset:(h,v)=(0.0pt,0.0pt)
* modes: 
* h-part:(L,W,R)=(14.22636pt, 349.96901pt, 233.3125pt)
* v-part:(T,H,B)=(19.91684pt, 810.90364pt, 14.22636pt)
* \paperwidth=597.50787pt
* \paperheight=845.04684pt
* \textwidth=349.96901pt
* \textheight=810.90364pt
* \oddsidemargin=-58.04362pt
* \evensidemargin=-58.04362pt
* \topmargin=-89.35315pt
* \headheight=12.0pt
* \headsep=25.0pt
* \topskip=10.0pt
* \footskip=30.0pt
* \marginparwidth=216.2411pt
* \marginparsep=8.5359pt
* \columnsep=10.0pt
* \skip\footins=9.0pt plus 4.0pt minus 2.0pt
* \hoffset=0.0pt
* \voffset=0.0pt
* \mag=1000
* \@twocolumnfalse
* \@twosidefalse
* \@mparswitchfalse
* \@reversemarginfalse
* (1in=72.27pt=25.4mm, 1cm=28.453pt)

.................................................
. fontspec info: "setup-math"
. 
. Adjusting the maths setup (use [no-math] to avoid this).
.................................................
\symlegacymaths=\mathgroup4
LaTeX Font Info:    Overwriting symbol font `legacymaths' in version `bold'
(Font)                  OT1/cmr/m/n --> OT1/cmr/bx/n on input line 20.
LaTeX Font Info:    Redeclaring math accent \acute on input line 20.
LaTeX Font Info:    Redeclaring math accent \grave on input line 20.
LaTeX Font Info:    Redeclaring math accent \ddot on input line 20.
LaTeX Font Info:    Redeclaring math accent \tilde on input line 20.
LaTeX Font Info:    Redeclaring math accent \bar on input line 20.
LaTeX Font Info:    Redeclaring math accent \breve on input line 20.
LaTeX Font Info:    Redeclaring math accent \check on input line 20.
LaTeX Font Info:    Redeclaring math accent \hat on input line 20.
LaTeX Font Info:    Redeclaring math accent \dot on input line 20.
LaTeX Font Info:    Redeclaring math accent \mathring on input line 20.
LaTeX Font Info:    Redeclaring math symbol \colon on input line 20.
LaTeX Font Info:    Redeclaring math symbol \Gamma on input line 20.
LaTeX Font Info:    Redeclaring math symbol \Delta on input line 20.
LaTeX Font Info:    Redeclaring math symbol \Theta on input line 20.
LaTeX Font Info:    Redeclaring math symbol \Lambda on input line 20.
LaTeX Font Info:    Redeclaring math symbol \Xi on input line 20.
LaTeX Font Info:    Redeclaring math symbol \Pi on input line 20.
LaTeX Font Info:    Redeclaring math symbol \Sigma on input line 20.
LaTeX Font Info:    Redeclaring math symbol \Upsilon on input line 20.
LaTeX Font Info:    Redeclaring math symbol \Phi on input line 20.
LaTeX Font Info:    Redeclaring math symbol \Psi on input line 20.
LaTeX Font Info:    Redeclaring math symbol \Omega on input line 20.
LaTeX Font Info:    Redeclaring math symbol \mathdollar on input line 20.
LaTeX Font Info:    Redeclaring symbol font `operators' on input line 20.
LaTeX Font Info:    Encoding `OT1' has changed to `TU' for symbol font
(Font)              `operators' in the math version `normal' on input line 20.
LaTeX Font Info:    Overwriting symbol font `operators' in version `normal'
(Font)                  OT1/cmr/m/n --> TU/Lato(0)/m/n on input line 20.
LaTeX Font Info:    Encoding `OT1' has changed to `TU' for symbol font
(Font)              `operators' in the math version `bold' on input line 20.
LaTeX Font Info:    Overwriting symbol font `operators' in version `bold'
(Font)                  OT1/cmr/bx/n --> TU/Lato(0)/m/n on input line 20.
LaTeX Font Info:    Overwriting symbol font `operators' in version `normal'
(Font)                  TU/Lato(0)/m/n --> TU/Lato(0)/m/n on input line 20.
LaTeX Font Info:    Overwriting math alphabet `\mathit' in version `normal'
(Font)                  OT1/cmr/m/it --> TU/Lato(0)/m/it on input line 20.
LaTeX Font Info:    Overwriting math alphabet `\mathbf' in version `normal'
(Font)                  OT1/cmr/bx/n --> TU/Lato(0)/bx/n on input line 20.
LaTeX Font Info:    Overwriting math alphabet `\mathsf' in version `normal'
(Font)                  OT1/cmss/m/n --> TU/lmss/m/n on input line 20.
LaTeX Font Info:    Overwriting math alphabet `\mathtt' in version `normal'
(Font)                  OT1/cmtt/m/n --> TU/lmtt/m/n on input line 20.
LaTeX Font Info:    Overwriting symbol font `operators' in version `bold'
(Font)                  TU/Lato(0)/m/n --> TU/Lato(0)/bx/n on input line 20.
LaTeX Font Info:    Overwriting math alphabet `\mathit' in version `bold'
(Font)                  OT1/cmr/bx/it --> TU/Lato(0)/bx/it on input line 20.
LaTeX Font Info:    Overwriting math alphabet `\mathsf' in version `bold'
(Font)                  OT1/cmss/bx/n --> TU/lmss/bx/n on input line 20.
LaTeX Font Info:    Overwriting math alphabet `\mathtt' in version `bold'
(Font)                  OT1/cmtt/m/n --> TU/lmtt/bx/n on input line 20.
(/usr/share/texlive/texmf-dist/tex/context/base/mkii/supp-pdf.mkii
[Loading MPS to PDF converter (version 2006.09.02).]
\scratchcounter=\count345
\scratchdimen=\dimen259
\scratchbox=\box63
\nofMPsegments=\count346
\nofMParguments=\count347
\everyMPshowfont=\toks35
\MPscratchCnt=\count348
\MPscratchDim=\dimen260
\MPnumerator=\count349
\makeMPintoPDFobject=\count350
\everyMPtoPDFconversion=\toks36
) (/usr/share/texlive/texmf-dist/tex/latex/oberdiek/epstopdf-base.sty
Package: epstopdf-base 2016/05/15 v2.6 Base part for package epstopdf

(/usr/share/texlive/texmf-dist/tex/latex/oberdiek/grfext.sty
Package: grfext 2016/05/16 v1.2 Manage graphics extensions (HO)

(/usr/share/texlive/texmf-dist/tex/generic/oberdiek/kvdefinekeys.sty
Package: kvdefinekeys 2016/05/16 v1.4 Define keys (HO)
))
Package epstopdf-base Info: Redefining graphics rule for `.eps' on input line 43
8.
Package grfext Info: Graphics extension search list:
(grfext)             [.png,.pdf,.jpg,.mps,.jpeg,.jbig2,.jb2,.PNG,.PDF,.JPG,.JPEG
,.JBIG2,.JB2,.eps]
(grfext)             \AppendGraphicsExtensions on input line 456.

(/usr/share/texlive/texmf-dist/tex/latex/latexconfig/epstopdf-sys.cfg
File: epstopdf-sys.cfg 2010/07/13 v1.3 Configuration of (r)epstopdf for TeX Live

))
ABD: EveryShipout initializing macros
Package biblatex Info: LuaTeX detected.
(biblatex)             Assuming input encoding 'utf8'.
Package biblatex Info: Automatic encoding selection.
(biblatex)             Assuming data encoding 'utf8'.

\openout7 = cv-en.bcf
Package biblatex Info: Trying to load bibliographic data...
Package biblatex Info: ... file 'cv-en.bbl' found.

(/home/aghiles/Aghiles/Redaction/cv/cv-en/bin/cv-en.bbl)
Package biblatex Info: Reference section=0 on input line 20.
Package biblatex Info: Reference segment=0 on input line 20.


LaTeX Font Warning: Font shape `TU/FontAwesome(0)/bx/n' undefined
(Font)              using `TU/FontAwesome(0)/m/n' instead on input line 38.

LaTeX Font Info:    External font `cmex10' loaded for size
(Font)              <7> on input line 38.
LaTeX Font Info:    External font `cmex10' loaded for size
(Font)              <5> on input line 38.
<res/aghiles.png, id=4, 376.40625pt x 501.875pt>
File: res/aghiles.png Graphic file (type png)
 <use res/aghiles.png>
Package luatex.def Info: res/aghiles.png used on input line 38.
(luatex.def)             Requested size: 376.40532pt x 501.87376pt.

(./sidebar1.tex <res/loc.png, id=5, 31.11626pt x 40.15pt>
File: res/loc.png Graphic file (type png)
 <use res/loc.png>
Package luatex.def Info: res/loc.png used on input line 78.
(luatex.def)             Requested size: 6.22313pt x 8.02985pt.
)
[1

{/var/lib/texmf/fonts/map/pdftex/updmap/pdftex.map}<./res/aghiles.png><./res/loc
.png>] (/home/aghiles/Aghiles/Redaction/cv/cv-en/bin/cv-en.aux)

LaTeX Font Warning: Some font shapes were not available, defaults substituted.

Package logreq Info: Writing requests to 'cv-en.run.xml'.

\openout1 = cv-en.run.xml
)

Here is how much of LuaTeX's memory you used:
 32999 strings out of 494577
 100000,1373583 words of node,token memory allocated
 15754 words of node memory still in use:
   165 hlist, 7 vlist, 13 rule, 84 disc, 49 local_par, 4 math, 654 glue, 116 ker
n, 108 penalty, 861 glyph, 352 attribute, 52 glue_spec, 352 attribute_list, 1 wr
ite, 116 pdf_colorstack, 1 pdf_setmatrix, 1 pdf_save, 1 pdf_restore nodes
   avail lists: 1:3,2:713,3:278,4:220,5:435,6:3299,7:1368,8:31,9:383,10:14,11:32
1
 36099 multiletter control sequences out of 65536+600000
 48 fonts using 10222343 bytes
 62i,8n,87p,1129b,757s stack positions out of 5000i,500n,10000p,200000b,100000s
</usr/share/fonts/truetype/lato/Lato-Regular.ttf></usr/share/texlive/texmf-dist/
fonts/opentype/public/fontawesome/FontAwesome.otf></usr/share/fonts/truetype/lat
o/Lato-Bold.ttf>
Output written on cv-en.pdf (1 page, 279589 bytes).

PDF statistics: 35 PDF objects out of 1000 (max. 8388607)
 19 compressed objects within 1 object stream
 0 named destinations out of 1000 (max. 131072)
 16 words of extra memory for PDF output out of 10000 (max. 10000000)

