This is LuaTeX, Version 0.95.0 (TeX Live 2016/Debian)  (format=lualatex 2019.4.2)  5 AUG 2019 09:18
 restricted system commands enabled.
**paper.tex
(./paper.tex
LaTeX2e <2017/01/01> patch level 3
Lua module: luaotfload-main 2016/06/16 2.70003 OpenType layout system.
Lua module: lualibs 2016-04-06 2.4 ConTeXt Lua standard libraries.
Lua module: lualibs-extended 2016-04-06 2.4 ConTeXt Lua libraries -- extended co
llection.(using write cache: /home/aghiles/.texlive2016/texmf-var/luatex-cache/g
eneric)(using read cache: /var/lib/texmf/luatex-cache/generic /home/aghiles/.tex
live2016/texmf-var/luatex-cache/generic)
luaotfload | conf : Root cache directory is /home/aghiles/.texlive2016/texmf-var
/luatex-cache/generic/names.
luaotfload | init : Loading fontloader “fontloader-2016-06-16.lua” from kpse
-resolved path “/usr/share/texlive/texmf-dist/tex/luatex/luaotfload/fontloader
-2016-06-16.lua”.
Lua-only attribute luaotfload@state = 1
Lua-only attribute luaotfload@noligature = 2
Lua-only attribute luaotfload@syllabe = 3
luaotfload | init : Context OpenType loader version “3.023”
Inserting `luaotfload.node_processor' at position 1 in `pre_linebreak_filter'.
Inserting `luaotfload.node_processor' at position 1 in `hpack_filter'.
Inserting `luaotfload.define_font' at position 1 in `define_font'.
Lua-only attribute luaotfload_color_attribute = 4
luaotfload | conf : Root cache directory is /home/aghiles/.texlive2016/texmf-var
/luatex-cache/generic/names.
Inserting `luaotfload.aux.set_sscale_dimens' at position 1 in `luaotfload.patch_
font'.
Inserting `luaotfload.aux.patch_cambria_domh' at position 2 in `luaotfload.patch
_font'.
Inserting `luaotfload.aux.fixup_fontdata' at position 1 in `luaotfload.patch_fon
t_unsafe'.
Inserting `luaotfload.aux.set_capheight' at position 3 in `luaotfload.patch_font
'.
Inserting `luaotfload.rewrite_fontname' at position 4 in `luaotfload.patch_font'
.
luaotfload | main : initialization completed in 0.087 seconds
Babel <3.9r> and hyphenation patterns for 1 language(s) loaded.
(/usr/share/texlive/texmf-dist/tex/latex/base/fontenc.sty
Package: fontenc 2017/02/22 v2.0g Standard LaTeX package

(/usr/share/texlive/texmf-dist/tex/latex/base/ot1enc.def
File: ot1enc.def 2017/02/22 v2.0g Standard LaTeX file
LaTeX Font Info:    Redeclaring font encoding OT1 on input line 48.
)
LaTeX Font Info:    Try loading font information for OT1+lmr on input line 105.

(/usr/share/texmf/tex/latex/lm/ot1lmr.fd
File: ot1lmr.fd 2009/10/30 v1.6 Font defs for Latin Modern
)) (../../setup/IEEEtran.cls

LaTeX Warning: You have requested document class `../../setup/IEEEtran',
               but the document class provides `IEEEtran'.

Document Class: IEEEtran 2015/08/26 V1.8b by Michael Shell
-- See the "IEEEtran_HOWTO" manual for usage information.
-- http://www.michaelshell.org/tex/ieeetran/
\@IEEEtrantmpdimenA=\dimen102
\@IEEEtrantmpdimenB=\dimen103
\@IEEEtrantmpdimenC=\dimen104
\@IEEEtrantmpcountA=\count79
\@IEEEtrantmpcountB=\count80
\@IEEEtrantmpcountC=\count81
\@IEEEtrantmptoksA=\toks14
LaTeX Font Info:    Try loading font information for OT1+ptm on input line 503.
(/usr/share/texlive/texmf-dist/tex/latex/psnfss/ot1ptm.fd
File: ot1ptm.fd 2001/06/04 font definitions for OT1/ptm.
)
-- Using 8.5in x 11in (letter) paper.
-- Using DVI output.
\@IEEEnormalsizeunitybaselineskip=\dimen105
-- This is a 10 point document.
\CLASSINFOnormalsizebaselineskip=\dimen106
\CLASSINFOnormalsizeunitybaselineskip=\dimen107
\IEEEnormaljot=\dimen108
LaTeX Font Info:    Font shape `OT1/ptm/bx/n' in size <5> not available
(Font)              Font shape `OT1/ptm/b/n' tried instead on input line 1090.
LaTeX Font Info:    Font shape `OT1/ptm/bx/it' in size <5> not available
(Font)              Font shape `OT1/ptm/b/it' tried instead on input line 1090.
LaTeX Font Info:    Font shape `OT1/ptm/bx/n' in size <7> not available
(Font)              Font shape `OT1/ptm/b/n' tried instead on input line 1090.
LaTeX Font Info:    Font shape `OT1/ptm/bx/it' in size <7> not available
(Font)              Font shape `OT1/ptm/b/it' tried instead on input line 1090.
LaTeX Font Info:    Font shape `OT1/ptm/bx/n' in size <8> not available
(Font)              Font shape `OT1/ptm/b/n' tried instead on input line 1090.
LaTeX Font Info:    Font shape `OT1/ptm/bx/it' in size <8> not available
(Font)              Font shape `OT1/ptm/b/it' tried instead on input line 1090.
LaTeX Font Info:    Font shape `OT1/ptm/bx/n' in size <9> not available
(Font)              Font shape `OT1/ptm/b/n' tried instead on input line 1090.
LaTeX Font Info:    Font shape `OT1/ptm/bx/it' in size <9> not available
(Font)              Font shape `OT1/ptm/b/it' tried instead on input line 1090.
LaTeX Font Info:    Font shape `OT1/ptm/bx/n' in size <10> not available
(Font)              Font shape `OT1/ptm/b/n' tried instead on input line 1090.
LaTeX Font Info:    Font shape `OT1/ptm/bx/it' in size <10> not available
(Font)              Font shape `OT1/ptm/b/it' tried instead on input line 1090.
LaTeX Font Info:    Font shape `OT1/ptm/bx/n' in size <11> not available
(Font)              Font shape `OT1/ptm/b/n' tried instead on input line 1090.
LaTeX Font Info:    Font shape `OT1/ptm/bx/it' in size <11> not available
(Font)              Font shape `OT1/ptm/b/it' tried instead on input line 1090.
LaTeX Font Info:    Font shape `OT1/ptm/bx/n' in size <12> not available
(Font)              Font shape `OT1/ptm/b/n' tried instead on input line 1090.
LaTeX Font Info:    Font shape `OT1/ptm/bx/it' in size <12> not available
(Font)              Font shape `OT1/ptm/b/it' tried instead on input line 1090.
LaTeX Font Info:    Font shape `OT1/ptm/bx/n' in size <17> not available
(Font)              Font shape `OT1/ptm/b/n' tried instead on input line 1090.
LaTeX Font Info:    Font shape `OT1/ptm/bx/it' in size <17> not available
(Font)              Font shape `OT1/ptm/b/it' tried instead on input line 1090.
LaTeX Font Info:    Font shape `OT1/ptm/bx/n' in size <20> not available
(Font)              Font shape `OT1/ptm/b/n' tried instead on input line 1090.
LaTeX Font Info:    Font shape `OT1/ptm/bx/it' in size <20> not available
(Font)              Font shape `OT1/ptm/b/it' tried instead on input line 1090.
LaTeX Font Info:    Font shape `OT1/ptm/bx/n' in size <24> not available
(Font)              Font shape `OT1/ptm/b/n' tried instead on input line 1090.
LaTeX Font Info:    Font shape `OT1/ptm/bx/it' in size <24> not available
(Font)              Font shape `OT1/ptm/b/it' tried instead on input line 1090.
\IEEEquantizedlength=\dimen109
\IEEEquantizedlengthdiff=\dimen110
\IEEEquantizedtextheightdiff=\dimen111
\IEEEilabelindentA=\dimen112
\IEEEilabelindentB=\dimen113
\IEEEilabelindent=\dimen114
\IEEEelabelindent=\dimen115
\IEEEdlabelindent=\dimen116
\IEEElabelindent=\dimen117
\IEEEiednormlabelsep=\dimen118
\IEEEiedmathlabelsep=\dimen119
\IEEEiedtopsep=\skip41
\c@section=\count82
\c@subsection=\count83
\c@subsubsection=\count84
\c@paragraph=\count85
\c@IEEEsubequation=\count86
\abovecaptionskip=\skip42
\belowcaptionskip=\skip43
\c@figure=\count87
\c@table=\count88
\@IEEEeqnnumcols=\count89
\@IEEEeqncolcnt=\count90
\@IEEEsubeqnnumrollback=\count91
\@IEEEquantizeheightA=\dimen120
\@IEEEquantizeheightB=\dimen121
\@IEEEquantizeheightC=\dimen122
\@IEEEquantizeprevdepth=\dimen123
\@IEEEquantizemultiple=\count92
\@IEEEquantizeboxA=\box26
\@IEEEtmpitemindent=\dimen124
\IEEEPARstartletwidth=\dimen125
\c@IEEEbiography=\count93
\@IEEEtranrubishbin=\box27
) (/usr/share/texlive/texmf-dist/tex/latex/geometry/geometry.sty
Package: geometry 2010/09/12 v5.6 Page Geometry

(/usr/share/texlive/texmf-dist/tex/latex/graphics/keyval.sty
Package: keyval 2014/10/28 v1.15 key=value parser (DPC)
\KV@toks@=\toks15
)
(/usr/share/texlive/texmf-dist/tex/generic/oberdiek/ifpdf.sty
Package: ifpdf 2016/05/14 v3.1 Provides the ifpdf switch
)
(/usr/share/texlive/texmf-dist/tex/generic/oberdiek/ifvtex.sty
Package: ifvtex 2016/05/16 v1.6 Detect VTeX and its facilities (HO)
Package ifvtex Info: VTeX not detected.
)
(/usr/share/texlive/texmf-dist/tex/generic/ifxetex/ifxetex.sty
Package: ifxetex 2010/09/12 v0.6 Provides ifxetex conditional
)
\Gm@cnth=\count94
\Gm@cntv=\count95
\c@Gm@tempcnt=\count96
\Gm@bindingoffset=\dimen126
\Gm@wd@mp=\dimen127
\Gm@odd@mp=\dimen128
\Gm@even@mp=\dimen129
\Gm@layoutwidth=\dimen130
\Gm@layoutheight=\dimen131
\Gm@layouthoffset=\dimen132
\Gm@layoutvoffset=\dimen133
\Gm@dimlist=\toks16
)
(/usr/share/texlive/texmf-dist/tex/latex/base/inputenc.sty
Package: inputenc 2015/03/17 v1.2c Input encoding file
\inpenc@prehook=\toks17
\inpenc@posthook=\toks18


Package inputenc Warning: inputenc package ignored with utf8 based engines.

) (/usr/share/texlive/texmf-dist/tex/latex/lettrine/lettrine.sty
File: lettrine.sty 2015/08/31 v1.9 (Daniel Flipo)
\c@DefaultLines=\count97
\c@DefaultDepth=\count98
\DefaultFindent=\dimen134
\DefaultNindent=\dimen135
\DefaultSlope=\dimen136
\DiscardVskip=\dimen137
\L@lbox=\box28
\L@tbox=\box29
\c@L@lines=\count99
\c@L@depth=\count100
\L@Pindent=\dimen138
\L@Findent=\dimen139
\L@Nindent=\dimen140
\L@lraise=\dimen141
\L@first=\dimen142
\L@next=\dimen143
\L@slope=\dimen144
\L@height=\dimen145
\L@novskip=\dimen146
\LettrineWidth=\dimen147
\LettrineHeight=\dimen148
\LettrineDepth=\dimen149

Loading lettrine.cfg
(/usr/share/texlive/texmf-dist/tex/latex/lettrine/lettrine.cfg))
(/usr/share/texlive/texmf-dist/tex/latex/amsmath/amsmath.sty
Package: amsmath 2016/11/05 v2.16a AMS math features
\@mathmargin=\skip44

For additional information on amsmath, use the `?' option.
(/usr/share/texlive/texmf-dist/tex/latex/amsmath/amstext.sty
Package: amstext 2000/06/29 v2.01 AMS text

(/usr/share/texlive/texmf-dist/tex/latex/amsmath/amsgen.sty
File: amsgen.sty 1999/11/30 v2.0 generic functions
\@emptytoks=\toks19
\ex@=\dimen150
))
(/usr/share/texlive/texmf-dist/tex/latex/amsmath/amsbsy.sty
Package: amsbsy 1999/11/29 v1.2d Bold Symbols
\pmbraise@=\dimen151
)
(/usr/share/texlive/texmf-dist/tex/latex/amsmath/amsopn.sty
Package: amsopn 2016/03/08 v2.02 operator names
)
\inf@bad=\count101
LaTeX Info: Redefining \frac on input line 213.
\uproot@=\count102
\leftroot@=\count103
LaTeX Info: Redefining \overline on input line 375.
\classnum@=\count104
\DOTSCASE@=\count105
LaTeX Info: Redefining \ldots on input line 472.
LaTeX Info: Redefining \dots on input line 475.
LaTeX Info: Redefining \cdots on input line 596.
\Mathstrutbox@=\box30
\strutbox@=\box31
\big@size=\dimen152
LaTeX Font Info:    Redeclaring font encoding OML on input line 712.
LaTeX Font Info:    Redeclaring font encoding OMS on input line 713.
\macc@depth=\count106
\c@MaxMatrixCols=\count107
\dotsspace@=\muskip10
\c@parentequation=\count108
\dspbrk@lvl=\count109
\tag@help=\toks20
\row@=\count110
\column@=\count111
\maxfields@=\count112
\andhelp@=\toks21
\eqnshift@=\dimen153
\alignsep@=\dimen154
\tagshift@=\dimen155
\tagwidth@=\dimen156
\totwidth@=\dimen157
\lineht@=\dimen158
\@envbody=\toks22
\multlinegap=\skip45
\multlinetaggap=\skip46
\mathdisplay@stack=\toks23
LaTeX Info: Redefining \[ on input line 2817.
LaTeX Info: Redefining \] on input line 2818.
)
(/usr/share/texlive/texmf-dist/tex/latex/multirow/multirow.sty
Package: multirow 2016/11/25 v2.2 Span multiple rows of a table
\multirow@colwidth=\skip47
\multirow@cntb=\count113
\multirow@dima=\skip48
\bigstrutjot=\dimen159
)
(/usr/share/texlive/texmf-dist/tex/latex/graphics/graphicx.sty
Package: graphicx 2014/10/28 v1.0g Enhanced LaTeX Graphics (DPC,SPQR)

(/usr/share/texlive/texmf-dist/tex/latex/graphics/graphics.sty
Package: graphics 2016/10/09 v1.0u Standard LaTeX Graphics (DPC,SPQR)

(/usr/share/texlive/texmf-dist/tex/latex/graphics/trig.sty
Package: trig 2016/01/03 v1.10 sin cos tan (DPC)
)
(/usr/share/texlive/texmf-dist/tex/latex/graphics-cfg/graphics.cfg
File: graphics.cfg 2016/06/04 v1.11 sample graphics configuration
)
Package graphics Info: Driver file: luatex.def on input line 99.

(/usr/share/texlive/texmf-dist/tex/latex/graphics-def/luatex.def
File: luatex.def 2017/01/12 v0.01h Graphics/Color for luaTeX

(/usr/share/texlive/texmf-dist/tex/generic/oberdiek/infwarerr.sty
Package: infwarerr 2016/05/16 v1.4 Providing info/warning/error messages (HO)
)
(/usr/share/texlive/texmf-dist/tex/generic/oberdiek/ltxcmds.sty
Package: ltxcmds 2016/05/16 v1.23 LaTeX kernel commands for general use (HO)
)
\Gread@gobject=\count114
))
\Gin@req@height=\dimen160
\Gin@req@width=\dimen161
)
(/usr/share/texlive/texmf-dist/tex/latex/oberdiek/epstopdf.sty
Package: epstopdf 2016/05/15 v2.6 Conversion with epstopdf on the fly (HO)

(/usr/share/texlive/texmf-dist/tex/latex/oberdiek/epstopdf-base.sty
Package: epstopdf-base 2016/05/15 v2.6 Base part for package epstopdf

(/usr/share/texlive/texmf-dist/tex/latex/oberdiek/grfext.sty
Package: grfext 2016/05/16 v1.2 Manage graphics extensions (HO)

(/usr/share/texlive/texmf-dist/tex/generic/oberdiek/kvdefinekeys.sty
Package: kvdefinekeys 2016/05/16 v1.4 Define keys (HO)
))
(/usr/share/texlive/texmf-dist/tex/latex/oberdiek/kvoptions.sty
Package: kvoptions 2016/05/16 v3.12 Key value format for package options (HO)

(/usr/share/texlive/texmf-dist/tex/generic/oberdiek/kvsetkeys.sty
Package: kvsetkeys 2016/05/16 v1.17 Key value parser (HO)

(/usr/share/texlive/texmf-dist/tex/generic/oberdiek/etexcmds.sty
Package: etexcmds 2016/05/16 v1.6 Avoid name clashes with e-TeX commands (HO)

(/usr/share/texlive/texmf-dist/tex/generic/oberdiek/ifluatex.sty
Package: ifluatex 2016/05/16 v1.4 Provides the ifluatex switch (HO)
Package ifluatex Info: LuaTeX detected.
))))
(/usr/share/texlive/texmf-dist/tex/generic/oberdiek/pdftexcmds.sty
Package: pdftexcmds 2016/05/21 v0.22 Utility functions of pdfTeX for LuaTeX (HO)

Package pdftexcmds Info: \pdf@primitive is available.
Package pdftexcmds Info: \pdf@ifprimitive is available.
Package pdftexcmds Info: \pdfdraftmode found.

(/usr/share/texlive/texmf-dist/tex/generic/oberdiek/luatex-loader.sty
Package: luatex-loader 2016/05/16 v0.6 Lua module loader (HO)

(/usr/share/texlive/texmf-dist/scripts/oberdiek/oberdiek.luatex.lua))
\pdftexcmds@toks=\toks24
)
Package epstopdf-base Info: Redefining graphics rule for `.eps' on input line 43
8.
Package grfext Info: Graphics extension search list:
(grfext)             [.png,.pdf,.jpg,.mps,.jpeg,.jbig2,.jb2,.PNG,.PDF,.JPG,.JPEG
,.JBIG2,.JB2,.eps]
(grfext)             \AppendGraphicsExtensions on input line 456.

(/usr/share/texlive/texmf-dist/tex/latex/latexconfig/epstopdf-sys.cfg
File: epstopdf-sys.cfg 2010/07/13 v1.3 Configuration of (r)epstopdf for TeX Live

)))
(/usr/share/texlive/texmf-dist/tex/latex/listings/listings.sty
\lst@mode=\count115
\lst@gtempboxa=\box32
\lst@token=\toks25
\lst@length=\count116
\lst@currlwidth=\dimen162
\lst@column=\count117
\lst@pos=\count118
\lst@lostspace=\dimen163
\lst@width=\dimen164
\lst@newlines=\count119
\lst@lineno=\count120
\lst@maxwidth=\dimen165

(/usr/share/texlive/texmf-dist/tex/latex/listings/lstmisc.sty
File: lstmisc.sty 2015/06/04 1.6 (Carsten Heinz)
\c@lstnumber=\count121
\lst@skipnumbers=\count122
\lst@framebox=\box33
)
(/usr/share/texlive/texmf-dist/tex/latex/listings/listings.cfg
File: listings.cfg 2015/06/04 1.6 listings configuration
))
Package: listings 2015/06/04 1.6 (Carsten Heinz)

(/usr/share/texlive/texmf-dist/tex/latex/placeins/placeins.sty
Package: placeins 2005/04/18  v 2.2
)
(/usr/share/texlive/texmf-dist/tex/latex/float/float.sty
Package: float 2001/11/08 v1.3d Float enhancements (AL)
\c@float@type=\count123
\float@exts=\toks26
\float@box=\box34
\@float@everytoks=\toks27
\@floatcapt=\box35
)
(/usr/share/texlive/texmf-dist/tex/latex/tools/tabularx.sty
Package: tabularx 2016/02/03 v2.11 `tabularx' package (DPC)

(/usr/share/texlive/texmf-dist/tex/latex/tools/array.sty
Package: array 2016/10/06 v2.4d Tabular extension package (FMi)
\col@sep=\dimen166
\extrarowheight=\dimen167
\NC@list=\toks28
\extratabsurround=\skip49
\backup@length=\skip50
)
\TX@col@width=\dimen168
\TX@old@table=\dimen169
\TX@old@col=\dimen170
\TX@target=\dimen171
\TX@delta=\dimen172
\TX@cols=\count124
\TX@ftn=\toks29
)
(/usr/share/texlive/texmf-dist/tex/latex/colortbl/colortbl.sty
Package: colortbl 2012/02/13 v1.0a Color table columns (DPC)

(/usr/share/texlive/texmf-dist/tex/latex/graphics/color.sty
Package: color 2016/07/10 v1.1e Standard LaTeX Color (DPC)

(/usr/share/texlive/texmf-dist/tex/latex/graphics-cfg/color.cfg
File: color.cfg 2016/01/02 v1.6 sample color configuration
)
Package color Info: Driver file: luatex.def on input line 147.
)
\everycr=\toks30
\minrowclearance=\skip51
)
(/usr/share/texlive/texmf-dist/tex/latex/algorithm2e/algorithm2e.sty
Package: algorithm2e 2013/01/06 v5.00 algorithms environments
\c@AlgoLine=\count125

(/usr/share/texlive/texmf-dist/tex/latex/base/ifthen.sty
Package: ifthen 2014/09/29 v1.1c Standard LaTeX ifthen package (DPC)
)
\algocf@hangindent=\skip52

(/usr/share/texlive/texmf-dist/tex/latex/tools/xspace.sty
Package: xspace 2014/10/28 v1.13 Space after command names (DPC,MH)
)
(/usr/share/texlive/texmf-dist/tex/latex/relsize/relsize.sty
Package: relsize 2013/03/29 ver 4.1
)
********************************************************
Package `algorithm2e' Release 5.1 -- october 19 2015 --
- algorithm2e-announce@lirmm.fr mailing list for announcement about releases
- algorithm2e-discussion@lirmm.fr mailing list for discussion about package
subscribe by emailing sympa@lirmm.fr with 'subscribe <list> <firstname name>'
- Author: Christophe Fiorio (christophe.fiorio@umontpellier.fr)
********************************************************
\skiptotal=\skip53
\skiplinenumber=\skip54
\skiprule=\skip55
\skiphlne=\skip56
\skiptext=\skip57
\skiplength=\skip58
\algomargin=\skip59
\skipalgocfslide=\skip60
\algowidth=\dimen173
\inoutsize=\dimen174
\inoutindent=\dimen175
\interspacetitleruled=\dimen176
\interspacealgoruled=\dimen177
\interspacetitleboxruled=\dimen178
\algocf@ruledwidth=\skip61
\algocf@inoutbox=\box36
\algocf@inputbox=\box37
\AlCapSkip=\skip62
\AlCapHSkip=\skip63
\algoskipindent=\skip64
\algocf@nlbox=\box38
\algocf@hangingbox=\box39
\algocf@untilbox=\box40
\algocf@skipuntil=\skip65
\algocf@capbox=\box41
\algoheightruledefault=\skip66
\algoheightrule=\skip67
\algotitleheightruledefault=\skip68
\algotitleheightrule=\skip69
\c@algocfline=\count126
\c@algocfproc=\count127
\c@algocf=\count128
\algocf@algoframe=\box42
\algocf@algobox=\box43
) (/usr/share/texlive/texmf-dist/tex/latex/xcolor/xcolor.sty
Package: xcolor 2016/05/11 v2.12 LaTeX color extensions (UK)

(/usr/share/texlive/texmf-dist/tex/latex/graphics-cfg/color.cfg
File: color.cfg 2016/01/02 v1.6 sample color configuration
)
Package xcolor Info: Driver file: luatex.def on input line 225.
LaTeX Info: Redefining \color on input line 709.
Package xcolor Info: Model `cmy' substituted by `cmy0' on input line 1348.
Package xcolor Info: Model `hsb' substituted by `rgb' on input line 1352.
Package xcolor Info: Model `RGB' extended on input line 1364.
Package xcolor Info: Model `HTML' substituted by `rgb' on input line 1366.
Package xcolor Info: Model `Hsb' substituted by `hsb' on input line 1367.
Package xcolor Info: Model `tHsb' substituted by `hsb' on input line 1368.
Package xcolor Info: Model `HSB' substituted by `hsb' on input line 1369.
Package xcolor Info: Model `Gray' substituted by `gray' on input line 1370.
Package xcolor Info: Model `wave' substituted by `hsb' on input line 1371.
)
(/home/aghiles/Aghiles/Redaction/3/paper/bin/paper.aux)
\openout1 = paper.aux

LaTeX Font Info:    Checking defaults for OML/cmm/m/it on input line 71.
LaTeX Font Info:    ... okay on input line 71.
LaTeX Font Info:    Checking defaults for T1/cmr/m/n on input line 71.
LaTeX Font Info:    ... okay on input line 71.
LaTeX Font Info:    Checking defaults for OT1/cmr/m/n on input line 71.
LaTeX Font Info:    ... okay on input line 71.
LaTeX Font Info:    Checking defaults for OMS/cmsy/m/n on input line 71.
LaTeX Font Info:    ... okay on input line 71.
LaTeX Font Info:    Checking defaults for TU/lmr/m/n on input line 71.
LaTeX Font Info:    ... okay on input line 71.
LaTeX Font Info:    Checking defaults for OMX/cmex/m/n on input line 71.
LaTeX Font Info:    ... okay on input line 71.
LaTeX Font Info:    Checking defaults for U/cmr/m/n on input line 71.
LaTeX Font Info:    ... okay on input line 71.

-- Lines per column: 56 (approximate, difference = 7.33757pt).
*geometry* driver: auto-detecting
*geometry* detected driver: pdftex
*geometry* verbose mode - [ preamble ] result:
* driver: pdftex
* paper: custom
* layout: <same size as paper>
* layoutoffset:(h,v)=(0.0pt,0.0pt)
* modes: 
* h-part:(L,W,R)=(54.2025pt, 505.89pt, 54.2025pt)
* v-part:(T,H,B)=(57.81621pt, 679.33757pt, 57.81621pt)
* \paperwidth=614.295pt
* \paperheight=794.96999pt
* \textwidth=505.89pt
* \textheight=679.33757pt
* \oddsidemargin=-18.06749pt
* \evensidemargin=-18.06749pt
* \topmargin=-45.0214pt
* \headheight=12.0pt
* \headsep=18.56761pt
* \topskip=12.0pt
* \footskip=40.5821pt
* \marginparwidth=20.0pt
* \marginparsep=10.0pt
* \columnsep=12.0pt
* \skip\footins=10.79993pt plus 4.79993pt minus 2.39996pt
* \hoffset=0.0pt
* \voffset=0.0pt
* \mag=1000
* \@twocolumntrue
* \@twosidefalse
* \@mparswitchfalse
* \@reversemarginfalse
* (1in=72.27pt=25.4mm, 1cm=28.453pt)

(/usr/share/texlive/texmf-dist/tex/context/base/mkii/supp-pdf.mkii
[Loading MPS to PDF converter (version 2006.09.02).]
\scratchcounter=\count129
\scratchdimen=\dimen179
\scratchbox=\box44
\nofMPsegments=\count130
\nofMParguments=\count131
\everyMPshowfont=\toks31
\MPscratchCnt=\count132
\MPscratchDim=\dimen180
\MPnumerator=\count133
\makeMPintoPDFobject=\count134
\everyMPtoPDFconversion=\toks32
)
\c@lstlisting=\count135
LaTeX Font Info:    Calculating math sizes for size <11> on input line 124.

Underfull \vbox (badness 2005) has occurred while \output is active []

 [1
Non-PDF special ignored!{/var/lib/texmf/fonts/map/pdftex/updmap/pdftex.map}
Missing character: There is no é (U+00E9) in font ptmr7t!
Missing character: There is no é (U+00E9) in font ptmr7t!
Missing character: There is no é (U+00E9) in font ptmr7t!


]

LaTeX Warning: File `res/CrossRoadModel_V1.eps' not found on input line 330.

Package epstopdf Info: Source file: <res/CrossRoadModel_V1.eps>
(epstopdf)             Output file: <res/CrossRoadModel_V1-eps-converted-to.pdf>

(epstopdf)                    date: 2019-04-02 21:40:43
(epstopdf)                    size: 29569 bytes
(epstopdf)             Command: <repstopdf --outfile=res/CrossRoadModel_V1-eps-c
onverted-to.pdf res/CrossRoadModel_V1.eps>
(epstopdf)             \includegraphics on input line 330.
Package epstopdf Info: Output file is already uptodate.

warning  (file res/CrossRoadModel_V1-eps-converted-to.pdf) (pdf inclusion): PDF 
inclusion: found PDF version '1.7', but at most version '1.5' allowed
<res/CrossRoadModel_V1-eps-converted-to.pdf, id=14, 944.52875pt x 648.4225pt>
File: res/CrossRoadModel_V1-eps-converted-to.pdf Graphic file (type pdf)

<use res/CrossRoadModel_V1-eps-converted-to.pdf>
Package luatex.def Info: res/CrossRoadModel_V1-eps-converted-to.pdf used on inpu
t line 330.
(luatex.def)             Requested size: 252.94499pt x 173.64177pt.

Overfull \hbox (6.0pt too wide) in paragraph at lines 330--331
 [][] 
 []

[2
Missing character: There is no ’ (U+2019) in font ptmr7t!
<./res/CrossRoadModel_V1-eps-converted-to.pdf>]
Package epstopdf Info: Source file: <res/TrafficlightModel.eps>
(epstopdf)                    date: 2019-04-02 21:40:43
(epstopdf)                    size: 8506 bytes
(epstopdf)             Output file: <res/TrafficlightModel-eps-converted-to.pdf>

(epstopdf)                    date: 2019-04-02 21:40:43
(epstopdf)                    size: 4298 bytes
(epstopdf)             Command: <repstopdf --outfile=res/TrafficlightModel-eps-c
onverted-to.pdf res/TrafficlightModel.eps>
(epstopdf)             \includegraphics on input line 379.
Package epstopdf Info: Output file is already uptodate.

warning  (file res/TrafficlightModel-eps-converted-to.pdf) (pdf inclusion): PDF 
inclusion: found PDF version '1.7', but at most version '1.5' allowed
<res/TrafficlightModel-eps-converted-to.pdf, id=39, 404.51125pt x 152.57pt>
File: res/TrafficlightModel-eps-converted-to.pdf Graphic file (type pdf)

<use res/TrafficlightModel-eps-converted-to.pdf>
Package luatex.def Info: res/TrafficlightModel-eps-converted-to.pdf used on inpu
t line 379.
(luatex.def)             Requested size: 325.215pt x 122.66377pt.
Package epstopdf Info: Source file: <res/MiddlewareModel.eps>
(epstopdf)                    date: 2019-04-02 21:40:43
(epstopdf)                    size: 17123 bytes
(epstopdf)             Output file: <res/MiddlewareModel-eps-converted-to.pdf>
(epstopdf)                    date: 2019-04-02 21:40:43
(epstopdf)                    size: 5168 bytes
(epstopdf)             Command: <repstopdf --outfile=res/MiddlewareModel-eps-con
verted-to.pdf res/MiddlewareModel.eps>
(epstopdf)             \includegraphics on input line 386.
Package epstopdf Info: Output file is already uptodate.

warning  (file res/MiddlewareModel-eps-converted-to.pdf) (pdf inclusion): PDF in
clusion: found PDF version '1.7', but at most version '1.5' allowed
<res/MiddlewareModel-eps-converted-to.pdf, id=40, 423.5825pt x 292.09125pt>
File: res/MiddlewareModel-eps-converted-to.pdf Graphic file (type pdf)

<use res/MiddlewareModel-eps-converted-to.pdf>
Package luatex.def Info: res/MiddlewareModel-eps-converted-to.pdf used on input 
line 386.
(luatex.def)             Requested size: 289.07999pt x 199.35034pt.
Package epstopdf Info: Source file: <res/CloudModel.eps>
(epstopdf)                    date: 2019-04-02 21:40:43
(epstopdf)                    size: 6424 bytes
(epstopdf)             Output file: <res/CloudModel-eps-converted-to.pdf>
(epstopdf)                    date: 2019-04-02 21:40:43
(epstopdf)                    size: 3823 bytes
(epstopdf)             Command: <repstopdf --outfile=res/CloudModel-eps-converte
d-to.pdf res/CloudModel.eps>
(epstopdf)             \includegraphics on input line 436.
Package epstopdf Info: Output file is already uptodate.

warning  (file res/CloudModel-eps-converted-to.pdf) (pdf inclusion): PDF inclusi
on: found PDF version '1.7', but at most version '1.5' allowed
<res/CloudModel-eps-converted-to.pdf, id=41, 294.09875pt x 199.74625pt>
File: res/CloudModel-eps-converted-to.pdf Graphic file (type pdf)

<use res/CloudModel-eps-converted-to.pdf>
Package luatex.def Info: res/CloudModel-eps-converted-to.pdf used on input line 
436.
(luatex.def)             Requested size: 231.26378pt x 157.06935pt.
Package epstopdf Info: Source file: <res/ScenarioPaper.eps>
(epstopdf)                    date: 2019-04-02 21:40:43
(epstopdf)                    size: 790082 bytes
(epstopdf)             Output file: <res/ScenarioPaper-eps-converted-to.pdf>
(epstopdf)                    date: 2019-04-02 21:40:43
(epstopdf)                    size: 79930 bytes
(epstopdf)             Command: <repstopdf --outfile=res/ScenarioPaper-eps-conve
rted-to.pdf res/ScenarioPaper.eps>
(epstopdf)             \includegraphics on input line 500.
Package epstopdf Info: Output file is already uptodate.

warning  (file res/ScenarioPaper-eps-converted-to.pdf) (pdf inclusion): PDF incl
usion: found PDF version '1.7', but at most version '1.5' allowed
<res/ScenarioPaper-eps-converted-to.pdf, id=42, 1535.7375pt x 604.2575pt>
File: res/ScenarioPaper-eps-converted-to.pdf Graphic file (type pdf)

<use res/ScenarioPaper-eps-converted-to.pdf>
Package luatex.def Info: res/ScenarioPaper-eps-converted-to.pdf used on input li
ne 500.
(luatex.def)             Requested size: 325.215pt x 127.95815pt.
 [3] [4
Missing character: There is no ’ (U+2019) in font ptmr7t!
<./res/TrafficlightModel-eps-converted-to.pdf><./res/MiddlewareModel-eps-convert
ed-to.pdf><./res/CloudModel-eps-converted-to.pdf>]
<res/ethernetRouter.png, id=66, 294.8616pt x 168.1482pt>
File: res/ethernetRouter.png Graphic file (type png)

<use res/ethernetRouter.png>
Package luatex.def Info: res/ethernetRouter.png used on input line 534.
(luatex.def)             Requested size: 180.67499pt x 103.03206pt.
 [5
Missing character: There is no ’ (U+2019) in font ptmr7t!
<./res/ScenarioPaper-eps-converted-to.pdf><./res/ethernetRouter.png>]
LaTeX Font Info:    Try loading font information for OMS+ptm on input line 619.
 (/usr/share/texlive/texmf-dist/tex/latex/psnfss/omsptm.fd
File: omsptm.fd 
)
LaTeX Font Info:    Font shape `OMS/ptm/m/n' in size <8> not available
(Font)              Font shape `OMS/cmsy/m/n' tried instead on input line 619.
Package epstopdf Info: Source file: <res/distributions_v3.eps>
(epstopdf)                    date: 2019-05-20 22:18:25
(epstopdf)                    size: 45489 bytes
(epstopdf)             Output file: <res/distributions_v3-eps-converted-to.pdf>
(epstopdf)                    date: 2019-05-20 22:18:25
(epstopdf)                    size: 44106 bytes
(epstopdf)             Command: <repstopdf --outfile=res/distributions_v3-eps-co
nverted-to.pdf res/distributions_v3.eps>
(epstopdf)             \includegraphics on input line 669.
Package epstopdf Info: Output file is already uptodate.

warning  (file res/distributions_v3-eps-converted-to.pdf) (pdf inclusion): PDF i
nclusion: found PDF version '1.7', but at most version '1.5' allowed
<res/distributions_v3-eps-converted-to.pdf, id=102, 433.62pt x 433.62pt>
File: res/distributions_v3-eps-converted-to.pdf Graphic file (type pdf)

<use res/distributions_v3-eps-converted-to.pdf>
Package luatex.def Info: res/distributions_v3-eps-converted-to.pdf used on input
 line 669.
(luatex.def)             Requested size: 246.94499pt x 246.94762pt.
Package epstopdf Info: Source file: <res/cdf_v3.eps>
(epstopdf)                    date: 2019-05-20 22:18:25
(epstopdf)                    size: 6732 bytes
(epstopdf)             Output file: <res/cdf_v3-eps-converted-to.pdf>
(epstopdf)                    date: 2019-05-20 22:18:25
(epstopdf)                    size: 11468 bytes
(epstopdf)             Command: <repstopdf --outfile=res/cdf_v3-eps-converted-to
.pdf res/cdf_v3.eps>
(epstopdf)             \includegraphics on input line 722.
Package epstopdf Info: Output file is already uptodate.

warning  (file res/cdf_v3-eps-converted-to.pdf) (pdf inclusion): PDF inclusion: 
found PDF version '1.7', but at most version '1.5' allowed
<res/cdf_v3-eps-converted-to.pdf, id=103, 433.62pt x 433.62pt>
File: res/cdf_v3-eps-converted-to.pdf Graphic file (type pdf)

<use res/cdf_v3-eps-converted-to.pdf>
Package luatex.def Info: res/cdf_v3-eps-converted-to.pdf used on input line 722.

(luatex.def)             Requested size: 252.94499pt x 252.94879pt.

Overfull \hbox (6.0pt too wide) in paragraph at lines 722--723
 [][] 
 []

[6<./res/distributions_v3-eps-converted-to.pdf>]
(/home/aghiles/Aghiles/Redaction/3/paper/bin/paper.bbl [7
Missing character: There is no ’ (U+2019) in font ptmr7t!
<./res/cdf_v3-eps-converted-to.pdf>])

** Conference Paper **
Before submitting the final camera ready copy, remember to:

 1. Manually equalize the lengths of two columns on the last page
 of your paper;

 2. Ensure that any PostScript and/or PDF output post-processing
 uses only Type 1 fonts and that every step in the generation
 process uses the appropriate paper size.

[8
Missing character: There is no ŭ (U+016D) in font ptmr7t!

] (/home/aghiles/Aghiles/Redaction/3/paper/bin/paper.aux))

Here is how much of LuaTeX's memory you used:
 7440 strings out of 494577
 100000,221844 words of node,token memory allocated
 1820 words of node memory still in use:
   5 hlist, 2 vlist, 2 rule, 152 glue, 1 kern, 75 attribute, 61 glue_spec, 75 at
tribute_list, 1 write nodes
   avail lists: 2:912,3:141,4:41,5:443,6:6263,7:1662,8:130,9:446,10:22,11:574
 11000 multiletter control sequences out of 65536+600000
 134 fonts using 8763703 bytes
 42i,18n,35p,1095b,523s stack positions out of 5000i,500n,10000p,200000b,100000s
{/usr/share/texlive/texmf-dist/fonts/enc/dvips/base/8r.enc}</usr/share/texlive/t
exmf-dist/fonts/type1/public/amsfonts/cm/cmmi10.pfb></usr/share/texlive/texmf-di
st/fonts/type1/public/amsfonts/cm/cmmi7.pfb></usr/share/texlive/texmf-dist/fonts
/type1/public/amsfonts/cm/cmmi8.pfb></usr/share/texlive/texmf-dist/fonts/type1/p
ublic/amsfonts/cm/cmr10.pfb></usr/share/texlive/texmf-dist/fonts/type1/public/am
sfonts/cm/cmsy10.pfb></usr/share/texlive/texmf-dist/fonts/type1/public/amsfonts/
cm/cmsy7.pfb></usr/share/texlive/texmf-dist/fonts/type1/public/amsfonts/cm/cmsy8
.pfb></usr/share/texlive/texmf-dist/fonts/type1/urw/times/utmb8a.pfb></usr/share
/texlive/texmf-dist/fonts/type1/urw/times/utmbi8a.pfb></usr/share/texlive/texmf-
dist/fonts/type1/urw/times/utmr8a.pfb></usr/share/texlive/texmf-dist/fonts/type1
/urw/times/utmri8a.pfb>
Output written on paper.pdf (8 pages, 641139 bytes).

PDF statistics: 176 PDF objects out of 1000 (max. 8388607)
 107 compressed objects within 2 object streams
 0 named destinations out of 1000 (max. 131072)
 1 words of extra memory for PDF output out of 10000 (max. 10000000)

